[11:57:45] ========================================
Peer 9 started just right now
===================================================
[11:57:45] You have entered the torrent
[11:57:45] I am informing the tracker that I am still alive.
[11:58:10] I am informing the tracker that I am still alive.
[11:58:35] I am informing the tracker that I am still alive.
[11:58:40] You are now DOWNLOADING the file CHAP5.pdf
[11:58:40] You are going to download the file CHAP5.pdf from [2, 1, 8]
[11:58:40] The size of the file CHAP5.pdf is 6389067 bytes
[11:58:40] I sent request for a chunk of file CHAP5.pdf to peer 2
[11:58:40] I sent request for a chunk of file CHAP5.pdf to peer 1
[11:58:40] I sent request for a chunk of file CHAP5.pdf to peer 8
[11:58:41] All chunks of file CHAP5.pdf have been downloaded, but they must be REASSEMBLED
[11:58:41] All chunks of file CHAP5.pdf have been SORTED, they are almost ready to be REASSEMBLED
[11:58:41] The file CHAP5.pdf has been downloaded and saved
[11:59:00] I am informing the tracker that I am still alive.
[11:59:25] I am informing the tracker that I am still alive.
[11:59:31] You are now DOWNLOADING the file v.mkv
[11:59:31] You are going to download the file v.mkv from [2, 1]
[11:59:50] I am informing the tracker that I am still alive.
[12:05:38] ========================================
Peer 9 started just right now
===================================================
[12:05:38] You have entered the torrent
[12:05:38] I am informing the tracker that I am still alive.
[12:06:03] I am informing the tracker that I am still alive.
[12:06:28] I am informing the tracker that I am still alive.
[12:28:53] ========================================
Peer 9 started just right now
===================================================
[12:28:53] You have entered the torrent
[12:28:53] I am informing the tracker that I am still alive.
[12:29:21] You are now DOWNLOADING the file v.mkv
[12:29:21] You are going to download the file v.mkv from [1]
[12:29:21] The size of the file v.mkv is 1548103894 bytes
[12:29:21] I sent request for a chunk of file v.mkv to peer 1
[12:29:23] I am informing the tracker that I am still alive.
[16:30:39] ========================================
Peer 9 started just right now
===================================================
[16:30:39] You have entered the torrent
[16:32:46] ========================================
Peer 9 started just right now
===================================================
[16:32:46] You have entered the torrent
[16:33:29] You are now DOWNLOADING the file t.mkv
[16:33:29] You are going to download the file t.mkv from [1]
[16:33:29] The size of the file t.mkv is 50861580 bytes
[16:36:18] ========================================
Peer 9 started just right now
===================================================
[16:36:18] You have entered the torrent
[16:36:19] You are now DOWNLOADING the file t.mkv
[16:36:19] No other peer has the file t.mkv
[16:36:22] ========================================
Peer 9 started just right now
===================================================
[16:36:22] You have entered the torrent
[16:36:23] You are now DOWNLOADING the file t.mkv
[16:36:23] No other peer has the file t.mkv
[16:36:31] ========================================
Peer 9 started just right now
===================================================
[16:36:31] You have entered the torrent
[16:36:32] You are now DOWNLOADING the file t.mkv
[16:36:32] No other peer has the file t.mkv
[16:36:43] ========================================
Peer 9 started just right now
===================================================
[16:36:43] You have entered the torrent
[16:36:44] You are now DOWNLOADING the file t.mkv
[16:36:44] No other peer has the file t.mkv
[16:36:50] ========================================
Peer 9 started just right now
===================================================
[16:36:50] You have entered the torrent
[16:37:30] You are now DOWNLOADING the file t.mkv
[16:37:30] You are going to download the file t.mkv from [1]
[16:37:30] The size of the file t.mkv is 50861580 bytes
[16:37:40] All chunks of file t.mkv have been downloaded, but they must be REASSEMBLED
[16:37:40] All chunks of file t.mkv have been SORTED, they are almost ready to be REASSEMBLED
[16:37:40] The file t.mkv has been downloaded and saved
[16:43:35] ========================================
Peer 9 started just right now
===================================================
[16:43:35] You have entered the torrent
[16:44:03] You are now DOWNLOADING the file sach.pdf
[16:44:03] You are going to download the file sach.pdf from [4]
[16:44:03] The size of the file sach.pdf is 25479162 bytes
[16:46:08] ========================================
Peer 9 started just right now
===================================================
[16:46:08] You have entered the torrent
