[13:52:08] ========================================
Peer 10 started just right now
===================================================
[13:52:08] You have entered the torrent
[13:52:08] I am informing the tracker that I am still alive.
[13:52:38] I am informing the tracker that I am still alive.
[13:53:08] I am informing the tracker that I am still alive.
[13:53:36] You are now DOWNLOADING the file v.mkv
[13:53:36] You are going to download the file v.mkv from [1, 2]
[13:53:36] The size of the file v.mkv is 1548103894 bytes
[13:53:36] I sent request for a chunk of file v.mkv to peer 1
[13:53:36] I sent request for a chunk of file v.mkv to peer 2
[13:53:38] I am informing the tracker that I am still alive.
[13:54:08] I am informing the tracker that I am still alive.
[13:54:38] I am informing the tracker that I am still alive.
[13:55:08] I am informing the tracker that I am still alive.
[13:55:38] I am informing the tracker that I am still alive.
[13:56:08] I am informing the tracker that I am still alive.
[13:56:38] I am informing the tracker that I am still alive.
[13:57:08] I am informing the tracker that I am still alive.
[13:57:38] I am informing the tracker that I am still alive.
[13:58:08] I am informing the tracker that I am still alive.
[13:58:38] I am informing the tracker that I am still alive.
[13:59:08] I am informing the tracker that I am still alive.
[13:59:38] I am informing the tracker that I am still alive.
[14:00:08] I am informing the tracker that I am still alive.
[14:00:38] I am informing the tracker that I am still alive.
[14:01:15] I am informing the tracker that I am still alive.
[14:01:38] I am informing the tracker that I am still alive.
[14:02:08] I am informing the tracker that I am still alive.
[14:02:38] I am informing the tracker that I am still alive.
[14:03:08] I am informing the tracker that I am still alive.
[14:03:38] I am informing the tracker that I am still alive.
[14:04:08] I am informing the tracker that I am still alive.
[14:04:38] I am informing the tracker that I am still alive.
[14:05:08] I am informing the tracker that I am still alive.
[14:05:38] I am informing the tracker that I am still alive.
[14:06:08] I am informing the tracker that I am still alive.
[14:06:38] I am informing the tracker that I am still alive.
[14:07:08] I am informing the tracker that I am still alive.
[14:07:38] I am informing the tracker that I am still alive.
[14:08:08] I am informing the tracker that I am still alive.
[14:08:38] I am informing the tracker that I am still alive.
[14:09:08] I am informing the tracker that I am still alive.
[14:09:38] I am informing the tracker that I am still alive.
[14:10:08] I am informing the tracker that I am still alive.
[14:10:38] I am informing the tracker that I am still alive.
[17:00:48] ========================================
Peer 10 started just right now
===================================================
[17:00:48] You have entered the torrent
[17:00:58] You are now DOWNLOADING the file CHAP5.pdf
[17:00:58] You are going to download the file CHAP5.pdf from [1, 4]
[17:00:58] The size of the file CHAP5.pdf is 6389067 bytes
[17:01:03] All chunks of file CHAP5.pdf have been downloaded, but they must be REASSEMBLED
[17:01:03] All chunks of file CHAP5.pdf have been SORTED, they are almost ready to be REASSEMBLED
[17:01:03] The file CHAP5.pdf has been downloaded and saved
