[00:15:26] ========================================
Peer 4 started just right now
===================================================
[00:15:26] You have entered the torrent
[00:15:26] I am informing the tracker that I am still alive.
[00:15:40] You have asked the tracker to SCRAPE the file VID1.mkv
[00:18:15] ========================================
Peer 4 started just right now
===================================================
[00:18:15] You have entered the torrent
[00:18:15] I am informing the tracker that I am still alive.
[00:18:19] You have asked the tracker to SCRAPE the file VID1.mkv
[00:18:35] I am informing the tracker that I am still alive.
[00:18:55] I am informing the tracker that I am still alive.
[00:20:02] ========================================
Peer 4 started just right now
===================================================
[00:20:02] You have entered the torrent
[00:20:02] I am informing the tracker that I am still alive.
[00:20:05] You have asked the tracker to SCRAPE the file VID1.mkv
[00:20:05] Scrape results for file VID1.mkv: Number of seeders: 1, Number of leechers: 0
[00:20:22] I am informing the tracker that I am still alive.
[00:20:42] I am informing the tracker that I am still alive.
[00:21:02] I am informing the tracker that I am still alive.
[00:21:22] I am informing the tracker that I am still alive.
[00:21:42] I am informing the tracker that I am still alive.
[00:22:02] I am informing the tracker that I am still alive.
[00:22:22] I am informing the tracker that I am still alive.
[00:22:42] I am informing the tracker that I am still alive.
[00:23:02] I am informing the tracker that I am still alive.
[00:23:22] I am informing the tracker that I am still alive.
[00:23:42] I am informing the tracker that I am still alive.
[00:24:02] I am informing the tracker that I am still alive.
[00:24:22] I am informing the tracker that I am still alive.
[00:24:42] I am informing the tracker that I am still alive.
[00:25:02] I am informing the tracker that I am still alive.
[00:25:22] I am informing the tracker that I am still alive.
[00:25:42] I am informing the tracker that I am still alive.
[16:36:30] ========================================
Peer 4 started just right now
===================================================
[16:36:30] You have entered the torrent
[16:36:30] I am informing the tracker that I am still alive.
[16:37:00] You are now DOWNLOADING the file ASS1.pdf
[16:37:00] You are going to download the file ASS1.pdf from [2, 1]
[16:37:00] The size of the file ASS1.pdf is 209095 bytes
[16:37:00] All chunks of file ASS1.pdf have been downloaded, but they must be REASSEMBLED
[16:37:00] All chunks of file ASS1.pdf have been SORTED, they are almost ready to be REASSEMBLED
[16:37:00] The file ASS1.pdf has been downloaded and saved
[16:37:00] I am informing the tracker that I am still alive.
[16:38:32] ========================================
Peer 4 started just right now
===================================================
[16:38:32] You have entered the torrent
[16:38:32] I am informing the tracker that I am still alive.
[16:38:50] You are now DOWNLOADING the file v.mkv
[16:38:50] You are going to download the file v.mkv from [1, 2]
[16:38:50] The size of the file v.mkv is 1548103894 bytes
[16:39:02] I am informing the tracker that I am still alive.
[16:39:32] I am informing the tracker that I am still alive.
[16:40:02] I am informing the tracker that I am still alive.
[14:32:02] ========================================
Peer 4 started just right now
===================================================
[14:32:02] You have entered the torrent
[14:32:02] I am informing the tracker that I am still alive.
[14:32:08] You are now in SEND mode
[14:32:10] Peer 4 has sent all chunks to peer 2
[14:32:11] Peer 4 has sent all chunks to peer 2
[14:32:11] Peer 4 has sent all chunks to peer 2
[14:32:12] Peer 4 has sent all chunks to peer 2
[14:32:12] Peer 4 has sent all chunks to peer 2
[14:32:13] Peer 4 has sent all chunks to peer 2
[14:32:14] Peer 4 has sent all chunks to peer 2
[14:32:14] Peer 4 has sent all chunks to peer 2
[14:32:15] Peer 4 has sent all chunks to peer 2
[14:32:16] Peer 4 has sent all chunks to peer 2
[14:32:16] Peer 4 has sent all chunks to peer 2
[14:32:17] Peer 4 has sent all chunks to peer 2
[14:32:17] Peer 4 has sent all chunks to peer 2
[14:32:18] Peer 4 has sent all chunks to peer 2
[14:32:19] Peer 4 has sent all chunks to peer 2
[14:32:19] Peer 4 has sent all chunks to peer 2
[14:32:20] Peer 4 has sent all chunks to peer 2
[14:32:20] Peer 4 has sent all chunks to peer 2
[14:32:21] Peer 4 has sent all chunks to peer 2
[14:32:21] Peer 4 has sent all chunks to peer 2
[14:32:22] Peer 4 has sent all chunks to peer 2
[14:32:23] Peer 4 has sent all chunks to peer 2
[14:32:23] Peer 4 has sent all chunks to peer 2
[14:32:24] Peer 4 has sent all chunks to peer 2
[14:32:24] Peer 4 has sent all chunks to peer 2
[14:32:25] Peer 4 has sent all chunks to peer 2
[14:32:25] Peer 4 has sent all chunks to peer 2
[14:32:26] Peer 4 has sent all chunks to peer 2
[14:32:27] Peer 4 has sent all chunks to peer 2
[14:32:28] Peer 4 has sent all chunks to peer 2
[14:32:29] Peer 4 has sent all chunks to peer 2
[14:32:30] Peer 4 has sent all chunks to peer 2
[14:32:30] Peer 4 has sent all chunks to peer 2
[14:32:31] Peer 4 has sent all chunks to peer 2
[14:32:32] I am informing the tracker that I am still alive.
[14:32:32] Peer 4 has sent all chunks to peer 2
[14:32:33] Peer 4 has sent all chunks to peer 2
[14:32:34] Peer 4 has sent all chunks to peer 2
[14:32:34] Peer 4 has sent all chunks to peer 2
[14:32:35] Peer 4 has sent all chunks to peer 2
[14:32:36] Peer 4 has sent all chunks to peer 2
[14:32:37] Peer 4 has sent all chunks to peer 2
[14:32:38] Peer 4 has sent all chunks to peer 2
[14:32:38] Peer 4 has sent all chunks to peer 2
[14:32:39] Peer 4 has sent all chunks to peer 2
[14:32:40] Peer 4 has sent all chunks to peer 2
[14:32:40] Peer 4 has sent all chunks to peer 2
[14:32:42] Peer 4 has sent all chunks to peer 2
[14:32:42] Peer 4 has sent all chunks to peer 2
[14:32:43] Peer 4 has sent all chunks to peer 2
[14:32:44] Peer 4 has sent all chunks to peer 2
[14:32:45] Peer 4 has sent all chunks to peer 2
[14:32:45] Peer 4 has sent all chunks to peer 2
[14:32:46] Peer 4 has sent all chunks to peer 2
[14:32:46] Peer 4 has sent all chunks to peer 2
[14:32:47] Peer 4 has sent all chunks to peer 2
[14:32:47] Peer 4 has sent all chunks to peer 2
[14:32:48] Peer 4 has sent all chunks to peer 2
[14:32:49] Peer 4 has sent all chunks to peer 2
[14:32:49] Peer 4 has sent all chunks to peer 2
[14:32:50] Peer 4 has sent all chunks to peer 2
[14:32:50] Peer 4 has sent all chunks to peer 2
[14:32:51] Peer 4 has sent all chunks to peer 2
[14:32:52] Peer 4 has sent all chunks to peer 2
[14:32:52] Peer 4 has sent all chunks to peer 2
[14:32:53] Peer 4 has sent all chunks to peer 2
[14:32:53] Peer 4 has sent all chunks to peer 2
[14:32:54] Peer 4 has sent all chunks to peer 2
[14:32:55] Peer 4 has sent all chunks to peer 2
[14:32:55] Peer 4 has sent all chunks to peer 2
[14:32:56] Peer 4 has sent all chunks to peer 2
[14:32:56] Peer 4 has sent all chunks to peer 2
[14:32:57] Peer 4 has sent all chunks to peer 2
[14:32:57] Peer 4 has sent all chunks to peer 2
[14:32:58] Peer 4 has sent all chunks to peer 2
[14:32:58] Peer 4 has sent all chunks to peer 2
[14:32:59] Peer 4 has sent all chunks to peer 2
[14:33:00] Peer 4 has sent all chunks to peer 2
[14:33:00] Peer 4 has sent all chunks to peer 2
[14:33:01] Peer 4 has sent all chunks to peer 2
[14:33:01] Peer 4 has sent all chunks to peer 2
[14:33:02] I am informing the tracker that I am still alive.
[14:33:02] Peer 4 has sent all chunks to peer 2
[14:33:03] Peer 4 has sent all chunks to peer 2
[14:33:03] Peer 4 has sent all chunks to peer 2
[14:33:04] Peer 4 has sent all chunks to peer 2
[14:33:04] Peer 4 has sent all chunks to peer 2
[14:33:05] Peer 4 has sent all chunks to peer 2
[14:33:05] Peer 4 has sent all chunks to peer 2
[14:33:06] Peer 4 has sent all chunks to peer 2
[14:33:06] Peer 4 has sent all chunks to peer 2
[14:33:07] Peer 4 has sent all chunks to peer 2
[14:33:08] Peer 4 has sent all chunks to peer 2
[14:33:08] Peer 4 has sent all chunks to peer 2
[14:33:09] Peer 4 has sent all chunks to peer 2
[14:33:09] Peer 4 has sent all chunks to peer 2
[14:33:10] Peer 4 has sent all chunks to peer 2
[14:33:11] Peer 4 has sent all chunks to peer 2
[14:33:11] Peer 4 has sent all chunks to peer 2
[14:33:12] Peer 4 has sent all chunks to peer 2
[14:33:12] Peer 4 has sent all chunks to peer 2
[14:33:13] Peer 4 has sent all chunks to peer 2
[14:33:14] Peer 4 has sent all chunks to peer 2
[14:33:14] Peer 4 has sent all chunks to peer 2
[14:33:15] Peer 4 has sent all chunks to peer 2
[14:33:15] Peer 4 has sent all chunks to peer 2
[14:33:16] Peer 4 has sent all chunks to peer 2
[14:33:17] Peer 4 has sent all chunks to peer 2
[14:33:17] Peer 4 has sent all chunks to peer 2
[14:33:18] Peer 4 has sent all chunks to peer 2
[14:33:18] Peer 4 has sent all chunks to peer 2
[14:33:19] Peer 4 has sent all chunks to peer 2
[14:33:20] Peer 4 has sent all chunks to peer 2
[14:33:20] Peer 4 has sent all chunks to peer 2
[14:33:21] Peer 4 has sent all chunks to peer 2
[14:33:21] Peer 4 has sent all chunks to peer 2
[14:33:22] Peer 4 has sent all chunks to peer 2
[14:33:22] Peer 4 has sent all chunks to peer 2
[14:33:23] Peer 4 has sent all chunks to peer 2
[14:33:24] Peer 4 has sent all chunks to peer 2
[14:33:24] Peer 4 has sent all chunks to peer 2
[14:33:25] Peer 4 has sent all chunks to peer 2
[14:33:25] Peer 4 has sent all chunks to peer 2
[14:33:26] Peer 4 has sent all chunks to peer 2
[14:33:26] Peer 4 has sent all chunks to peer 2
[14:33:27] Peer 4 has sent all chunks to peer 2
[14:33:28] Peer 4 has sent all chunks to peer 2
[14:33:28] Peer 4 has sent all chunks to peer 2
[14:33:29] Peer 4 has sent all chunks to peer 2
[14:33:32] I am informing the tracker that I am still alive.
[15:53:24] ========================================
Peer 4 started just right now
===================================================
[15:53:24] You have entered the torrent
[15:53:24] I am informing the tracker that I am still alive.
[15:53:25] You are now in SEND mode
[20:16:50] ========================================
Peer 4 started just right now
===================================================
[20:16:50] You have entered the torrent
[20:16:50] I am informing the tracker that I am still alive.
[20:16:58] You don't own the file l.pdf
[15:03:10] ========================================
Peer 4 started just right now
===================================================
[15:03:10] You have entered the torrent
[15:03:10] I am informing the tracker that I am still alive.
[15:03:15] I am informing the tracker that I am still alive.
[15:03:16] You are now in SEND mode
[15:03:20] I am informing the tracker that I am still alive.
[15:03:20] Peer 4 has sent all chunks to peer 2
[15:03:21] Peer 4 has sent all chunks to peer 2
[15:03:21] Peer 4 has sent all chunks to peer 2
[15:03:22] Peer 4 has sent all chunks to peer 2
[15:03:23] Peer 4 has sent all chunks to peer 2
[15:03:23] Peer 4 has sent all chunks to peer 2
[15:03:24] Peer 4 has sent all chunks to peer 2
[15:03:24] Peer 4 has sent all chunks to peer 2
[15:03:25] Peer 4 has sent all chunks to peer 2
[15:03:25] I am informing the tracker that I am still alive.
[15:03:25] Peer 4 has sent all chunks to peer 2
[15:03:26] Peer 4 has sent all chunks to peer 2
[15:03:26] Peer 4 has sent all chunks to peer 2
[15:03:26] Peer 4 has sent all chunks to peer 2
[15:03:27] Peer 4 has sent all chunks to peer 2
[15:03:27] Peer 4 has sent all chunks to peer 2
[15:03:28] Peer 4 has sent all chunks to peer 2
[15:03:28] Peer 4 has sent all chunks to peer 2
[15:03:29] Peer 4 has sent all chunks to peer 2
[15:03:29] Peer 4 has sent all chunks to peer 2
[15:03:30] Peer 4 has sent all chunks to peer 2
[15:03:30] I am informing the tracker that I am still alive.
[15:03:30] Peer 4 has sent all chunks to peer 2
[15:03:31] Peer 4 has sent all chunks to peer 2
[15:03:31] Peer 4 has sent all chunks to peer 2
[15:03:32] Peer 4 has sent all chunks to peer 2
[15:03:32] Peer 4 has sent all chunks to peer 2
[15:03:33] Peer 4 has sent all chunks to peer 2
[15:03:34] Peer 4 has sent all chunks to peer 2
[15:03:34] Peer 4 has sent all chunks to peer 2
[15:03:34] Peer 4 has sent all chunks to peer 2
[15:03:35] Peer 4 has sent all chunks to peer 2
[15:03:35] I am informing the tracker that I am still alive.
[15:03:36] Peer 4 has sent all chunks to peer 2
[15:03:36] Peer 4 has sent all chunks to peer 2
[15:03:37] Peer 4 has sent all chunks to peer 2
[15:03:37] Peer 4 has sent all chunks to peer 2
[15:03:38] Peer 4 has sent all chunks to peer 2
[15:03:38] Peer 4 has sent all chunks to peer 2
[15:03:39] Peer 4 has sent all chunks to peer 2
[15:03:39] Peer 4 has sent all chunks to peer 2
[15:03:40] Peer 4 has sent all chunks to peer 2
[15:03:40] I am informing the tracker that I am still alive.
[15:03:40] Peer 4 has sent all chunks to peer 2
[15:03:41] Peer 4 has sent all chunks to peer 2
[15:03:42] Peer 4 has sent all chunks to peer 2
[15:03:43] Peer 4 has sent all chunks to peer 2
[15:03:44] Peer 4 has sent all chunks to peer 2
[15:03:45] I am informing the tracker that I am still alive.
[15:03:50] I am informing the tracker that I am still alive.
[15:03:55] I am informing the tracker that I am still alive.
[15:04:00] I am informing the tracker that I am still alive.
[15:04:05] I am informing the tracker that I am still alive.
[15:04:10] I am informing the tracker that I am still alive.
[15:04:15] I am informing the tracker that I am still alive.
[15:04:20] I am informing the tracker that I am still alive.
[15:04:25] I am informing the tracker that I am still alive.
[15:04:30] I am informing the tracker that I am still alive.
[15:04:35] I am informing the tracker that I am still alive.
[15:04:40] I am informing the tracker that I am still alive.
[15:05:27] ========================================
Peer 4 started just right now
===================================================
[15:05:27] You have entered the torrent
[15:05:27] I am informing the tracker that I am still alive.
[15:05:29] You are now in SEND mode
[15:05:31] Peer 4 has sent all chunks to peer 2
[15:05:32] Peer 4 has sent all chunks to peer 2
[15:05:32] I am informing the tracker that I am still alive.
[15:05:33] Peer 4 has sent all chunks to peer 2
[15:05:33] Peer 4 has sent all chunks to peer 2
[15:05:34] Peer 4 has sent all chunks to peer 2
[15:05:34] Peer 4 has sent all chunks to peer 2
[15:05:35] Peer 4 has sent all chunks to peer 2
[15:05:36] Peer 4 has sent all chunks to peer 2
[15:05:36] Peer 4 has sent all chunks to peer 2
[15:05:37] Peer 4 has sent all chunks to peer 2
[15:05:37] I am informing the tracker that I am still alive.
[15:05:37] Peer 4 has sent all chunks to peer 2
[15:05:38] Peer 4 has sent all chunks to peer 2
[15:05:38] Peer 4 has sent all chunks to peer 2
[15:05:39] Peer 4 has sent all chunks to peer 2
[15:05:39] Peer 4 has sent all chunks to peer 2
[15:05:40] Peer 4 has sent all chunks to peer 2
[15:05:40] Peer 4 has sent all chunks to peer 2
[15:05:41] Peer 4 has sent all chunks to peer 2
[15:05:41] Peer 4 has sent all chunks to peer 2
[15:05:42] Peer 4 has sent all chunks to peer 2
[15:05:42] Peer 4 has sent all chunks to peer 2
[15:05:42] I am informing the tracker that I am still alive.
[15:05:42] Peer 4 has sent all chunks to peer 2
[15:05:43] Peer 4 has sent all chunks to peer 2
[15:05:43] Peer 4 has sent all chunks to peer 2
[15:05:44] Peer 4 has sent all chunks to peer 2
[15:05:44] Peer 4 has sent all chunks to peer 2
[15:05:45] Peer 4 has sent all chunks to peer 2
[15:05:46] Peer 4 has sent all chunks to peer 2
[15:05:46] Peer 4 has sent all chunks to peer 2
[15:05:47] Peer 4 has sent all chunks to peer 2
[15:05:47] I am informing the tracker that I am still alive.
[15:05:47] Peer 4 has sent all chunks to peer 2
[15:05:48] Peer 4 has sent all chunks to peer 2
[15:05:48] Peer 4 has sent all chunks to peer 2
[15:05:48] Peer 4 has sent all chunks to peer 2
[15:05:49] Peer 4 has sent all chunks to peer 2
[15:05:49] Peer 4 has sent all chunks to peer 2
[15:05:50] Peer 4 has sent all chunks to peer 2
[15:05:50] Peer 4 has sent all chunks to peer 2
[15:05:51] Peer 4 has sent all chunks to peer 2
[15:05:52] Peer 4 has sent all chunks to peer 2
[15:05:52] Peer 4 has sent all chunks to peer 2
[15:05:52] I am informing the tracker that I am still alive.
[15:05:52] Peer 4 has sent all chunks to peer 2
[15:05:53] Peer 4 has sent all chunks to peer 2
[15:05:53] Peer 4 has sent all chunks to peer 2
[15:05:54] Peer 4 has sent all chunks to peer 2
[15:05:54] Peer 4 has sent all chunks to peer 2
[15:05:55] Peer 4 has sent all chunks to peer 2
[15:05:55] Peer 4 has sent all chunks to peer 2
[15:05:56] Peer 4 has sent all chunks to peer 2
[15:05:56] Peer 4 has sent all chunks to peer 2
[15:05:57] Peer 4 has sent all chunks to peer 2
[15:05:57] I am informing the tracker that I am still alive.
[15:05:57] Peer 4 has sent all chunks to peer 2
[15:05:58] Peer 4 has sent all chunks to peer 2
[15:05:58] Peer 4 has sent all chunks to peer 2
[15:05:59] Peer 4 has sent all chunks to peer 2
[15:05:59] Peer 4 has sent all chunks to peer 2
[15:05:59] Peer 4 has sent all chunks to peer 2
[15:06:00] Peer 4 has sent all chunks to peer 2
[15:06:00] Peer 4 has sent all chunks to peer 2
[15:06:01] Peer 4 has sent all chunks to peer 2
[15:06:01] Peer 4 has sent all chunks to peer 2
[15:06:02] Peer 4 has sent all chunks to peer 2
[15:06:02] I am informing the tracker that I am still alive.
[15:06:02] Peer 4 has sent all chunks to peer 2
[15:06:03] Peer 4 has sent all chunks to peer 2
[15:06:04] Peer 4 has sent all chunks to peer 2
[15:06:04] Peer 4 has sent all chunks to peer 2
[15:06:05] Peer 4 has sent all chunks to peer 2
[15:06:06] Peer 4 has sent all chunks to peer 2
[15:06:06] Peer 4 has sent all chunks to peer 2
[15:06:07] Peer 4 has sent all chunks to peer 2
[15:06:07] I am informing the tracker that I am still alive.
[15:06:07] Peer 4 has sent all chunks to peer 2
[15:06:08] Peer 4 has sent all chunks to peer 2
[15:06:08] Peer 4 has sent all chunks to peer 2
[15:06:09] Peer 4 has sent all chunks to peer 2
[15:06:09] Peer 4 has sent all chunks to peer 2
[15:06:10] Peer 4 has sent all chunks to peer 2
[15:06:10] Peer 4 has sent all chunks to peer 2
[15:06:11] Peer 4 has sent all chunks to peer 2
[15:06:11] Peer 4 has sent all chunks to peer 2
[15:06:12] Peer 4 has sent all chunks to peer 2
[15:06:12] I am informing the tracker that I am still alive.
[15:06:12] Peer 4 has sent all chunks to peer 2
[15:06:13] Peer 4 has sent all chunks to peer 2
[15:06:13] Peer 4 has sent all chunks to peer 2
[15:06:14] Peer 4 has sent all chunks to peer 2
[15:06:14] Peer 4 has sent all chunks to peer 2
[15:06:15] Peer 4 has sent all chunks to peer 2
[15:06:15] Peer 4 has sent all chunks to peer 2
[15:06:16] Peer 4 has sent all chunks to peer 2
[15:06:16] Peer 4 has sent all chunks to peer 2
[15:06:17] Peer 4 has sent all chunks to peer 2
[15:06:17] I am informing the tracker that I am still alive.
[15:06:17] Peer 4 has sent all chunks to peer 2
[15:06:18] Peer 4 has sent all chunks to peer 2
[15:06:18] Peer 4 has sent all chunks to peer 2
[15:06:19] Peer 4 has sent all chunks to peer 2
[15:06:19] Peer 4 has sent all chunks to peer 2
[15:06:20] Peer 4 has sent all chunks to peer 2
[15:06:20] Peer 4 has sent all chunks to peer 2
[15:06:21] Peer 4 has sent all chunks to peer 2
[15:06:21] Peer 4 has sent all chunks to peer 2
[15:06:22] Peer 4 has sent all chunks to peer 2
[15:06:22] I am informing the tracker that I am still alive.
[15:06:22] Peer 4 has sent all chunks to peer 2
[15:06:23] Peer 4 has sent all chunks to peer 2
[15:06:23] Peer 4 has sent all chunks to peer 2
[15:06:24] Peer 4 has sent all chunks to peer 2
[15:06:24] Peer 4 has sent all chunks to peer 2
[15:06:25] Peer 4 has sent all chunks to peer 2
[15:06:25] Peer 4 has sent all chunks to peer 2
[15:06:26] Peer 4 has sent all chunks to peer 2
[15:06:26] Peer 4 has sent all chunks to peer 2
[15:06:27] Peer 4 has sent all chunks to peer 2
[15:06:27] I am informing the tracker that I am still alive.
[15:06:27] Peer 4 has sent all chunks to peer 2
[15:06:28] Peer 4 has sent all chunks to peer 2
[15:06:28] Peer 4 has sent all chunks to peer 2
[15:06:29] Peer 4 has sent all chunks to peer 2
[15:06:29] Peer 4 has sent all chunks to peer 2
[15:06:30] Peer 4 has sent all chunks to peer 2
[15:06:30] Peer 4 has sent all chunks to peer 2
[15:06:31] Peer 4 has sent all chunks to peer 2
[15:06:31] Peer 4 has sent all chunks to peer 2
[15:06:32] Peer 4 has sent all chunks to peer 2
[15:06:32] I am informing the tracker that I am still alive.
[15:06:33] Peer 4 has sent all chunks to peer 2
[15:06:33] Peer 4 has sent all chunks to peer 2
[15:06:34] Peer 4 has sent all chunks to peer 2
[15:06:34] Peer 4 has sent all chunks to peer 2
[15:06:35] Peer 4 has sent all chunks to peer 2
[15:06:35] Peer 4 has sent all chunks to peer 2
[15:06:36] Peer 4 has sent all chunks to peer 2
[15:06:36] Peer 4 has sent all chunks to peer 2
[15:06:36] Peer 4 has sent all chunks to peer 2
[15:06:37] Peer 4 has sent all chunks to peer 2
[15:06:37] I am informing the tracker that I am still alive.
[15:06:37] Peer 4 has sent all chunks to peer 2
[15:06:38] Peer 4 has sent all chunks to peer 2
[15:06:38] Peer 4 has sent all chunks to peer 2
[15:06:39] Peer 4 has sent all chunks to peer 2
[15:06:39] Peer 4 has sent all chunks to peer 2
[15:06:39] Peer 4 has sent all chunks to peer 2
[15:06:40] Peer 4 has sent all chunks to peer 2
[15:06:40] Peer 4 has sent all chunks to peer 2
[15:06:41] Peer 4 has sent all chunks to peer 2
[15:06:41] Peer 4 has sent all chunks to peer 2
[15:06:42] Peer 4 has sent all chunks to peer 2
[15:06:42] I am informing the tracker that I am still alive.
[15:06:42] Peer 4 has sent all chunks to peer 2
[15:06:42] Peer 4 has sent all chunks to peer 2
[15:06:43] Peer 4 has sent all chunks to peer 2
[15:06:43] Peer 4 has sent all chunks to peer 2
[15:06:44] Peer 4 has sent all chunks to peer 2
[15:06:44] Peer 4 has sent all chunks to peer 2
[15:06:45] Peer 4 has sent all chunks to peer 2
[15:06:45] Peer 4 has sent all chunks to peer 2
[15:06:46] Peer 4 has sent all chunks to peer 2
[15:06:46] Peer 4 has sent all chunks to peer 2
[15:06:46] Peer 4 has sent all chunks to peer 2
[15:06:47] Peer 4 has sent all chunks to peer 2
[15:06:47] I am informing the tracker that I am still alive.
[15:06:47] Peer 4 has sent all chunks to peer 2
[15:06:48] Peer 4 has sent all chunks to peer 2
[15:06:48] Peer 4 has sent all chunks to peer 2
[15:06:49] Peer 4 has sent all chunks to peer 2
[15:06:49] Peer 4 has sent all chunks to peer 2
[15:06:49] Peer 4 has sent all chunks to peer 2
[15:06:50] Peer 4 has sent all chunks to peer 2
[15:06:50] Peer 4 has sent all chunks to peer 2
[15:06:51] Peer 4 has sent all chunks to peer 2
[15:06:51] Peer 4 has sent all chunks to peer 2
[15:06:52] Peer 4 has sent all chunks to peer 2
[15:06:52] I am informing the tracker that I am still alive.
[15:06:52] Peer 4 has sent all chunks to peer 2
[15:06:53] Peer 4 has sent all chunks to peer 2
[15:06:53] Peer 4 has sent all chunks to peer 2
[15:06:54] Peer 4 has sent all chunks to peer 2
[15:06:54] Peer 4 has sent all chunks to peer 2
[15:06:55] Peer 4 has sent all chunks to peer 2
[15:06:55] Peer 4 has sent all chunks to peer 2
[15:06:56] Peer 4 has sent all chunks to peer 2
[15:06:56] Peer 4 has sent all chunks to peer 2
[15:06:57] Peer 4 has sent all chunks to peer 2
[15:06:57] I am informing the tracker that I am still alive.
[15:06:57] Peer 4 has sent all chunks to peer 2
[15:06:58] Peer 4 has sent all chunks to peer 2
[15:06:58] Peer 4 has sent all chunks to peer 2
[15:06:58] Peer 4 has sent all chunks to peer 2
[15:06:59] Peer 4 has sent all chunks to peer 2
[15:06:59] Peer 4 has sent all chunks to peer 2
[15:07:00] Peer 4 has sent all chunks to peer 2
[15:07:00] Peer 4 has sent all chunks to peer 2
[15:07:01] Peer 4 has sent all chunks to peer 2
[15:07:01] Peer 4 has sent all chunks to peer 2
[15:07:01] Peer 4 has sent all chunks to peer 2
[15:07:02] Peer 4 has sent all chunks to peer 2
[15:07:02] I am informing the tracker that I am still alive.
[15:07:02] Peer 4 has sent all chunks to peer 2
[15:07:03] Peer 4 has sent all chunks to peer 2
[15:07:03] Peer 4 has sent all chunks to peer 2
[15:07:04] Peer 4 has sent all chunks to peer 2
[15:07:04] Peer 4 has sent all chunks to peer 2
[15:07:05] Peer 4 has sent all chunks to peer 2
[15:07:05] Peer 4 has sent all chunks to peer 2
[15:07:06] Peer 4 has sent all chunks to peer 2
[15:07:06] Peer 4 has sent all chunks to peer 2
[15:07:06] Peer 4 has sent all chunks to peer 2
[15:07:07] Peer 4 has sent all chunks to peer 2
[15:07:07] I am informing the tracker that I am still alive.
[15:07:07] Peer 4 has sent all chunks to peer 2
[15:07:07] Peer 4 has sent all chunks to peer 2
[15:07:08] Peer 4 has sent all chunks to peer 2
[15:07:08] Peer 4 has sent all chunks to peer 2
[15:07:08] Peer 4 has sent all chunks to peer 2
[15:07:09] Peer 4 has sent all chunks to peer 2
[15:07:09] Peer 4 has sent all chunks to peer 2
[15:07:10] Peer 4 has sent all chunks to peer 2
[15:07:10] Peer 4 has sent all chunks to peer 2
[15:07:10] Peer 4 has sent all chunks to peer 2
[15:07:11] Peer 4 has sent all chunks to peer 2
[15:07:11] Peer 4 has sent all chunks to peer 2
[15:07:12] Peer 4 has sent all chunks to peer 2
[15:07:12] I am informing the tracker that I am still alive.
[15:07:12] Peer 4 has sent all chunks to peer 2
[15:07:13] Peer 4 has sent all chunks to peer 2
[15:07:13] Peer 4 has sent all chunks to peer 2
[15:07:13] Peer 4 has sent all chunks to peer 2
[15:07:14] Peer 4 has sent all chunks to peer 2
[15:07:14] Peer 4 has sent all chunks to peer 2
[15:07:14] Peer 4 has sent all chunks to peer 2
[15:07:15] Peer 4 has sent all chunks to peer 2
[15:07:15] Peer 4 has sent all chunks to peer 2
[15:07:16] Peer 4 has sent all chunks to peer 2
[15:07:16] Peer 4 has sent all chunks to peer 2
[15:07:16] Peer 4 has sent all chunks to peer 2
[15:07:17] Peer 4 has sent all chunks to peer 2
[15:07:17] I am informing the tracker that I am still alive.
[15:07:17] Peer 4 has sent all chunks to peer 2
[15:07:18] Peer 4 has sent all chunks to peer 2
[15:07:18] Peer 4 has sent all chunks to peer 2
[15:07:18] Peer 4 has sent all chunks to peer 2
[15:07:19] Peer 4 has sent all chunks to peer 2
[15:07:19] Peer 4 has sent all chunks to peer 2
[15:07:19] Peer 4 has sent all chunks to peer 2
[15:07:20] Peer 4 has sent all chunks to peer 2
[15:07:20] Peer 4 has sent all chunks to peer 2
[15:07:20] Peer 4 has sent all chunks to peer 2
[15:07:21] Peer 4 has sent all chunks to peer 2
[15:07:21] Peer 4 has sent all chunks to peer 2
[15:07:22] Peer 4 has sent all chunks to peer 2
[15:07:22] I am informing the tracker that I am still alive.
[15:07:22] Peer 4 has sent all chunks to peer 2
[15:07:23] Peer 4 has sent all chunks to peer 2
[15:07:23] Peer 4 has sent all chunks to peer 2
[15:07:24] Peer 4 has sent all chunks to peer 2
[15:07:24] Peer 4 has sent all chunks to peer 2
[15:07:24] Peer 4 has sent all chunks to peer 2
[15:07:25] Peer 4 has sent all chunks to peer 2
[15:07:26] Peer 4 has sent all chunks to peer 2
[15:07:26] Peer 4 has sent all chunks to peer 2
[15:07:27] Peer 4 has sent all chunks to peer 2
[15:07:27] I am informing the tracker that I am still alive.
[15:07:27] Peer 4 has sent all chunks to peer 2
[15:07:28] Peer 4 has sent all chunks to peer 2
[15:07:32] I am informing the tracker that I am still alive.
[15:07:37] I am informing the tracker that I am still alive.
[15:07:42] I am informing the tracker that I am still alive.
[15:07:47] I am informing the tracker that I am still alive.
[15:07:52] I am informing the tracker that I am still alive.
[15:07:57] I am informing the tracker that I am still alive.
[15:08:02] I am informing the tracker that I am still alive.
[15:08:07] I am informing the tracker that I am still alive.
[15:08:12] I am informing the tracker that I am still alive.
[15:08:17] I am informing the tracker that I am still alive.
[15:08:22] I am informing the tracker that I am still alive.
[15:08:27] I am informing the tracker that I am still alive.
[15:08:32] I am informing the tracker that I am still alive.
[15:08:37] I am informing the tracker that I am still alive.
[15:08:42] I am informing the tracker that I am still alive.
[15:08:47] I am informing the tracker that I am still alive.
[15:14:52] ========================================
Peer 4 started just right now
===================================================
[15:14:52] You have entered the torrent
[15:14:52] I am informing the tracker that I am still alive.
[15:14:57] I am informing the tracker that I am still alive.
[15:15:02] I am informing the tracker that I am still alive.
[15:15:07] I am informing the tracker that I am still alive.
[15:15:12] I am informing the tracker that I am still alive.
[15:15:15] You are now DOWNLOADING the file CHAP5.pdf
[15:15:15] You are going to download the file CHAP5.pdf from [2]
[15:15:15] The size of the file CHAP5.pdf is 6339915 bytes
[15:15:17] I am informing the tracker that I am still alive.
[15:15:20] All chunks of file CHAP5.pdf have been downloaded, but they must be REASSEMBLED
[15:15:20] All chunks of file CHAP5.pdf have been SORTED, they are almost ready to be REASSEMBLED
[15:15:20] The file CHAP5.pdf has been downloaded and saved
[15:15:22] I am informing the tracker that I am still alive.
[15:15:27] I am informing the tracker that I am still alive.
[15:15:32] I am informing the tracker that I am still alive.
[15:15:37] I am informing the tracker that I am still alive.
[15:15:42] I am informing the tracker that I am still alive.
[15:15:45] You are now in SEND mode
[15:15:47] I am informing the tracker that I am still alive.
[15:15:51] Peer 4 has sent all chunks to peer 2
[15:15:52] Peer 4 has sent all chunks to peer 2
[15:15:52] Peer 4 has sent all chunks to peer 2
[15:15:52] I am informing the tracker that I am still alive.
[15:15:52] Peer 4 has sent all chunks to peer 2
[15:15:52] Peer 4 has sent all chunks to peer 2
[15:15:53] Peer 4 has sent all chunks to peer 2
[15:15:53] Peer 4 has sent all chunks to peer 2
[15:15:54] Peer 4 has sent all chunks to peer 2
[15:15:54] Peer 4 has sent all chunks to peer 2
[15:15:55] Peer 4 has sent all chunks to peer 2
[15:15:55] Peer 4 has sent all chunks to peer 2
[15:15:56] Peer 4 has sent all chunks to peer 2
[15:15:56] Peer 4 has sent all chunks to peer 2
[15:15:57] Peer 4 has sent all chunks to peer 2
[15:15:57] I am informing the tracker that I am still alive.
[15:15:57] Peer 4 has sent all chunks to peer 2
[15:15:58] Peer 4 has sent all chunks to peer 2
[15:15:58] Peer 4 has sent all chunks to peer 2
[15:15:59] Peer 4 has sent all chunks to peer 2
[15:15:59] Peer 4 has sent all chunks to peer 2
[15:16:00] Peer 4 has sent all chunks to peer 2
[15:16:00] Peer 4 has sent all chunks to peer 2
[15:16:01] Peer 4 has sent all chunks to peer 2
[15:16:01] Peer 4 has sent all chunks to peer 2
[15:16:02] Peer 4 has sent all chunks to peer 2
[15:16:02] I am informing the tracker that I am still alive.
[15:16:02] Peer 4 has sent all chunks to peer 2
[15:16:03] Peer 4 has sent all chunks to peer 2
[15:16:03] Peer 4 has sent all chunks to peer 2
[15:16:04] Peer 4 has sent all chunks to peer 2
[15:16:04] Peer 4 has sent all chunks to peer 2
[15:16:05] Peer 4 has sent all chunks to peer 2
[15:16:07] I am informing the tracker that I am still alive.
[15:16:12] I am informing the tracker that I am still alive.
[15:16:17] I am informing the tracker that I am still alive.
[15:16:22] I am informing the tracker that I am still alive.
[15:16:27] I am informing the tracker that I am still alive.
[15:16:32] I am informing the tracker that I am still alive.
[15:18:19] ========================================
Peer 4 started just right now
===================================================
[15:18:19] You have entered the torrent
[15:18:19] I am informing the tracker that I am still alive.
[15:18:24] I am informing the tracker that I am still alive.
[15:18:29] I am informing the tracker that I am still alive.
[15:18:34] I am informing the tracker that I am still alive.
[15:18:44] ========================================
Peer 4 started just right now
===================================================
[15:18:44] You have entered the torrent
[15:18:44] I am informing the tracker that I am still alive.
[15:18:49] I am informing the tracker that I am still alive.
[15:18:54] I am informing the tracker that I am still alive.
[15:18:57] You are now DOWNLOADING the file k.mkv
[15:18:57] You are going to download the file k.mkv from [2]
[15:18:57] The size of the file k.mkv is 22352688 bytes
[15:18:59] I am informing the tracker that I am still alive.
[15:19:02] All chunks of file k.mkv have been downloaded, but they must be REASSEMBLED
[15:19:02] All chunks of file k.mkv have been SORTED, they are almost ready to be REASSEMBLED
[15:19:02] The file k.mkv has been downloaded and saved
[15:19:04] I am informing the tracker that I am still alive.
[15:19:09] I am informing the tracker that I am still alive.
[15:19:14] I am informing the tracker that I am still alive.
[15:19:19] I am informing the tracker that I am still alive.
[15:19:24] I am informing the tracker that I am still alive.
[15:19:29] I am informing the tracker that I am still alive.
[15:19:34] I am informing the tracker that I am still alive.
[15:19:39] I am informing the tracker that I am still alive.
[15:19:44] I am informing the tracker that I am still alive.
[15:19:49] I am informing the tracker that I am still alive.
[15:19:54] I am informing the tracker that I am still alive.
[15:19:59] I am informing the tracker that I am still alive.
[15:20:04] I am informing the tracker that I am still alive.
[15:20:09] I am informing the tracker that I am still alive.
[15:20:14] I am informing the tracker that I am still alive.
[15:20:19] I am informing the tracker that I am still alive.
[15:20:24] I am informing the tracker that I am still alive.
[15:20:29] I am informing the tracker that I am still alive.
[15:20:34] ========================================
Peer 4 started just right now
===================================================
[15:20:34] You have entered the torrent
[15:20:34] I am informing the tracker that I am still alive.
[15:20:39] I am informing the tracker that I am still alive.
[15:20:48] ========================================
Peer 4 started just right now
===================================================
[15:20:48] You have entered the torrent
[15:20:48] I am informing the tracker that I am still alive.
[15:20:53] You are now in SEND mode
[15:20:53] I am informing the tracker that I am still alive.
[15:20:58] I am informing the tracker that I am still alive.
[15:21:03] I am informing the tracker that I am still alive.
[15:21:08] I am informing the tracker that I am still alive.
[15:21:13] I am informing the tracker that I am still alive.
[15:21:18] I am informing the tracker that I am still alive.
[15:21:23] I am informing the tracker that I am still alive.
[15:21:28] I am informing the tracker that I am still alive.
[15:21:33] I am informing the tracker that I am still alive.
[15:21:38] I am informing the tracker that I am still alive.
[15:21:43] I am informing the tracker that I am still alive.
[15:21:48] I am informing the tracker that I am still alive.
[15:22:49] ========================================
Peer 4 started just right now
===================================================
[15:22:49] You have entered the torrent
[15:22:49] I am informing the tracker that I am still alive.
[15:22:53] You are now in SEND mode
[15:22:54] I am informing the tracker that I am still alive.
[15:22:59] I am informing the tracker that I am still alive.
[15:23:04] I am informing the tracker that I am still alive.
[15:23:09] I am informing the tracker that I am still alive.
[15:23:14] I am informing the tracker that I am still alive.
[15:23:19] I am informing the tracker that I am still alive.
[15:23:24] I am informing the tracker that I am still alive.
[15:23:29] I am informing the tracker that I am still alive.
[15:23:34] I am informing the tracker that I am still alive.
[15:23:39] I am informing the tracker that I am still alive.
[15:23:44] I am informing the tracker that I am still alive.
[15:23:49] I am informing the tracker that I am still alive.
[15:35:06] ========================================
Peer 4 started just right now
===================================================
[15:35:06] You have entered the torrent
[15:35:06] I am informing the tracker that I am still alive.
[15:35:11] I am informing the tracker that I am still alive.
[15:35:13] You are now DOWNLOADING the file t.mkv
[15:35:16] I am informing the tracker that I am still alive.
[15:35:21] I am informing the tracker that I am still alive.
[15:35:26] I am informing the tracker that I am still alive.
[15:35:31] I am informing the tracker that I am still alive.
[15:35:36] I am informing the tracker that I am still alive.
[15:35:41] I am informing the tracker that I am still alive.
[15:35:46] I am informing the tracker that I am still alive.
[15:35:51] I am informing the tracker that I am still alive.
[16:43:50] ========================================
Peer 4 started just right now
===================================================
[16:43:50] You have entered the torrent
[16:44:11] You are now in SEND mode
[16:45:00] You are already in SEND mode
[16:46:55] Peer 4 has sent all chunks to peer 1
[16:46:55] Peer 4 has sent all chunks to peer 1
[16:46:55] Peer 4 has sent all chunks to peer 1
[16:46:55] Peer 4 has sent all chunks to peer 1
[16:46:56] Peer 4 has sent all chunks to peer 1
[16:46:56] Peer 4 has sent all chunks to peer 1
[16:46:56] Peer 4 has sent all chunks to peer 1
[16:46:56] Peer 4 has sent all chunks to peer 1
[16:46:56] Peer 4 has sent all chunks to peer 1
[16:46:56] Peer 4 has sent all chunks to peer 1
[16:46:56] Peer 4 has sent all chunks to peer 1
[16:46:57] Peer 4 has sent all chunks to peer 1
[16:46:57] Peer 4 has sent all chunks to peer 1
[16:46:57] Peer 4 has sent all chunks to peer 1
[16:46:57] Peer 4 has sent all chunks to peer 1
[16:46:57] Peer 4 has sent all chunks to peer 1
[16:46:57] Peer 4 has sent all chunks to peer 1
[16:46:57] Peer 4 has sent all chunks to peer 1
[16:46:58] Peer 4 has sent all chunks to peer 1
[16:46:58] Peer 4 has sent all chunks to peer 1
[16:46:58] Peer 4 has sent all chunks to peer 1
[16:46:58] Peer 4 has sent all chunks to peer 1
[16:46:58] Peer 4 has sent all chunks to peer 1
[16:46:58] Peer 4 has sent all chunks to peer 1
[16:46:59] Peer 4 has sent all chunks to peer 1
[16:46:59] Peer 4 has sent all chunks to peer 1
[16:46:59] Peer 4 has sent all chunks to peer 1
[16:46:59] Peer 4 has sent all chunks to peer 1
[16:47:00] Peer 4 has sent all chunks to peer 1
[16:47:00] Peer 4 has sent all chunks to peer 1
[16:47:00] Peer 4 has sent all chunks to peer 1
[16:47:01] Peer 4 has sent all chunks to peer 1
[16:47:01] Peer 4 has sent all chunks to peer 1
[16:47:02] Peer 4 has sent all chunks to peer 1
[16:47:02] Peer 4 has sent all chunks to peer 1
[16:47:03] Peer 4 has sent all chunks to peer 1
[16:47:03] Peer 4 has sent all chunks to peer 1
[16:47:03] Peer 4 has sent all chunks to peer 1
[16:47:04] Peer 4 has sent all chunks to peer 1
[16:47:04] Peer 4 has sent all chunks to peer 1
[16:47:04] Peer 4 has sent all chunks to peer 1
[16:47:04] Peer 4 has sent all chunks to peer 1
[16:47:05] Peer 4 has sent all chunks to peer 1
[16:47:05] Peer 4 has sent all chunks to peer 1
[16:47:05] Peer 4 has sent all chunks to peer 1
[16:47:06] Peer 4 has sent all chunks to peer 1
[16:47:06] Peer 4 has sent all chunks to peer 1
[16:47:06] Peer 4 has sent all chunks to peer 1
[16:47:07] Peer 4 has sent all chunks to peer 1
[16:47:07] Peer 4 has sent all chunks to peer 1
[16:47:07] Peer 4 has sent all chunks to peer 1
[16:47:08] Peer 4 has sent all chunks to peer 1
[16:47:08] Peer 4 has sent all chunks to peer 1
[16:47:08] Peer 4 has sent all chunks to peer 1
[16:47:08] Peer 4 has sent all chunks to peer 1
[16:47:08] Peer 4 has sent all chunks to peer 1
[16:47:08] Peer 4 has sent all chunks to peer 1
[16:47:09] Peer 4 has sent all chunks to peer 1
[16:47:09] Peer 4 has sent all chunks to peer 1
[16:47:09] Peer 4 has sent all chunks to peer 1
[16:47:09] Peer 4 has sent all chunks to peer 1
[16:47:09] Peer 4 has sent all chunks to peer 1
[16:47:10] Peer 4 has sent all chunks to peer 1
[16:47:10] Peer 4 has sent all chunks to peer 1
[16:47:10] Peer 4 has sent all chunks to peer 1
[16:47:11] Peer 4 has sent all chunks to peer 1
[16:47:11] Peer 4 has sent all chunks to peer 1
[16:47:11] Peer 4 has sent all chunks to peer 1
[16:47:11] Peer 4 has sent all chunks to peer 1
[16:47:12] Peer 4 has sent all chunks to peer 1
[16:47:12] Peer 4 has sent all chunks to peer 1
[16:47:12] Peer 4 has sent all chunks to peer 1
[16:47:13] Peer 4 has sent all chunks to peer 1
[16:47:13] Peer 4 has sent all chunks to peer 1
[16:47:13] Peer 4 has sent all chunks to peer 1
[16:47:14] Peer 4 has sent all chunks to peer 1
[16:47:14] Peer 4 has sent all chunks to peer 1
[16:47:14] Peer 4 has sent all chunks to peer 1
[16:47:14] Peer 4 has sent all chunks to peer 1
[16:47:15] Peer 4 has sent all chunks to peer 1
[16:47:15] Peer 4 has sent all chunks to peer 1
[16:47:15] Peer 4 has sent all chunks to peer 1
[16:47:15] Peer 4 has sent all chunks to peer 1
[16:47:16] Peer 4 has sent all chunks to peer 1
[16:47:16] Peer 4 has sent all chunks to peer 1
[16:47:16] Peer 4 has sent all chunks to peer 1
[16:47:17] Peer 4 has sent all chunks to peer 1
[16:47:17] Peer 4 has sent all chunks to peer 1
[16:47:17] Peer 4 has sent all chunks to peer 1
[16:47:17] Peer 4 has sent all chunks to peer 1
[16:47:17] Peer 4 has sent all chunks to peer 1
[16:47:18] Peer 4 has sent all chunks to peer 1
[17:11:25] ========================================
Peer 4 started just right now
===================================================
[17:11:25] You have entered the torrent
[17:11:44] ========================================
Peer 4 started just right now
===================================================
[17:11:44] You have entered the torrent
[17:11:58] You are now in SEND mode
[17:12:04] Peer 4 has sent all chunks to peer 7
[17:12:04] Peer 4 has sent all chunks to peer 7
[17:12:04] Peer 4 has sent all chunks to peer 7
[17:12:04] Peer 4 has sent all chunks to peer 7
[17:12:04] Peer 4 has sent all chunks to peer 7
[17:12:04] Peer 4 has sent all chunks to peer 7
[17:12:04] Peer 4 has sent all chunks to peer 7
[17:12:04] Peer 4 has sent all chunks to peer 7
[17:12:04] Peer 4 has sent all chunks to peer 7
[17:12:05] Peer 4 has sent all chunks to peer 7
[17:12:05] Peer 4 has sent all chunks to peer 7
[17:12:05] Peer 4 has sent all chunks to peer 7
[17:12:05] Peer 4 has sent all chunks to peer 7
[17:12:05] Peer 4 has sent all chunks to peer 7
[17:12:05] Peer 4 has sent all chunks to peer 7
[17:12:05] Peer 4 has sent all chunks to peer 7
[17:12:05] Peer 4 has sent all chunks to peer 7
[17:12:05] Peer 4 has sent all chunks to peer 7
[17:12:06] Peer 4 has sent all chunks to peer 7
[17:12:06] Peer 4 has sent all chunks to peer 7
[17:12:06] Peer 4 has sent all chunks to peer 7
[17:12:06] Peer 4 has sent all chunks to peer 7
[17:12:06] Peer 4 has sent all chunks to peer 7
[17:12:06] Peer 4 has sent all chunks to peer 7
[17:12:07] Peer 4 has sent all chunks to peer 7
[17:12:07] Peer 4 has sent all chunks to peer 7
[17:12:07] Peer 4 has sent all chunks to peer 7
[17:12:07] Peer 4 has sent all chunks to peer 7
[17:12:07] Peer 4 has sent all chunks to peer 7
[17:12:07] Peer 4 has sent all chunks to peer 7
[17:12:07] Peer 4 has sent all chunks to peer 7
[17:12:08] Peer 4 has sent all chunks to peer 7
[17:12:08] Peer 4 has sent all chunks to peer 7
[17:12:08] Peer 4 has sent all chunks to peer 7
[17:12:08] Peer 4 has sent all chunks to peer 7
[17:12:08] Peer 4 has sent all chunks to peer 7
[17:12:08] Peer 4 has sent all chunks to peer 7
[17:12:09] Peer 4 has sent all chunks to peer 7
[17:13:27] ========================================
Peer 4 started just right now
===================================================
[17:13:27] You have entered the torrent
[17:13:28] You are now in SEND mode
[17:13:36] Peer 4 has sent all chunks to peer 7
[17:13:36] Peer 4 has sent all chunks to peer 7
[17:13:36] Peer 4 has sent all chunks to peer 7
[17:13:36] Peer 4 has sent all chunks to peer 7
[17:13:36] Peer 4 has sent all chunks to peer 7
[17:13:36] Peer 4 has sent all chunks to peer 7
[17:13:36] Peer 4 has sent all chunks to peer 7
[17:13:36] Peer 4 has sent all chunks to peer 7
[17:13:36] Peer 4 has sent all chunks to peer 7
[17:13:37] Peer 4 has sent all chunks to peer 7
[17:13:37] Peer 4 has sent all chunks to peer 7
[17:13:37] Peer 4 has sent all chunks to peer 7
[17:13:37] Peer 4 has sent all chunks to peer 7
[17:13:37] Peer 4 has sent all chunks to peer 7
[17:13:37] Peer 4 has sent all chunks to peer 7
[17:13:37] Peer 4 has sent all chunks to peer 7
[17:13:37] Peer 4 has sent all chunks to peer 7
[17:13:37] Peer 4 has sent all chunks to peer 7
[17:13:37] Peer 4 has sent all chunks to peer 7
[17:13:38] Peer 4 has sent all chunks to peer 7
[17:13:38] Peer 4 has sent all chunks to peer 7
[17:13:38] Peer 4 has sent all chunks to peer 7
[17:13:38] Peer 4 has sent all chunks to peer 7
[17:13:38] Peer 4 has sent all chunks to peer 7
[17:13:38] Peer 4 has sent all chunks to peer 7
[17:13:38] Peer 4 has sent all chunks to peer 7
[17:13:38] Peer 4 has sent all chunks to peer 7
[17:13:38] Peer 4 has sent all chunks to peer 7
[17:13:38] Peer 4 has sent all chunks to peer 7
[17:13:39] Peer 4 has sent all chunks to peer 7
[17:13:39] Peer 4 has sent all chunks to peer 7
[17:13:39] Peer 4 has sent all chunks to peer 7
[17:13:39] Peer 4 has sent all chunks to peer 7
[17:13:39] Peer 4 has sent all chunks to peer 7
[17:13:39] Peer 4 has sent all chunks to peer 7
[17:13:39] Peer 4 has sent all chunks to peer 7
[17:13:39] Peer 4 has sent all chunks to peer 7
[17:13:39] Peer 4 has sent all chunks to peer 7
[17:13:39] Peer 4 has sent all chunks to peer 7
[17:13:39] Peer 4 has sent all chunks to peer 7
[17:13:40] Peer 4 has sent all chunks to peer 7
[17:13:40] Peer 4 has sent all chunks to peer 7
[17:13:40] Peer 4 has sent all chunks to peer 7
[17:16:08] ========================================
Peer 4 started just right now
===================================================
[17:16:08] You have entered the torrent
[17:16:09] You are now in SEND mode
[17:16:27] Peer 4 has sent all chunks to peer 1
[17:16:27] Peer 4 has sent all chunks to peer 1
[17:16:28] Peer 4 has sent all chunks to peer 1
[17:16:28] Peer 4 has sent all chunks to peer 1
[17:16:28] Peer 4 has sent all chunks to peer 1
[17:16:28] Peer 4 has sent all chunks to peer 1
[17:16:28] Peer 4 has sent all chunks to peer 1
[17:16:28] Peer 4 has sent all chunks to peer 1
[17:16:28] Peer 4 has sent all chunks to peer 1
[17:16:28] Peer 4 has sent all chunks to peer 1
[17:16:28] Peer 4 has sent all chunks to peer 1
[17:16:28] Peer 4 has sent all chunks to peer 1
[17:16:28] Peer 4 has sent all chunks to peer 1
[17:16:29] Peer 4 has sent all chunks to peer 1
[17:16:29] Peer 4 has sent all chunks to peer 1
[17:16:29] Peer 4 has sent all chunks to peer 1
[17:16:29] Peer 4 has sent all chunks to peer 1
[17:16:29] Peer 4 has sent all chunks to peer 1
[17:16:29] Peer 4 has sent all chunks to peer 1
[17:16:29] Peer 4 has sent all chunks to peer 1
[17:16:29] Peer 4 has sent all chunks to peer 1
[17:16:29] Peer 4 has sent all chunks to peer 1
[17:16:29] Peer 4 has sent all chunks to peer 1
[17:16:29] Peer 4 has sent all chunks to peer 1
[17:16:29] Peer 4 has sent all chunks to peer 1
[17:16:30] Peer 4 has sent all chunks to peer 1
[17:16:30] Peer 4 has sent all chunks to peer 1
[17:16:30] Peer 4 has sent all chunks to peer 1
[17:16:30] Peer 4 has sent all chunks to peer 1
[17:16:30] Peer 4 has sent all chunks to peer 1
[17:16:30] Peer 4 has sent all chunks to peer 1
[17:16:30] Peer 4 has sent all chunks to peer 1
[17:16:31] Peer 4 has sent all chunks to peer 1
[17:16:31] Peer 4 has sent all chunks to peer 1
[17:16:31] Peer 4 has sent all chunks to peer 1
[17:16:31] Peer 4 has sent all chunks to peer 1
[17:16:31] Peer 4 has sent all chunks to peer 1
[17:16:31] Peer 4 has sent all chunks to peer 1
[17:16:31] Peer 4 has sent all chunks to peer 1
[17:16:31] Peer 4 has sent all chunks to peer 1
[17:16:31] Peer 4 has sent all chunks to peer 1
[17:16:31] Peer 4 has sent all chunks to peer 1
[17:16:32] Peer 4 has sent all chunks to peer 1
[17:17:22] ========================================
Peer 4 started just right now
===================================================
[17:17:22] You have entered the torrent
[17:17:23] You are now in SEND mode
[17:17:27] Peer 4 has sent all chunks to peer 7
[17:17:27] Peer 4 has sent all chunks to peer 7
[17:17:27] Peer 4 has sent all chunks to peer 7
[17:17:27] Peer 4 has sent all chunks to peer 7
[17:17:27] Peer 4 has sent all chunks to peer 7
[17:17:27] Peer 4 has sent all chunks to peer 7
[17:17:27] Peer 4 has sent all chunks to peer 7
[17:17:27] Peer 4 has sent all chunks to peer 7
[17:17:27] Peer 4 has sent all chunks to peer 7
[17:17:28] Peer 4 has sent all chunks to peer 7
[17:17:28] Peer 4 has sent all chunks to peer 7
[17:17:28] Peer 4 has sent all chunks to peer 7
[17:17:28] Peer 4 has sent all chunks to peer 7
[17:17:28] Peer 4 has sent all chunks to peer 7
[17:17:28] Peer 4 has sent all chunks to peer 7
[17:17:28] Peer 4 has sent all chunks to peer 7
[17:17:28] Peer 4 has sent all chunks to peer 7
[17:17:28] Peer 4 has sent all chunks to peer 7
[17:17:28] Peer 4 has sent all chunks to peer 7
[17:17:28] Peer 4 has sent all chunks to peer 7
[17:17:29] Peer 4 has sent all chunks to peer 7
[17:17:29] Peer 4 has sent all chunks to peer 7
[17:17:29] Peer 4 has sent all chunks to peer 7
[17:17:29] Peer 4 has sent all chunks to peer 7
[17:17:29] Peer 4 has sent all chunks to peer 7
[17:17:29] Peer 4 has sent all chunks to peer 7
[17:17:29] Peer 4 has sent all chunks to peer 7
[17:17:29] Peer 4 has sent all chunks to peer 7
[17:17:29] Peer 4 has sent all chunks to peer 7
[17:17:30] Peer 4 has sent all chunks to peer 7
[17:17:30] Peer 4 has sent all chunks to peer 7
[17:17:30] Peer 4 has sent all chunks to peer 7
[17:17:30] Peer 4 has sent all chunks to peer 7
[17:17:30] Peer 4 has sent all chunks to peer 7
[17:17:31] Peer 4 has sent all chunks to peer 7
[17:17:31] Peer 4 has sent all chunks to peer 7
[17:17:31] Peer 4 has sent all chunks to peer 7
[17:17:31] Peer 4 has sent all chunks to peer 7
[17:17:31] Peer 4 has sent all chunks to peer 7
[17:17:31] Peer 4 has sent all chunks to peer 7
[17:17:31] Peer 4 has sent all chunks to peer 7
[17:17:31] Peer 4 has sent all chunks to peer 7
[17:17:31] Peer 4 has sent all chunks to peer 7
[17:25:27] ========================================
Peer 4 started just right now
===================================================
[17:25:27] You have entered the torrent
[17:25:29] You are now in SEND mode
[17:26:44] Peer 4 has sent all chunks to peer 7
[17:26:44] Peer 4 has sent all chunks to peer 7
[17:26:44] Peer 4 has sent all chunks to peer 7
[17:26:44] Peer 4 has sent all chunks to peer 7
[17:26:44] Peer 4 has sent all chunks to peer 7
[17:26:44] Peer 4 has sent all chunks to peer 7
[17:26:44] Peer 4 has sent all chunks to peer 7
[17:26:44] Peer 4 has sent all chunks to peer 7
[17:26:45] Peer 4 has sent all chunks to peer 7
[17:26:45] Peer 4 has sent all chunks to peer 7
[17:26:45] Peer 4 has sent all chunks to peer 7
[17:26:45] Peer 4 has sent all chunks to peer 7
[17:26:45] Peer 4 has sent all chunks to peer 7
[17:26:45] Peer 4 has sent all chunks to peer 7
[17:26:45] Peer 4 has sent all chunks to peer 7
[17:26:45] Peer 4 has sent all chunks to peer 7
[17:26:45] Peer 4 has sent all chunks to peer 7
[17:26:45] Peer 4 has sent all chunks to peer 7
[17:26:45] Peer 4 has sent all chunks to peer 7
[17:26:45] Peer 4 has sent all chunks to peer 7
[17:26:45] Peer 4 has sent all chunks to peer 7
[17:26:46] Peer 4 has sent all chunks to peer 7
[17:26:46] Peer 4 has sent all chunks to peer 7
[17:26:46] Peer 4 has sent all chunks to peer 7
[17:26:46] Peer 4 has sent all chunks to peer 7
[17:26:46] Peer 4 has sent all chunks to peer 7
[17:26:46] Peer 4 has sent all chunks to peer 7
[17:26:46] Peer 4 has sent all chunks to peer 7
[17:26:46] Peer 4 has sent all chunks to peer 7
[17:26:46] Peer 4 has sent all chunks to peer 7
[17:26:46] Peer 4 has sent all chunks to peer 7
[17:26:46] Peer 4 has sent all chunks to peer 7
[17:26:47] Peer 4 has sent all chunks to peer 7
[17:26:47] Peer 4 has sent all chunks to peer 7
[17:26:47] Peer 4 has sent all chunks to peer 7
[17:26:47] Peer 4 has sent all chunks to peer 7
[17:26:47] Peer 4 has sent all chunks to peer 7
[17:26:47] Peer 4 has sent all chunks to peer 7
[17:26:47] Peer 4 has sent all chunks to peer 7
[17:26:47] Peer 4 has sent all chunks to peer 7
[17:26:48] Peer 4 has sent all chunks to peer 7
[17:26:48] Peer 4 has sent all chunks to peer 7
[17:26:48] Peer 4 has sent all chunks to peer 7
[17:26:48] Peer 4 has sent all chunks to peer 8
[17:26:48] Peer 4 has sent all chunks to peer 8
[17:26:48] Peer 4 has sent all chunks to peer 8
[17:26:48] Peer 4 has sent all chunks to peer 8
[17:26:48] Peer 4 has sent all chunks to peer 8
[17:26:48] Peer 4 has sent all chunks to peer 8
[17:26:48] Peer 4 has sent all chunks to peer 8
[17:26:49] Peer 4 has sent all chunks to peer 8
[17:26:49] Peer 4 has sent all chunks to peer 8
[17:26:49] Peer 4 has sent all chunks to peer 8
[17:26:49] Peer 4 has sent all chunks to peer 8
[17:26:49] Peer 4 has sent all chunks to peer 8
[17:26:49] Peer 4 has sent all chunks to peer 8
[17:26:49] Peer 4 has sent all chunks to peer 8
[17:26:49] Peer 4 has sent all chunks to peer 8
[17:26:49] Peer 4 has sent all chunks to peer 8
[17:26:49] Peer 4 has sent all chunks to peer 8
[17:26:49] Peer 4 has sent all chunks to peer 8
[17:26:50] Peer 4 has sent all chunks to peer 8
[17:26:50] Peer 4 has sent all chunks to peer 8
[17:31:04] ========================================
Peer 4 started just right now
===================================================
[17:31:04] You have entered the torrent
[17:31:18] You are now in SEND mode
[17:31:26] Peer 4 has sent all chunks to peer 7
[17:31:26] Peer 4 has sent all chunks to peer 7
[17:31:26] Peer 4 has sent all chunks to peer 7
[17:31:26] Peer 4 has sent all chunks to peer 7
[17:31:26] Peer 4 has sent all chunks to peer 7
[17:31:26] Peer 4 has sent all chunks to peer 7
[17:31:26] Peer 4 has sent all chunks to peer 7
[17:31:26] Peer 4 has sent all chunks to peer 7
[17:31:26] Peer 4 has sent all chunks to peer 7
[17:31:26] Peer 4 has sent all chunks to peer 7
[17:31:27] Peer 4 has sent all chunks to peer 7
[17:31:27] Peer 4 has sent all chunks to peer 7
[17:31:27] Peer 4 has sent all chunks to peer 7
[17:31:27] Peer 4 has sent all chunks to peer 7
[17:31:27] Peer 4 has sent all chunks to peer 7
[17:31:27] Peer 4 has sent all chunks to peer 7
[17:31:27] Peer 4 has sent all chunks to peer 7
[17:31:27] Peer 4 has sent all chunks to peer 7
[17:31:27] Peer 4 has sent all chunks to peer 7
[17:31:27] Peer 4 has sent all chunks to peer 7
[17:31:27] Peer 4 has sent all chunks to peer 7
[17:31:27] Peer 4 has sent all chunks to peer 7
[17:31:28] Peer 4 has sent all chunks to peer 7
[17:31:28] Peer 4 has sent all chunks to peer 7
[17:31:28] Peer 4 has sent all chunks to peer 7
[17:31:28] Peer 4 has sent all chunks to peer 7
[17:31:28] Peer 4 has sent all chunks to peer 7
[17:31:28] Peer 4 has sent all chunks to peer 7
[17:31:28] Peer 4 has sent all chunks to peer 7
[17:31:28] Peer 4 has sent all chunks to peer 7
[17:31:28] Peer 4 has sent all chunks to peer 7
[17:31:28] Peer 4 has sent all chunks to peer 7
[17:31:28] Peer 4 has sent all chunks to peer 7
[17:31:28] Peer 4 has sent all chunks to peer 8
[17:31:28] Peer 4 has sent all chunks to peer 7
[17:31:29] Peer 4 has sent all chunks to peer 8
[17:31:29] Peer 4 has sent all chunks to peer 7
[17:31:29] Peer 4 has sent all chunks to peer 8
[17:31:29] Peer 4 has sent all chunks to peer 7
[17:31:29] Peer 4 has sent all chunks to peer 8
[17:31:29] Peer 4 has sent all chunks to peer 7
[17:31:29] Peer 4 has sent all chunks to peer 8
[17:31:29] Peer 4 has sent all chunks to peer 7
[17:31:29] Peer 4 has sent all chunks to peer 8
[17:31:29] Peer 4 has sent all chunks to peer 7
[17:31:29] Peer 4 has sent all chunks to peer 8
[17:31:29] Peer 4 has sent all chunks to peer 7
[17:31:29] Peer 4 has sent all chunks to peer 8
[17:31:29] Peer 4 has sent all chunks to peer 7
[17:31:30] Peer 4 has sent all chunks to peer 8
[17:31:30] Peer 4 has sent all chunks to peer 7
[17:31:30] Peer 4 has sent all chunks to peer 8
[17:31:30] Peer 4 has sent all chunks to peer 7
[17:31:30] Peer 4 has sent all chunks to peer 8
[17:31:30] Peer 4 has sent all chunks to peer 8
[17:31:30] Peer 4 has sent all chunks to peer 8
[17:31:30] Peer 4 has sent all chunks to peer 8
[17:31:30] Peer 4 has sent all chunks to peer 8
[17:31:30] Peer 4 has sent all chunks to peer 8
[17:31:30] Peer 4 has sent all chunks to peer 8
[17:31:30] Peer 4 has sent all chunks to peer 8
[17:31:30] Peer 4 has sent all chunks to peer 8
[17:31:30] Peer 4 has sent all chunks to peer 8
[17:31:30] Peer 4 has sent all chunks to peer 8
[17:31:31] Peer 4 has sent all chunks to peer 8
[17:31:31] Peer 4 has sent all chunks to peer 8
[17:31:31] Peer 4 has sent all chunks to peer 8
[17:31:31] Peer 4 has sent all chunks to peer 8
[17:31:31] Peer 4 has sent all chunks to peer 8
[17:31:31] Peer 4 has sent all chunks to peer 8
[17:31:31] Peer 4 has sent all chunks to peer 8
[17:31:31] Peer 4 has sent all chunks to peer 8
[17:31:31] Peer 4 has sent all chunks to peer 8
[17:31:31] Peer 4 has sent all chunks to peer 8
[17:31:31] Peer 4 has sent all chunks to peer 8
[17:31:31] Peer 4 has sent all chunks to peer 8
[17:31:32] Peer 4 has sent all chunks to peer 8
[17:31:32] Peer 4 has sent all chunks to peer 8
[17:31:32] Peer 4 has sent all chunks to peer 8
[17:31:32] Peer 4 has sent all chunks to peer 8
[17:31:32] Peer 4 has sent all chunks to peer 8
[17:31:32] Peer 4 has sent all chunks to peer 8
[17:31:32] Peer 4 has sent all chunks to peer 8
[17:31:32] Peer 4 has sent all chunks to peer 8
[17:31:32] Peer 4 has sent all chunks to peer 8
[17:31:32] Peer 4 has sent all chunks to peer 8
[17:35:29] ========================================
Peer 4 started just right now
===================================================
[17:35:29] You have entered the torrent
[17:35:32] You are now in SEND mode
[17:35:38] Peer 4 has sent all chunks to peer 7
[17:35:38] Peer 4 has sent all chunks to peer 7
[17:35:38] Peer 4 has sent all chunks to peer 7
[17:35:38] Peer 4 has sent all chunks to peer 7
[17:35:38] Peer 4 has sent all chunks to peer 7
[17:35:39] Peer 4 has sent all chunks to peer 7
[17:35:39] Peer 4 has sent all chunks to peer 7
[17:35:39] Peer 4 has sent all chunks to peer 7
[17:35:39] Peer 4 has sent all chunks to peer 7
[17:35:39] Peer 4 has sent all chunks to peer 7
[17:35:39] Peer 4 has sent all chunks to peer 7
[17:35:39] Peer 4 has sent all chunks to peer 7
[17:35:40] Peer 4 has sent all chunks to peer 7
[17:35:40] Peer 4 has sent all chunks to peer 7
[17:35:40] Peer 4 has sent all chunks to peer 7
[17:35:40] Peer 4 has sent all chunks to peer 7
[17:35:40] Peer 4 has sent all chunks to peer 7
[17:35:40] Peer 4 has sent all chunks to peer 7
[17:35:40] Peer 4 has sent all chunks to peer 7
[17:35:40] Peer 4 has sent all chunks to peer 8
[17:35:41] Peer 4 has sent all chunks to peer 7
[17:35:41] Peer 4 has sent all chunks to peer 8
[17:35:41] Peer 4 has sent all chunks to peer 7
[17:35:41] Peer 4 has sent all chunks to peer 8
[17:35:41] Peer 4 has sent all chunks to peer 7
[17:35:41] Peer 4 has sent all chunks to peer 8
[17:35:41] Peer 4 has sent all chunks to peer 7
[17:35:41] Peer 4 has sent all chunks to peer 8
[17:35:41] Peer 4 has sent all chunks to peer 7
[17:35:41] Peer 4 has sent all chunks to peer 8
[17:35:41] Peer 4 has sent all chunks to peer 7
[17:35:42] Peer 4 has sent all chunks to peer 8
[17:35:42] Peer 4 has sent all chunks to peer 7
[17:35:42] Peer 4 has sent all chunks to peer 8
[17:35:42] Peer 4 has sent all chunks to peer 7
[17:35:42] Peer 4 has sent all chunks to peer 8
[17:35:42] Peer 4 has sent all chunks to peer 7
[17:35:42] Peer 4 has sent all chunks to peer 8
[17:35:42] Peer 4 has sent all chunks to peer 7
[17:35:42] Peer 4 has sent all chunks to peer 8
[17:35:42] Peer 4 has sent all chunks to peer 7
[17:35:42] Peer 4 has sent all chunks to peer 8
[17:35:43] Peer 4 has sent all chunks to peer 7
[17:35:43] Peer 4 has sent all chunks to peer 8
[17:35:43] Peer 4 has sent all chunks to peer 7
[17:35:43] Peer 4 has sent all chunks to peer 8
[17:35:43] Peer 4 has sent all chunks to peer 7
[17:35:43] Peer 4 has sent all chunks to peer 8
[17:35:43] Peer 4 has sent all chunks to peer 7
[17:35:43] Peer 4 has sent all chunks to peer 8
[17:35:43] Peer 4 has sent all chunks to peer 7
[17:35:43] Peer 4 has sent all chunks to peer 8
[17:35:43] Peer 4 has sent all chunks to peer 7
[17:35:43] Peer 4 has sent all chunks to peer 8
[17:35:44] Peer 4 has sent all chunks to peer 7
[17:35:44] Peer 4 has sent all chunks to peer 8
[17:35:44] Peer 4 has sent all chunks to peer 7
[17:35:44] Peer 4 has sent all chunks to peer 8
[17:35:44] Peer 4 has sent all chunks to peer 7
[17:35:44] Peer 4 has sent all chunks to peer 8
[17:35:44] Peer 4 has sent all chunks to peer 7
[17:35:44] Peer 4 has sent all chunks to peer 8
[17:35:44] Peer 4 has sent all chunks to peer 7
[17:35:44] Peer 4 has sent all chunks to peer 8
[17:35:44] Peer 4 has sent all chunks to peer 7
[17:35:44] Peer 4 has sent all chunks to peer 8
[17:35:44] Peer 4 has sent all chunks to peer 7
[17:35:44] Peer 4 has sent all chunks to peer 8
[17:35:44] Peer 4 has sent all chunks to peer 8
[17:35:45] Peer 4 has sent all chunks to peer 8
[17:35:45] Peer 4 has sent all chunks to peer 8
[17:35:45] Peer 4 has sent all chunks to peer 8
[17:35:45] Peer 4 has sent all chunks to peer 8
[17:35:45] Peer 4 has sent all chunks to peer 8
[17:35:45] Peer 4 has sent all chunks to peer 8
[17:35:45] Peer 4 has sent all chunks to peer 8
[17:35:45] Peer 4 has sent all chunks to peer 8
[17:35:45] Peer 4 has sent all chunks to peer 8
[17:35:45] Peer 4 has sent all chunks to peer 8
[17:35:45] Peer 4 has sent all chunks to peer 8
[17:35:46] Peer 4 has sent all chunks to peer 8
[17:35:46] Peer 4 has sent all chunks to peer 8
[17:35:46] Peer 4 has sent all chunks to peer 8
[17:35:46] Peer 4 has sent all chunks to peer 8
[17:35:46] Peer 4 has sent all chunks to peer 8
[17:35:46] Peer 4 has sent all chunks to peer 8
[17:41:34] ========================================
Peer 4 started just right now
===================================================
[17:41:34] You have entered the torrent
[17:41:34] You are now in SEND mode
[17:41:45] Peer 4 has sent all chunks to peer 7
[17:41:45] Peer 4 has sent all chunks to peer 7
[17:41:45] Peer 4 has sent all chunks to peer 7
[17:41:45] Peer 4 has sent all chunks to peer 7
[17:41:45] Peer 4 has sent all chunks to peer 7
[17:41:45] Peer 4 has sent all chunks to peer 7
[17:41:45] Peer 4 has sent all chunks to peer 7
[17:41:45] Peer 4 has sent all chunks to peer 7
[17:41:45] Peer 4 has sent all chunks to peer 7
[17:41:46] Peer 4 has sent all chunks to peer 7
[17:41:46] Peer 4 has sent all chunks to peer 7
[17:41:46] Peer 4 has sent all chunks to peer 7
[17:41:46] Peer 4 has sent all chunks to peer 7
[17:41:46] Peer 4 has sent all chunks to peer 7
[17:41:46] Peer 4 has sent all chunks to peer 7
[17:41:46] Peer 4 has sent all chunks to peer 7
[17:41:46] Peer 4 has sent all chunks to peer 7
[17:41:46] Peer 4 has sent all chunks to peer 7
[17:41:46] Peer 4 has sent all chunks to peer 7
[17:41:46] Peer 4 has sent all chunks to peer 7
[17:41:47] Peer 4 has sent all chunks to peer 7
[17:41:47] Peer 4 has sent all chunks to peer 7
[17:41:47] Peer 4 has sent all chunks to peer 7
[17:41:47] Peer 4 has sent all chunks to peer 7
[17:41:47] Peer 4 has sent all chunks to peer 7
[17:41:47] Peer 4 has sent all chunks to peer 7
[17:41:47] Peer 4 has sent all chunks to peer 8
[17:41:47] Peer 4 has sent all chunks to peer 7
[17:41:47] Peer 4 has sent all chunks to peer 8
[17:41:47] Peer 4 has sent all chunks to peer 7
[17:41:48] Peer 4 has sent all chunks to peer 8
[17:41:48] Peer 4 has sent all chunks to peer 7
[17:41:48] Peer 4 has sent all chunks to peer 8
[17:41:48] Peer 4 has sent all chunks to peer 7
[17:41:48] Peer 4 has sent all chunks to peer 8
[17:41:48] Peer 4 has sent all chunks to peer 7
[17:41:48] Peer 4 has sent all chunks to peer 8
[17:41:48] Peer 4 has sent all chunks to peer 7
[17:41:48] Peer 4 has sent all chunks to peer 8
[17:41:48] Peer 4 has sent all chunks to peer 7
[17:41:48] Peer 4 has sent all chunks to peer 8
[17:41:48] Peer 4 has sent all chunks to peer 7
[17:41:48] Peer 4 has sent all chunks to peer 8
[17:41:48] Peer 4 has sent all chunks to peer 7
[17:41:49] Peer 4 has sent all chunks to peer 8
[17:41:49] Peer 4 has sent all chunks to peer 7
[17:41:49] Peer 4 has sent all chunks to peer 8
[17:41:49] Peer 4 has sent all chunks to peer 7
[17:41:49] Peer 4 has sent all chunks to peer 8
[17:41:49] Peer 4 has sent all chunks to peer 7
[17:41:49] Peer 4 has sent all chunks to peer 8
[17:41:49] Peer 4 has sent all chunks to peer 7
[17:41:49] Peer 4 has sent all chunks to peer 8
[17:41:49] Peer 4 has sent all chunks to peer 7
[17:41:49] Peer 4 has sent all chunks to peer 8
[17:41:49] Peer 4 has sent all chunks to peer 7
[17:41:49] Peer 4 has sent all chunks to peer 8
[17:41:50] Peer 4 has sent all chunks to peer 7
[17:41:50] Peer 4 has sent all chunks to peer 8
[17:41:50] Peer 4 has sent all chunks to peer 7
[17:41:50] Peer 4 has sent all chunks to peer 8
[17:41:50] Peer 4 has sent all chunks to peer 8
[17:41:50] Peer 4 has sent all chunks to peer 8
[17:41:50] Peer 4 has sent all chunks to peer 8
[17:41:50] Peer 4 has sent all chunks to peer 8
[17:41:50] Peer 4 has sent all chunks to peer 8
[17:41:50] Peer 4 has sent all chunks to peer 8
[17:41:51] Peer 4 has sent all chunks to peer 8
[17:41:51] Peer 4 has sent all chunks to peer 8
[17:41:51] Peer 4 has sent all chunks to peer 8
[17:41:51] Peer 4 has sent all chunks to peer 8
[17:41:51] Peer 4 has sent all chunks to peer 8
[17:41:51] Peer 4 has sent all chunks to peer 8
[17:41:51] Peer 4 has sent all chunks to peer 8
[17:41:51] Peer 4 has sent all chunks to peer 8
[17:41:51] Peer 4 has sent all chunks to peer 8
[17:41:51] Peer 4 has sent all chunks to peer 8
[17:41:51] Peer 4 has sent all chunks to peer 8
[17:41:51] Peer 4 has sent all chunks to peer 8
[17:41:52] Peer 4 has sent all chunks to peer 8
[17:41:52] Peer 4 has sent all chunks to peer 8
[17:41:52] Peer 4 has sent all chunks to peer 8
[17:41:52] Peer 4 has sent all chunks to peer 8
[17:41:52] Peer 4 has sent all chunks to peer 8
[17:41:52] Peer 4 has sent all chunks to peer 8
[17:41:52] Peer 4 has sent all chunks to peer 8
[17:42:40] ========================================
Peer 4 started just right now
===================================================
[17:42:40] You have entered the torrent
[17:42:59] You are now in SEND mode
[17:43:08] Peer 4 has sent all chunks to peer 7
[17:43:08] Peer 4 has sent all chunks to peer 7
[17:43:08] Peer 4 has sent all chunks to peer 7
[17:43:09] Peer 4 has sent all chunks to peer 7
[17:43:09] Peer 4 has sent all chunks to peer 7
[17:43:09] Peer 4 has sent all chunks to peer 7
[17:43:09] Peer 4 has sent all chunks to peer 7
[17:43:10] Peer 4 has sent all chunks to peer 8
[17:43:11] Peer 4 has sent all chunks to peer 8
[17:43:11] Peer 4 has sent all chunks to peer 8
[17:43:11] Peer 4 has sent all chunks to peer 8
[17:43:11] Peer 4 has sent all chunks to peer 8
[17:43:11] Peer 4 has sent all chunks to peer 8
[17:43:11] Peer 4 has sent all chunks to peer 8
[17:43:12] Peer 4 has sent all chunks to peer 8
[17:43:12] Peer 4 has sent all chunks to peer 8
[17:47:39] ========================================
Peer 4 started just right now
===================================================
[17:47:39] You have entered the torrent
[17:47:40] You are now in SEND mode
[17:48:00] Peer 4 has sent all chunks to peer 7
[17:48:00] Peer 4 has sent all chunks to peer 7
[17:48:00] Peer 4 has sent all chunks to peer 7
[17:48:00] Peer 4 has sent all chunks to peer 7
[17:48:00] Peer 4 has sent all chunks to peer 7
[17:48:01] Peer 4 has sent all chunks to peer 7
[17:48:01] Peer 4 has sent all chunks to peer 7
[17:48:01] Peer 4 has sent all chunks to peer 7
[17:48:01] Peer 4 has sent all chunks to peer 7
[17:48:01] Peer 4 has sent all chunks to peer 7
[17:48:01] Peer 4 has sent all chunks to peer 7
[17:48:01] Peer 4 has sent all chunks to peer 7
[17:48:01] Peer 4 has sent all chunks to peer 7
[17:48:02] Peer 4 has sent all chunks to peer 8
[17:48:02] Peer 4 has sent all chunks to peer 8
[17:48:02] Peer 4 has sent all chunks to peer 8
[17:48:02] Peer 4 has sent all chunks to peer 8
[17:48:02] Peer 4 has sent all chunks to peer 8
[17:48:02] Peer 4 has sent all chunks to peer 8
[17:48:02] Peer 4 has sent all chunks to peer 8
[17:48:03] Peer 4 has sent all chunks to peer 8
[17:48:03] Peer 4 has sent all chunks to peer 8
[17:48:03] Peer 4 has sent all chunks to peer 8
[17:48:03] Peer 4 has sent all chunks to peer 8
[17:48:03] Peer 4 has sent all chunks to peer 8
[17:48:03] Peer 4 has sent all chunks to peer 8
[17:50:43] ========================================
Peer 4 started just right now
===================================================
[17:50:43] You have entered the torrent
[17:50:43] You are now in SEND mode
[17:50:54] Peer 4 has sent all chunks to peer 7
[17:50:54] Peer 4 has sent all chunks to peer 7
[17:50:54] Peer 4 has sent all chunks to peer 7
[17:50:55] Peer 4 has sent all chunks to peer 7
[17:50:55] Peer 4 has sent all chunks to peer 7
[17:50:55] Peer 4 has sent all chunks to peer 7
[17:50:55] Peer 4 has sent all chunks to peer 7
[17:50:55] Peer 4 has sent all chunks to peer 7
[17:50:55] Peer 4 has sent all chunks to peer 7
[17:50:55] Peer 4 has sent all chunks to peer 7
[17:50:55] Peer 4 has sent all chunks to peer 7
[17:50:55] Peer 4 has sent all chunks to peer 7
[17:50:55] Peer 4 has sent all chunks to peer 7
[17:50:56] Peer 4 has sent all chunks to peer 8
[17:50:56] Peer 4 has sent all chunks to peer 8
[17:50:56] Peer 4 has sent all chunks to peer 8
[17:50:56] Peer 4 has sent all chunks to peer 8
[17:50:56] Peer 4 has sent all chunks to peer 8
[17:50:56] Peer 4 has sent all chunks to peer 8
[17:50:56] Peer 4 has sent all chunks to peer 8
[17:50:57] Peer 4 has sent all chunks to peer 8
[17:50:57] Peer 4 has sent all chunks to peer 8
[17:50:57] Peer 4 has sent all chunks to peer 8
[17:50:57] Peer 4 has sent all chunks to peer 8
[17:50:57] Peer 4 has sent all chunks to peer 8
[17:50:57] Peer 4 has sent all chunks to peer 8
[17:52:31] ========================================
Peer 4 started just right now
===================================================
[17:52:31] You have entered the torrent
[17:52:32] You are now in SEND mode
[17:53:37] Peer 4 has sent all chunks to peer 10
[17:53:37] Peer 4 has sent all chunks to peer 10
[17:53:38] Peer 4 has sent all chunks to peer 10
[17:53:38] Peer 4 has sent all chunks to peer 7
[17:53:38] Peer 4 has sent all chunks to peer 10
[17:53:38] Peer 4 has sent all chunks to peer 7
[17:53:38] Peer 4 has sent all chunks to peer 10
[17:53:38] Peer 4 has sent all chunks to peer 7
[17:53:38] Peer 4 has sent all chunks to peer 10
[17:53:38] Peer 4 has sent all chunks to peer 7
[17:53:38] Peer 4 has sent all chunks to peer 10
[17:53:39] Peer 4 has sent all chunks to peer 10
[17:53:39] Peer 4 has sent all chunks to peer 10
[17:53:39] Peer 4 has sent all chunks to peer 10
[17:53:40] Peer 4 has sent all chunks to peer 10
[17:53:40] Peer 4 has sent all chunks to peer 10
[17:53:40] Peer 4 has sent all chunks to peer 10
[17:54:59] ========================================
Peer 4 started just right now
===================================================
[17:54:59] You have entered the torrent
[17:55:00] You are now in SEND mode
[17:55:30] Peer 4 has sent all chunks to peer 10
[17:55:30] Peer 4 has sent all chunks to peer 10
[17:55:30] Peer 4 has sent all chunks to peer 7
[17:55:30] Peer 4 has sent all chunks to peer 10
[17:55:30] Peer 4 has sent all chunks to peer 7
[17:55:30] Peer 4 has sent all chunks to peer 10
[17:55:30] Peer 4 has sent all chunks to peer 7
[17:55:30] Peer 4 has sent all chunks to peer 7
[17:55:31] Peer 4 has sent all chunks to peer 10
[17:55:31] Peer 4 has sent all chunks to peer 7
[17:55:31] Peer 4 has sent all chunks to peer 10
[17:55:31] Peer 4 has sent all chunks to peer 7
[17:55:31] Peer 4 has sent all chunks to peer 10
[17:55:31] Peer 4 has sent all chunks to peer 7
[17:55:31] Peer 4 has sent all chunks to peer 10
[17:55:32] Peer 4 has sent all chunks to peer 7
[17:55:32] Peer 4 has sent all chunks to peer 10
[17:55:32] Peer 4 has sent all chunks to peer 10
[17:55:33] Peer 4 has sent all chunks to peer 10
[17:55:34] Peer 4 has sent all chunks to peer 10
[17:55:34] Peer 4 has sent all chunks to peer 10
[17:56:31] ========================================
Peer 4 started just right now
===================================================
[17:56:31] You have entered the torrent
[17:56:32] You are now in SEND mode
[17:57:00] ========================================
Peer 4 started just right now
===================================================
[17:57:00] You have entered the torrent
[17:57:02] You are now in SEND mode
[17:57:03] Peer 4 has sent all chunks to peer 7
[17:57:03] Peer 4 has sent all chunks to peer 7
[17:57:03] Peer 4 has sent all chunks to peer 7
[17:57:03] Peer 4 has sent all chunks to peer 7
[17:57:03] Peer 4 has sent all chunks to peer 7
[17:57:03] Peer 4 has sent all chunks to peer 7
[17:57:03] Peer 4 has sent all chunks to peer 7
[17:57:04] Peer 4 has sent all chunks to peer 7
[17:57:04] Peer 4 has sent all chunks to peer 7
[17:57:04] Peer 4 has sent all chunks to peer 7
[17:57:04] Peer 4 has sent all chunks to peer 7
[17:57:04] Peer 4 has sent all chunks to peer 7
[17:57:04] Peer 4 has sent all chunks to peer 7
[17:57:57] ========================================
Peer 4 started just right now
===================================================
[17:57:57] You have entered the torrent
[17:57:58] You are now in SEND mode
[17:58:13] Peer 4 has sent all chunks to peer 10
[17:58:13] Peer 4 has sent all chunks to peer 10
[17:58:13] Peer 4 has sent all chunks to peer 10
[17:58:14] Peer 4 has sent all chunks to peer 7
[17:58:14] Peer 4 has sent all chunks to peer 10
[17:58:14] Peer 4 has sent all chunks to peer 7
[17:58:14] Peer 4 has sent all chunks to peer 10
[17:58:14] Peer 4 has sent all chunks to peer 7
[17:58:14] Peer 4 has sent all chunks to peer 10
[17:58:14] Peer 4 has sent all chunks to peer 7
[17:58:14] Peer 4 has sent all chunks to peer 10
[17:58:14] Peer 4 has sent all chunks to peer 7
[17:58:14] Peer 4 has sent all chunks to peer 10
[17:58:14] Peer 4 has sent all chunks to peer 7
[17:58:14] Peer 4 has sent all chunks to peer 10
[17:58:14] Peer 4 has sent all chunks to peer 7
[17:58:15] Peer 4 has sent all chunks to peer 10
[17:58:15] Peer 4 has sent all chunks to peer 7
[17:58:15] Peer 4 has sent all chunks to peer 10
[17:58:15] Peer 4 has sent all chunks to peer 7
[17:58:15] Peer 4 has sent all chunks to peer 10
[17:58:15] Peer 4 has sent all chunks to peer 7
[17:58:15] Peer 4 has sent all chunks to peer 10
[17:58:15] Peer 4 has sent all chunks to peer 7
[17:58:15] Peer 4 has sent all chunks to peer 7
[17:58:15] Peer 4 has sent all chunks to peer 7
[17:59:15] You are already in SEND mode
[17:59:33] Peer 4 has sent all chunks to peer 10
[17:59:33] Peer 4 has sent all chunks to peer 10
[17:59:33] Peer 4 has sent all chunks to peer 10
[17:59:33] Peer 4 has sent all chunks to peer 7
[17:59:33] Peer 4 has sent all chunks to peer 10
[17:59:33] Peer 4 has sent all chunks to peer 7
[17:59:33] Peer 4 has sent all chunks to peer 10
[17:59:34] Peer 4 has sent all chunks to peer 7
[17:59:34] Peer 4 has sent all chunks to peer 10
[17:59:34] Peer 4 has sent all chunks to peer 7
[17:59:34] Peer 4 has sent all chunks to peer 10
[17:59:34] Peer 4 has sent all chunks to peer 7
[17:59:34] Peer 4 has sent all chunks to peer 10
[17:59:34] Peer 4 has sent all chunks to peer 7
[17:59:34] Peer 4 has sent all chunks to peer 10
[17:59:34] Peer 4 has sent all chunks to peer 7
[17:59:35] Peer 4 has sent all chunks to peer 10
[17:59:35] Peer 4 has sent all chunks to peer 7
[17:59:35] Peer 4 has sent all chunks to peer 10
[17:59:35] Peer 4 has sent all chunks to peer 7
[17:59:35] Peer 4 has sent all chunks to peer 10
[17:59:35] Peer 4 has sent all chunks to peer 7
[17:59:35] Peer 4 has sent all chunks to peer 10
[17:59:35] Peer 4 has sent all chunks to peer 7
[17:59:35] Peer 4 has sent all chunks to peer 10
[17:59:35] Peer 4 has sent all chunks to peer 7
[17:59:35] Peer 4 has sent all chunks to peer 10
[17:59:35] Peer 4 has sent all chunks to peer 7
[17:59:36] Peer 4 has sent all chunks to peer 10
[17:59:36] Peer 4 has sent all chunks to peer 7
[17:59:36] Peer 4 has sent all chunks to peer 10
[17:59:36] Peer 4 has sent all chunks to peer 7
[17:59:36] Peer 4 has sent all chunks to peer 10
[17:59:36] Peer 4 has sent all chunks to peer 7
[17:59:36] Peer 4 has sent all chunks to peer 10
[17:59:36] Peer 4 has sent all chunks to peer 7
[17:59:36] Peer 4 has sent all chunks to peer 10
[17:59:36] Peer 4 has sent all chunks to peer 7
[17:59:36] Peer 4 has sent all chunks to peer 10
[17:59:36] Peer 4 has sent all chunks to peer 7
[17:59:36] Peer 4 has sent all chunks to peer 10
[17:59:36] Peer 4 has sent all chunks to peer 7
[17:59:37] Peer 4 has sent all chunks to peer 10
[17:59:37] Peer 4 has sent all chunks to peer 7
[17:59:37] Peer 4 has sent all chunks to peer 10
[17:59:37] Peer 4 has sent all chunks to peer 7
[17:59:37] Peer 4 has sent all chunks to peer 10
[17:59:37] Peer 4 has sent all chunks to peer 7
[17:59:37] Peer 4 has sent all chunks to peer 10
[17:59:37] Peer 4 has sent all chunks to peer 7
[17:59:37] Peer 4 has sent all chunks to peer 10
[17:59:37] Peer 4 has sent all chunks to peer 7
[17:59:38] Peer 4 has sent all chunks to peer 10
[17:59:38] Peer 4 has sent all chunks to peer 7
[17:59:38] Peer 4 has sent all chunks to peer 10
[17:59:38] Peer 4 has sent all chunks to peer 7
[17:59:38] Peer 4 has sent all chunks to peer 10
[17:59:38] Peer 4 has sent all chunks to peer 7
[17:59:38] Peer 4 has sent all chunks to peer 10
[17:59:38] Peer 4 has sent all chunks to peer 7
[17:59:38] Peer 4 has sent all chunks to peer 10
[17:59:38] Peer 4 has sent all chunks to peer 7
[17:59:38] Peer 4 has sent all chunks to peer 10
[17:59:39] Peer 4 has sent all chunks to peer 7
[17:59:39] Peer 4 has sent all chunks to peer 10
[17:59:39] Peer 4 has sent all chunks to peer 7
[17:59:39] Peer 4 has sent all chunks to peer 10
[17:59:39] Peer 4 has sent all chunks to peer 10
[17:59:39] Peer 4 has sent all chunks to peer 10
[17:59:39] Peer 4 has sent all chunks to peer 10
[17:59:39] Peer 4 has sent all chunks to peer 7
[17:59:39] Peer 4 has sent all chunks to peer 10
[17:59:39] Peer 4 has sent all chunks to peer 7
[17:59:39] Peer 4 has sent all chunks to peer 10
[17:59:39] Peer 4 has sent all chunks to peer 7
[17:59:39] Peer 4 has sent all chunks to peer 10
[17:59:39] Peer 4 has sent all chunks to peer 7
[17:59:40] Peer 4 has sent all chunks to peer 10
[17:59:40] Peer 4 has sent all chunks to peer 7
[17:59:40] Peer 4 has sent all chunks to peer 10
[17:59:40] Peer 4 has sent all chunks to peer 7
[17:59:40] Peer 4 has sent all chunks to peer 7
[18:04:06] ========================================
Peer 4 started just right now
===================================================
[18:04:06] You have entered the torrent
[18:04:08] You are now in SEND mode
[18:04:31] Peer 4 has sent all chunks to peer 10
[18:04:31] Peer 4 has sent all chunks to peer 7
[18:04:31] Peer 4 has sent all chunks to peer 10
[18:04:31] Peer 4 has sent all chunks to peer 7
[18:04:31] Peer 4 has sent all chunks to peer 10
[18:04:31] Peer 4 has sent all chunks to peer 7
[18:04:32] Peer 4 has sent all chunks to peer 10
[18:04:32] Peer 4 has sent all chunks to peer 7
[18:04:32] Peer 4 has sent all chunks to peer 10
[18:04:32] Peer 4 has sent all chunks to peer 7
[18:04:32] Peer 4 has sent all chunks to peer 10
[18:04:32] Peer 4 has sent all chunks to peer 7
[18:04:32] Peer 4 has sent all chunks to peer 10
[18:04:32] Peer 4 has sent all chunks to peer 7
[18:04:33] Peer 4 has sent all chunks to peer 10
[18:04:33] Peer 4 has sent all chunks to peer 7
[18:04:33] Peer 4 has sent all chunks to peer 10
[18:04:33] Peer 4 has sent all chunks to peer 7
[18:04:33] Peer 4 has sent all chunks to peer 10
[18:04:33] Peer 4 has sent all chunks to peer 7
[18:04:33] Peer 4 has sent all chunks to peer 10
[18:04:33] Peer 4 has sent all chunks to peer 7
[18:04:33] Peer 4 has sent all chunks to peer 10
[18:04:34] Peer 4 has sent all chunks to peer 7
[18:04:34] Peer 4 has sent all chunks to peer 10
[18:04:34] Peer 4 has sent all chunks to peer 7
[18:04:34] Peer 4 has sent all chunks to peer 10
[18:04:34] Peer 4 has sent all chunks to peer 7
[18:04:34] Peer 4 has sent all chunks to peer 10
[18:04:34] Peer 4 has sent all chunks to peer 7
[18:04:34] Peer 4 has sent all chunks to peer 10
[18:04:34] Peer 4 has sent all chunks to peer 7
[18:04:35] Peer 4 has sent all chunks to peer 10
[18:04:35] Peer 4 has sent all chunks to peer 7
[18:04:35] Peer 4 has sent all chunks to peer 10
[18:04:35] Peer 4 has sent all chunks to peer 7
[18:04:35] Peer 4 has sent all chunks to peer 10
[18:04:35] Peer 4 has sent all chunks to peer 7
[18:04:36] Peer 4 has sent all chunks to peer 10
[18:04:36] Peer 4 has sent all chunks to peer 7
[18:04:36] Peer 4 has sent all chunks to peer 10
[18:04:36] Peer 4 has sent all chunks to peer 7
[18:04:36] Peer 4 has sent all chunks to peer 10
[18:04:36] Peer 4 has sent all chunks to peer 7
[18:04:36] Peer 4 has sent all chunks to peer 10
[18:04:37] Peer 4 has sent all chunks to peer 7
[18:04:37] Peer 4 has sent all chunks to peer 10
[18:04:37] Peer 4 has sent all chunks to peer 7
[18:04:37] Peer 4 has sent all chunks to peer 10
[18:04:37] Peer 4 has sent all chunks to peer 7
[18:04:37] Peer 4 has sent all chunks to peer 10
[18:04:37] Peer 4 has sent all chunks to peer 7
[18:04:37] Peer 4 has sent all chunks to peer 10
[18:04:38] Peer 4 has sent all chunks to peer 7
[18:04:38] Peer 4 has sent all chunks to peer 10
[18:04:38] Peer 4 has sent all chunks to peer 7
[18:04:38] Peer 4 has sent all chunks to peer 10
[18:04:38] Peer 4 has sent all chunks to peer 7
[18:04:38] Peer 4 has sent all chunks to peer 7
[18:04:38] Peer 4 has sent all chunks to peer 10
[18:04:39] Peer 4 has sent all chunks to peer 7
[18:04:39] Peer 4 has sent all chunks to peer 7
[18:04:39] Peer 4 has sent all chunks to peer 10
[18:04:39] Peer 4 has sent all chunks to peer 7
[18:04:39] Peer 4 has sent all chunks to peer 10
[18:04:39] Peer 4 has sent all chunks to peer 7
[18:04:39] Peer 4 has sent all chunks to peer 10
[18:04:40] Peer 4 has sent all chunks to peer 7
[18:04:40] Peer 4 has sent all chunks to peer 10
[18:04:40] Peer 4 has sent all chunks to peer 7
[18:04:40] Peer 4 has sent all chunks to peer 10
[18:04:40] Peer 4 has sent all chunks to peer 7
[18:04:40] Peer 4 has sent all chunks to peer 10
[18:04:40] Peer 4 has sent all chunks to peer 7
[18:04:40] Peer 4 has sent all chunks to peer 10
[18:04:40] Peer 4 has sent all chunks to peer 7
[18:04:41] Peer 4 has sent all chunks to peer 10
[18:04:41] Peer 4 has sent all chunks to peer 7
[18:04:41] Peer 4 has sent all chunks to peer 10
[18:04:41] Peer 4 has sent all chunks to peer 7
[18:04:41] Peer 4 has sent all chunks to peer 10
[18:04:41] Peer 4 has sent all chunks to peer 7
[18:04:41] Peer 4 has sent all chunks to peer 10
[18:04:42] Peer 4 has sent all chunks to peer 7
[18:04:42] Peer 4 has sent all chunks to peer 10
[18:04:42] Peer 4 has sent all chunks to peer 10
[15:02:48] ========================================
Peer 4 started just right now
===================================================
[15:02:48] You have entered the torrent
[15:04:02] ========================================
Peer 4 started just right now
===================================================
[15:04:02] You have entered the torrent
[15:04:19] You are now DOWNLOADING the file sach.pdf
[15:04:19] You are going to download the file sach.pdf from [3]
[15:04:19] The size of the file sach.pdf is 25528314 bytes
[15:04:29] All chunks of file sach.pdf have been downloaded, but they must be REASSEMBLED
[15:04:29] All chunks of file sach.pdf have been SORTED, they are almost ready to be REASSEMBLED
[15:04:29] The file sach.pdf has been downloaded and saved
[15:07:20] ========================================
Peer 4 started just right now
===================================================
[15:07:20] You have entered the torrent
[15:07:31] You are now in SEND mode
[15:11:06] ========================================
Peer 4 started just right now
===================================================
[15:11:06] You have entered the torrent
[15:11:16] You are now in SEND mode
[15:11:57] ========================================
Peer 4 started just right now
===================================================
[15:11:57] You have entered the torrent
[15:11:58] You are now in SEND mode
[15:12:32] ========================================
Peer 4 started just right now
===================================================
[15:12:32] You have entered the torrent
[15:13:45] ========================================
Peer 4 started just right now
===================================================
[15:13:45] You have entered the torrent
[15:14:06] You are now in SEND mode
[15:14:43] Peer 4 has sent all chunks to peer 5
[15:14:43] Peer 4 has sent all chunks to peer 5
[15:14:43] Peer 4 has sent all chunks to peer 5
[15:14:43] Peer 4 has sent all chunks to peer 5
[15:14:43] Peer 4 has sent all chunks to peer 5
[15:14:43] Peer 4 has sent all chunks to peer 5
[15:14:44] Peer 4 has sent all chunks to peer 5
[15:14:44] Peer 4 has sent all chunks to peer 5
[15:14:44] Peer 4 has sent all chunks to peer 5
[15:14:44] Peer 4 has sent all chunks to peer 5
[15:14:44] Peer 4 has sent all chunks to peer 5
[15:14:44] Peer 4 has sent all chunks to peer 5
[15:14:44] Peer 4 has sent all chunks to peer 5
[15:15:37] ========================================
Peer 4 started just right now
===================================================
[15:15:37] You have entered the torrent
[15:15:38] You are now in SEND mode
[15:16:03] ========================================
Peer 4 started just right now
===================================================
[15:16:03] You have entered the torrent
[15:16:04] You are now in SEND mode
[15:16:18] Peer 4 has sent all chunks to peer 5
[15:16:18] Peer 4 has sent all chunks to peer 5
[15:16:18] Peer 4 has sent all chunks to peer 5
[15:16:18] Peer 4 has sent all chunks to peer 5
[15:16:18] Peer 4 has sent all chunks to peer 5
[15:16:18] Peer 4 has sent all chunks to peer 5
[15:16:18] Peer 4 has sent all chunks to peer 5
[15:16:19] Peer 4 has sent all chunks to peer 5
[15:16:19] Peer 4 has sent all chunks to peer 5
[15:16:19] Peer 4 has sent all chunks to peer 5
[15:16:19] Peer 4 has sent all chunks to peer 5
[15:16:19] Peer 4 has sent all chunks to peer 5
[15:16:19] Peer 4 has sent all chunks to peer 5
[15:16:19] Peer 4 has sent all chunks to peer 7
[15:16:19] Peer 4 has sent all chunks to peer 7
[15:16:20] Peer 4 has sent all chunks to peer 7
[15:16:20] Peer 4 has sent all chunks to peer 7
[15:16:20] Peer 4 has sent all chunks to peer 7
[15:16:20] Peer 4 has sent all chunks to peer 7
[15:16:20] Peer 4 has sent all chunks to peer 7
[15:16:20] Peer 4 has sent all chunks to peer 7
[15:16:20] Peer 4 has sent all chunks to peer 7
[15:16:20] Peer 4 has sent all chunks to peer 7
[15:16:20] Peer 4 has sent all chunks to peer 7
[15:16:20] Peer 4 has sent all chunks to peer 7
[15:16:20] Peer 4 has sent all chunks to peer 7
[15:21:02] ========================================
Peer 4 started just right now
===================================================
[15:21:02] You have entered the torrent
[15:21:03] You are now in SEND mode
[15:21:34] Peer 4 has sent all chunks to peer 7
[15:21:34] Peer 4 has sent all chunks to peer 7
[15:21:34] Peer 4 has sent all chunks to peer 7
[15:21:34] Peer 4 has sent all chunks to peer 7
[15:21:34] Peer 4 has sent all chunks to peer 7
[15:21:34] Peer 4 has sent all chunks to peer 7
[15:21:34] Peer 4 has sent all chunks to peer 7
[15:21:35] Peer 4 has sent all chunks to peer 7
[15:21:35] Peer 4 has sent all chunks to peer 7
[15:21:35] Peer 4 has sent all chunks to peer 7
[15:21:35] Peer 4 has sent all chunks to peer 7
[15:21:35] Peer 4 has sent all chunks to peer 7
[15:21:35] Peer 4 has sent all chunks to peer 7
[15:21:36] Peer 4 has sent all chunks to peer 5
[15:21:36] Peer 4 has sent all chunks to peer 5
[15:21:36] Peer 4 has sent all chunks to peer 5
[15:21:36] Peer 4 has sent all chunks to peer 5
[15:21:37] Peer 4 has sent all chunks to peer 5
[15:21:37] Peer 4 has sent all chunks to peer 5
[15:21:37] Peer 4 has sent all chunks to peer 5
[15:22:10] ========================================
Peer 4 started just right now
===================================================
[15:22:10] You have entered the torrent
[15:22:11] You are now in SEND mode
[15:22:24] Peer 4 has sent all chunks to peer 7
[15:22:24] Peer 4 has sent all chunks to peer 7
[15:22:24] Peer 4 has sent all chunks to peer 7
[15:22:24] Peer 4 has sent all chunks to peer 7
[15:22:24] Peer 4 has sent all chunks to peer 7
[15:22:25] Peer 4 has sent all chunks to peer 7
[15:22:25] Peer 4 has sent all chunks to peer 7
[15:22:25] Peer 4 has sent all chunks to peer 7
[15:22:25] Peer 4 has sent all chunks to peer 7
[15:22:25] Peer 4 has sent all chunks to peer 7
[15:22:25] Peer 4 has sent all chunks to peer 7
[15:22:25] Peer 4 has sent all chunks to peer 7
[15:22:25] Peer 4 has sent all chunks to peer 7
[15:22:25] Peer 4 has sent all chunks to peer 5
[15:22:25] Peer 4 has sent all chunks to peer 5
[15:22:25] Peer 4 has sent all chunks to peer 5
[15:22:25] Peer 4 has sent all chunks to peer 5
[15:22:26] Peer 4 has sent all chunks to peer 5
[15:22:26] Peer 4 has sent all chunks to peer 5
[15:22:26] Peer 4 has sent all chunks to peer 5
[15:22:26] Peer 4 has sent all chunks to peer 5
[15:22:26] Peer 4 has sent all chunks to peer 5
[15:22:26] Peer 4 has sent all chunks to peer 5
[15:22:26] Peer 4 has sent all chunks to peer 5
[15:22:26] Peer 4 has sent all chunks to peer 5
[15:22:26] Peer 4 has sent all chunks to peer 5
[16:43:48] ========================================
Peer 4 started just right now
===================================================
[16:43:48] You have entered the torrent
[16:43:55] You are now in SEND mode
[16:44:35] ========================================
Peer 4 started just right now
===================================================
[16:44:35] You have entered the torrent
[16:46:19] ========================================
Peer 4 started just right now
===================================================
[16:46:20] You have entered the torrent
[16:46:38] You are now DOWNLOADING the file m.pdf
[16:46:38] You are going to download the file m.pdf from [1]
[16:46:38] The size of the file m.pdf is 48422997 bytes
[16:46:43] All chunks of file m.pdf have been downloaded, but they must be REASSEMBLED
[16:46:43] All chunks of file m.pdf have been SORTED, they are almost ready to be REASSEMBLED
[16:46:43] The file m.pdf has been downloaded and saved
[17:00:29] ========================================
Peer 4 started just right now
===================================================
[17:00:29] You have entered the torrent
[17:00:36] You are now in SEND mode
