[17:20:47] ========================================
Peer 13 started just right now
===================================================
[17:20:47] You have entered the torrent
[17:21:09] You are now DOWNLOADING the file CHAP5.pdf
[17:21:34] ========================================
Peer 13 started just right now
===================================================
[17:21:34] You have entered the torrent
[17:21:38] You are now DOWNLOADING the file CHAP5.pdf
[17:21:39] You are going to download the file CHAP5.pdf from [10]
[17:21:39] The size of the file CHAP5.pdf is 6286667 bytes
[17:22:47] ========================================
Peer 13 started just right now
===================================================
[17:22:47] You have entered the torrent
[17:22:47] You are now DOWNLOADING the file CHAP5.pdf
[17:23:05] ========================================
Peer 13 started just right now
===================================================
[17:23:05] You have entered the torrent
[17:23:06] You are now DOWNLOADING the file CHAP5.pdf
[17:23:06] You are going to download the file CHAP5.pdf from [10]
[17:23:06] The size of the file CHAP5.pdf is 6286667 bytes
[17:23:22] All chunks of file CHAP5.pdf have been downloaded, but they must be REASSEMBLED
[17:23:22] All chunks of file CHAP5.pdf have been SORTED, they are almost ready to be REASSEMBLED
[17:23:22] The file CHAP5.pdf has been downloaded and saved
[17:24:35] ========================================
Peer 13 started just right now
===================================================
[17:24:35] You have entered the torrent
[17:24:42] ========================================
Peer 13 started just right now
===================================================
[17:24:42] You have entered the torrent
[17:24:51] You are now DOWNLOADING the file CHAP5.pdf
[17:24:52] You are going to download the file CHAP5.pdf from [10]
[17:24:52] The size of the file CHAP5.pdf is 6286667 bytes
[17:33:13] ========================================
Peer 13 started just right now
===================================================
[17:33:13] You have entered the torrent
[17:33:37] You are now DOWNLOADING the file CHAP5.pdf
[17:33:37] You are going to download the file CHAP5.pdf from [1]
[17:33:37] The size of the file CHAP5.pdf is 6389067 bytes
[17:33:56] ========================================
Peer 13 started just right now
===================================================
[17:33:56] You have entered the torrent
[17:34:00] You are now DOWNLOADING the file CHAP5.pdf
[17:34:00] You are going to download the file CHAP5.pdf from [1]
[17:34:00] The size of the file CHAP5.pdf is 6389067 bytes
[17:34:06] All chunks of file CHAP5.pdf have been downloaded, but they must be REASSEMBLED
[17:34:06] All chunks of file CHAP5.pdf have been SORTED, they are almost ready to be REASSEMBLED
[17:34:06] The file CHAP5.pdf has been downloaded and saved
