[11:09:37] ========================================
Peer 5 started just right now
===================================================
[11:09:37] You have entered the torrent
[11:09:37] I am informing the tracker that I am still alive.
[11:09:43] You are now DOWNLOADING the file CHAP5.pdf
[11:09:43] You are going to download the file CHAP5.pdf from [1, 3, 2]
[11:09:43] The size of the file CHAP5.pdf is 6389067 bytes
[11:09:43] I sent request for a chunk of file CHAP5.pdf to peer 1
[11:09:43] I sent request for a chunk of file CHAP5.pdf to peer 2
[11:09:43] I sent request for a chunk of file CHAP5.pdf to peer 3
[11:09:43] All chunks of file CHAP5.pdf have been downloaded, but they must be REASSEMBLED
[11:09:43] All chunks of file CHAP5.pdf have been SORTED, they are almost ready to be REASSEMBLED
[11:09:43] The file CHAP5.pdf has been downloaded and saved
[11:10:02] I am informing the tracker that I am still alive.
[11:10:27] I am informing the tracker that I am still alive.
[11:11:57] ========================================
Peer 5 started just right now
===================================================
[11:11:57] You have entered the torrent
[11:11:57] I am informing the tracker that I am still alive.
