[17:08:33] ========================================
Peer 3 started just right now
========================================
[17:08:33] You have entered the torrent
[17:08:33] I am informing the tracker that I am still alive.
[17:41:30] ========================================
Peer 3 started just right now
========================================
[17:41:30] You have entered the torrent
[17:41:30] I am informing the tracker that I am still alive.
[17:41:37] You are now DOWNLOADING the file CHAP5.pdf
[17:41:37] You are going to download the file CHAP5.pdf from [1]
[17:41:37] The size of the file CHAP5.pdf is 6389067 bytes
[17:41:37] I sent request for a chunk of file CHAP5.pdf to peer 1
[17:41:39] All chunks of file CHAP5.pdf have been downloaded, but they must be REASSEMBLED
[17:41:39] All chunks of file CHAP5.pdf have been SORTED, they are almost ready to be REASSEMBLED
[17:41:39] The file CHAP5.pdf has been downloaded and saved
[17:41:47] You already have the file CHAP5.pdf
[17:41:50] I am informing the tracker that I am still alive.
[17:42:10] I am informing the tracker that I am still alive.
[17:42:30] I am informing the tracker that I am still alive.
[17:42:50] I am informing the tracker that I am still alive.
[17:43:10] I am informing the tracker that I am still alive.
[17:43:30] I am informing the tracker that I am still alive.
[17:43:50] I am informing the tracker that I am still alive.
[17:44:10] I am informing the tracker that I am still alive.
[17:44:30] I am informing the tracker that I am still alive.
[17:44:50] I am informing the tracker that I am still alive.
[17:45:10] I am informing the tracker that I am still alive.
[17:45:30] I am informing the tracker that I am still alive.
[17:45:40] You are now DOWNLOADING the file VID1.mkv
[17:45:40] You are going to download the file VID1.mkv from [1]
[17:45:40] The size of the file VID1.mkv is 1548103894 bytes
[17:45:40] I sent request for a chunk of file VID1.mkv to peer 1
[17:45:50] I am informing the tracker that I am still alive.
[17:46:10] I am informing the tracker that I am still alive.
[17:46:30] I am informing the tracker that I am still alive.
[17:46:50] I am informing the tracker that I am still alive.
[17:47:10] I am informing the tracker that I am still alive.
[17:49:03] ========================================
Peer 3 started just right now
========================================
[17:49:03] You have entered the torrent
[17:49:03] I am informing the tracker that I am still alive.
[17:49:23] I am informing the tracker that I am still alive.
[17:49:25] You are now DOWNLOADING the file 
[17:49:25] No other peer has the file 
[17:49:30] You are now DOWNLOADING the file VID1.mkv
[17:49:30] No other peer has the file VID1.mkv
[17:49:40] You are now DOWNLOADING the file VID1.mkv
[17:49:40] No other peer has the file VID1.mkv
[17:49:43] I am informing the tracker that I am still alive.
[17:49:56] You are now DOWNLOADING the file CHAP5.pdf
[17:49:56] No other peer has the file CHAP5.pdf
[17:50:03] I am informing the tracker that I am still alive.
[17:50:23] I am informing the tracker that I am still alive.
[17:50:34] You are now DOWNLOADING the file CHAP5.pdf
[17:50:34] You are going to download the file CHAP5.pdf from [2, 1]
[17:50:34] The size of the file CHAP5.pdf is 6389067 bytes
[17:50:34] I sent request for a chunk of file CHAP5.pdf to peer 2
[17:50:34] I sent request for a chunk of file CHAP5.pdf to peer 1
[17:50:35] All chunks of file CHAP5.pdf have been downloaded, but they must be REASSEMBLED
[17:50:35] All chunks of file CHAP5.pdf have been SORTED, they are almost ready to be REASSEMBLED
[17:50:35] The file CHAP5.pdf has been downloaded and saved
[17:50:43] I am informing the tracker that I am still alive.
[17:51:24] ========================================
Peer 3 started just right now
========================================
[17:51:24] You have entered the torrent
[17:51:24] I am informing the tracker that I am still alive.
[17:51:38] You are now in SEND mode
[17:51:44] I am informing the tracker that I am still alive.
[17:51:46] ========================================
Peer 3 started just right now
========================================
[17:51:46] You have entered the torrent
[17:51:46] I am informing the tracker that I am still alive.
[17:51:48] You are now in SEND mode
[17:52:06] I am informing the tracker that I am still alive.
[23:57:40] ========================================
Peer 3 started just right now
===================================================
[23:57:40] You have entered the torrent
[23:57:40] I am informing the tracker that I am still alive.
[23:58:00] I am informing the tracker that I am still alive.
[23:58:20] I am informing the tracker that I am still alive.
[23:58:40] I am informing the tracker that I am still alive.
[23:59:28] ========================================
Peer 3 started just right now
===================================================
[23:59:28] You have entered the torrent
[23:59:28] I am informing the tracker that I am still alive.
[23:59:48] I am informing the tracker that I am still alive.
[00:00:08] I am informing the tracker that I am still alive.
[00:00:28] I am informing the tracker that I am still alive.
[00:00:48] I am informing the tracker that I am still alive.
[00:01:08] I am informing the tracker that I am still alive.
[00:01:28] I am informing the tracker that I am still alive.
[00:01:48] I am informing the tracker that I am still alive.
[00:02:08] I am informing the tracker that I am still alive.
[00:02:28] I am informing the tracker that I am still alive.
[00:02:48] I am informing the tracker that I am still alive.
[00:03:08] I am informing the tracker that I am still alive.
[00:03:28] I am informing the tracker that I am still alive.
[00:03:48] I am informing the tracker that I am still alive.
[00:04:08] I am informing the tracker that I am still alive.
[00:04:28] I am informing the tracker that I am still alive.
[00:04:48] I am informing the tracker that I am still alive.
[00:05:08] I am informing the tracker that I am still alive.
[00:05:28] I am informing the tracker that I am still alive.
[00:05:48] I am informing the tracker that I am still alive.
[00:12:15] ========================================
Peer 3 started just right now
===================================================
[00:12:15] You have entered the torrent
[00:12:15] I am informing the tracker that I am still alive.
[00:12:31] You have asked the tracker to SCRAPE the file VID1.mkv
[00:12:35] I am informing the tracker that I am still alive.
[00:12:55] I am informing the tracker that I am still alive.
[00:13:15] I am informing the tracker that I am still alive.
[00:13:35] I am informing the tracker that I am still alive.
[00:13:55] I am informing the tracker that I am still alive.
[00:14:15] I am informing the tracker that I am still alive.
[00:14:35] I am informing the tracker that I am still alive.
[00:14:55] I am informing the tracker that I am still alive.
[00:15:15] I am informing the tracker that I am still alive.
[00:15:35] I am informing the tracker that I am still alive.
[00:15:55] I am informing the tracker that I am still alive.
[00:16:15] I am informing the tracker that I am still alive.
[00:16:35] I am informing the tracker that I am still alive.
[00:16:55] I am informing the tracker that I am still alive.
[00:17:15] I am informing the tracker that I am still alive.
[00:17:35] I am informing the tracker that I am still alive.
[00:17:55] I am informing the tracker that I am still alive.
[00:18:15] I am informing the tracker that I am still alive.
[00:18:35] I am informing the tracker that I am still alive.
[00:18:55] I am informing the tracker that I am still alive.
[00:19:15] I am informing the tracker that I am still alive.
[00:19:47] ========================================
Peer 3 started just right now
===================================================
[00:19:47] You have entered the torrent
[00:19:47] I am informing the tracker that I am still alive.
[00:19:49] You have asked the tracker to SCRAPE the file VID1.mkv
[00:19:49] Scrape results for file VID1.mkv: Number of seeders: 1, Number of leechers: 0
[00:20:07] I am informing the tracker that I am still alive.
[00:20:27] I am informing the tracker that I am still alive.
[00:20:47] I am informing the tracker that I am still alive.
[00:21:07] I am informing the tracker that I am still alive.
[00:21:27] I am informing the tracker that I am still alive.
[00:21:47] I am informing the tracker that I am still alive.
[00:22:07] I am informing the tracker that I am still alive.
[00:22:27] I am informing the tracker that I am still alive.
[00:22:47] I am informing the tracker that I am still alive.
[00:23:07] I am informing the tracker that I am still alive.
[00:23:27] I am informing the tracker that I am still alive.
[00:23:47] I am informing the tracker that I am still alive.
[00:24:07] I am informing the tracker that I am still alive.
[00:24:27] I am informing the tracker that I am still alive.
[00:24:47] I am informing the tracker that I am still alive.
[00:25:07] I am informing the tracker that I am still alive.
[00:25:27] I am informing the tracker that I am still alive.
[00:25:47] I am informing the tracker that I am still alive.
[00:47:26] ========================================
Peer 3 started just right now
===================================================
[00:47:26] You have entered the torrent
[00:47:26] I am informing the tracker that I am still alive.
[00:47:29] You have asked the tracker to SCRAPE the file VID1.mkv
[00:47:29] Scrape results for file VID1.mkv: Number of seeders: 1, Number of leechers: 1
[00:47:46] I am informing the tracker that I am still alive.
[00:48:06] I am informing the tracker that I am still alive.
[20:36:47] ========================================
Peer 3 started just right now
===================================================
[20:36:47] You have entered the torrent
[20:36:47] I am informing the tracker that I am still alive.
[20:37:07] I am informing the tracker that I am still alive.
[20:37:27] I am informing the tracker that I am still alive.
[20:37:47] I am informing the tracker that I am still alive.
[20:38:07] I am informing the tracker that I am still alive.
[20:38:27] I am informing the tracker that I am still alive.
[20:38:33] You have asked the tracker to SCRAPE the file CHAP5.pdf
[20:38:33] Scrape results for file CHAP5.pdf: Number of seeders: 1, Number of leechers: 0
[20:38:47] I am informing the tracker that I am still alive.
[20:39:07] I am informing the tracker that I am still alive.
[20:39:27] I am informing the tracker that I am still alive.
[07:55:04] ========================================
Peer 3 started just right now
===================================================
[07:55:04] You have entered the torrent
[07:55:04] I am informing the tracker that I am still alive.
[07:55:24] I am informing the tracker that I am still alive.
[07:55:32] You have asked the tracker to SCRAPE the file CHAP5.pdf
[07:55:32] Scrape results for file CHAP5.pdf: Number of seeders: 0, Number of leechers: 0
[07:55:44] I am informing the tracker that I am still alive.
[07:56:04] I am informing the tracker that I am still alive.
[07:56:05] You have asked the tracker to SCRAPE the file CHAP5.pdf
[07:56:05] Scrape results for file CHAP5.pdf: Number of seeders: 2, Number of leechers: 0
[07:56:20] You have exited the torrent
[08:02:39] ========================================
Peer 3 started just right now
===================================================
[08:02:39] You have entered the torrent
[08:02:39] I am informing the tracker that I am still alive.
[08:02:59] I am informing the tracker that I am still alive.
[08:03:19] I am informing the tracker that I am still alive.
[08:03:39] I am informing the tracker that I am still alive.
[08:03:58] ========================================
Peer 3 started just right now
===================================================
[08:03:58] You have entered the torrent
[08:03:58] I am informing the tracker that I am still alive.
[08:04:18] I am informing the tracker that I am still alive.
[08:04:38] I am informing the tracker that I am still alive.
[08:04:58] I am informing the tracker that I am still alive.
[08:05:18] I am informing the tracker that I am still alive.
[08:05:38] I am informing the tracker that I am still alive.
[08:05:58] I am informing the tracker that I am still alive.
[08:06:18] I am informing the tracker that I am still alive.
[08:08:16] ========================================
Peer 3 started just right now
===================================================
[08:08:16] You have entered the torrent
[08:08:16] I am informing the tracker that I am still alive.
[08:08:36] I am informing the tracker that I am still alive.
[08:08:56] I am informing the tracker that I am still alive.
[08:09:16] I am informing the tracker that I am still alive.
[08:09:36] I am informing the tracker that I am still alive.
[08:09:56] I am informing the tracker that I am still alive.
[08:10:16] I am informing the tracker that I am still alive.
[08:10:36] I am informing the tracker that I am still alive.
[08:10:51] You already have the file CHAP5.pdf
[08:10:56] I am informing the tracker that I am still alive.
[08:11:16] I am informing the tracker that I am still alive.
[08:11:36] I am informing the tracker that I am still alive.
[08:11:42] You are now DOWNLOADING the file CHAP5.pdf
[08:11:42] You are going to download the file CHAP5.pdf from [1, 2]
[08:11:42] The size of the file CHAP5.pdf is 6389067 bytes
[08:11:42] I sent request for a chunk of file CHAP5.pdf to peer 1
[08:11:43] All chunks of file CHAP5.pdf have been downloaded, but they must be REASSEMBLED
[08:11:43] All chunks of file CHAP5.pdf have been SORTED, they are almost ready to be REASSEMBLED
[08:11:43] The file CHAP5.pdf has been downloaded and saved
[08:11:56] I am informing the tracker that I am still alive.
[08:12:20] ========================================
Peer 3 started just right now
===================================================
[08:12:20] You have entered the torrent
[08:12:20] I am informing the tracker that I am still alive.
[08:12:40] I am informing the tracker that I am still alive.
[08:12:41] You are now in SEND mode
[08:13:00] I am informing the tracker that I am still alive.
[08:13:20] I am informing the tracker that I am still alive.
[08:13:40] I am informing the tracker that I am still alive.
[08:14:01] ========================================
Peer 3 started just right now
===================================================
[08:14:01] You have entered the torrent
[08:14:01] I am informing the tracker that I am still alive.
[08:14:21] I am informing the tracker that I am still alive.
[08:14:41] I am informing the tracker that I am still alive.
[08:14:43] You are now DOWNLOADING the file ASS1.pdf
[08:14:43] You are going to download the file ASS1.pdf from [2, 1]
[08:14:43] The size of the file ASS1.pdf is 209095 bytes
[08:14:43] I sent request for a chunk of file ASS1.pdf to peer 1
[08:14:43] I sent request for a chunk of file ASS1.pdf to peer 2
[08:14:43] All chunks of file ASS1.pdf have been downloaded, but they must be REASSEMBLED
[08:14:43] All chunks of file ASS1.pdf have been SORTED, they are almost ready to be REASSEMBLED
[08:14:43] The file ASS1.pdf has been downloaded and saved
[08:15:01] I am informing the tracker that I am still alive.
[08:15:21] I am informing the tracker that I am still alive.
[08:15:41] I am informing the tracker that I am still alive.
[08:16:01] I am informing the tracker that I am still alive.
[08:16:21] I am informing the tracker that I am still alive.
[08:16:41] I am informing the tracker that I am still alive.
[08:17:01] I am informing the tracker that I am still alive.
[08:23:05] ========================================
Peer 3 started just right now
===================================================
[08:23:05] You have entered the torrent
[08:23:05] I am informing the tracker that I am still alive.
[08:23:30] I am informing the tracker that I am still alive.
[08:23:55] I am informing the tracker that I am still alive.
[08:23:59] You are now DOWNLOADING the file ASS1.pdf
[08:23:59] You are going to download the file ASS1.pdf from [2]
[08:24:31] ========================================
Peer 3 started just right now
===================================================
[08:24:31] You have entered the torrent
[08:24:31] I am informing the tracker that I am still alive.
[08:24:56] I am informing the tracker that I am still alive.
[08:25:21] I am informing the tracker that I am still alive.
[08:25:30] You are now DOWNLOADING the file CHAP5.pdf
[08:25:46] I am informing the tracker that I am still alive.
[08:25:48] You are now DOWNLOADING the file CHAP5.pdf
[08:26:20] ========================================
Peer 3 started just right now
===================================================
[08:26:20] You have entered the torrent
[08:26:20] I am informing the tracker that I am still alive.
[08:27:10] ========================================
Peer 3 started just right now
===================================================
[08:27:10] You have entered the torrent
[08:27:10] I am informing the tracker that I am still alive.
[08:27:35] I am informing the tracker that I am still alive.
[08:27:46] You are now DOWNLOADING the file v.mkv
[08:27:46] You are going to download the file v.mkv from [1]
[08:28:00] I am informing the tracker that I am still alive.
[08:28:23] ========================================
Peer 3 started just right now
===================================================
[08:28:23] You have entered the torrent
[08:28:23] I am informing the tracker that I am still alive.
[08:28:58] ========================================
Peer 3 started just right now
===================================================
[08:28:58] You have entered the torrent
[08:28:58] I am informing the tracker that I am still alive.
[08:29:23] I am informing the tracker that I am still alive.
[08:29:37] You are now DOWNLOADING the file v.mkv
[08:29:37] You are going to download the file v.mkv from [1, 2]
[08:29:37] The size of the file v.mkv is 1548103894 bytes
[08:29:37] I sent request for a chunk of file v.mkv to peer 1
[08:29:37] I sent request for a chunk of file v.mkv to peer 2
[08:29:48] I am informing the tracker that I am still alive.
[08:30:13] I am informing the tracker that I am still alive.
[08:30:38] I am informing the tracker that I am still alive.
[08:31:18] ========================================
Peer 3 started just right now
===================================================
[08:31:18] You have entered the torrent
[08:31:18] I am informing the tracker that I am still alive.
[08:31:21] You are now DOWNLOADING the file v.mkv
[08:31:21] You are going to download the file v.mkv from [2, 1]
[08:31:39] ========================================
Peer 3 started just right now
===================================================
[08:31:39] You have entered the torrent
[08:31:39] I am informing the tracker that I am still alive.
[08:31:45] You are now DOWNLOADING the file v.mkv
[08:31:45] You are going to download the file v.mkv from [1]
[08:31:45] The size of the file v.mkv is 1548103894 bytes
[08:31:45] I sent request for a chunk of file v.mkv to peer 1
[09:14:25] ========================================
Peer 3 started just right now
===================================================
[11:01:27] ========================================
Peer 3 started just right now
===================================================
[11:01:27] You have entered the torrent
[11:01:27] I am informing the tracker that I am still alive.
[11:01:47] You are now DOWNLOADING the file ASS1.pdf
[11:01:47] You are going to download the file ASS1.pdf from [1]
[11:01:47] The size of the file ASS1.pdf is 209095 bytes
[11:01:47] I sent request for a chunk of file ASS1.pdf to peer 1
[11:01:47] All chunks of file ASS1.pdf have been downloaded, but they must be REASSEMBLED
[11:01:47] All chunks of file ASS1.pdf have been SORTED, they are almost ready to be REASSEMBLED
[11:01:47] The file ASS1.pdf has been downloaded and saved
[11:01:52] I am informing the tracker that I am still alive.
[11:02:17] I am informing the tracker that I am still alive.
[11:02:42] I am informing the tracker that I am still alive.
[11:03:07] I am informing the tracker that I am still alive.
[11:03:32] I am informing the tracker that I am still alive.
[11:03:57] I am informing the tracker that I am still alive.
[11:04:22] I am informing the tracker that I am still alive.
[11:04:47] I am informing the tracker that I am still alive.
[11:05:12] I am informing the tracker that I am still alive.
[11:05:37] I am informing the tracker that I am still alive.
[11:06:02] I am informing the tracker that I am still alive.
[11:06:27] I am informing the tracker that I am still alive.
[11:06:52] I am informing the tracker that I am still alive.
[11:07:39] ========================================
Peer 3 started just right now
===================================================
[11:07:39] You have entered the torrent
[11:07:39] I am informing the tracker that I am still alive.
[11:08:04] I am informing the tracker that I am still alive.
[11:08:07] You are now DOWNLOADING the file 
[11:08:07] No other peer has the file 
[11:08:11] You are now DOWNLOADING the file CHAP5.pdf
[11:08:11] You are going to download the file CHAP5.pdf from [1]
[11:08:11] The size of the file CHAP5.pdf is 6389067 bytes
[11:08:11] I sent request for a chunk of file CHAP5.pdf to peer 1
[11:08:13] All chunks of file CHAP5.pdf have been downloaded, but they must be REASSEMBLED
[11:08:13] All chunks of file CHAP5.pdf have been SORTED, they are almost ready to be REASSEMBLED
[11:08:13] The file CHAP5.pdf has been downloaded and saved
[11:08:29] I am informing the tracker that I am still alive.
[11:08:54] I am informing the tracker that I am still alive.
