[11:12:04] ========================================
Peer 6 started just right now
===================================================
[11:12:04] You have entered the torrent
[11:12:04] I am informing the tracker that I am still alive.
[11:12:29] I am informing the tracker that I am still alive.
[11:12:35] ========================================
Peer 6 started just right now
===================================================
[11:12:35] You have entered the torrent
[11:12:35] I am informing the tracker that I am still alive.
[11:12:43] You are now DOWNLOADING the file CHAP5.pdf
[11:12:43] You are going to download the file CHAP5.pdf from [1]
[11:12:43] The size of the file CHAP5.pdf is 6389067 bytes
[11:12:43] I sent request for a chunk of file CHAP5.pdf to peer 1
[11:12:45] All chunks of file CHAP5.pdf have been downloaded, but they must be REASSEMBLED
[11:12:45] All chunks of file CHAP5.pdf have been SORTED, they are almost ready to be REASSEMBLED
[11:12:45] The file CHAP5.pdf has been downloaded and saved
[11:13:00] I am informing the tracker that I am still alive.
[11:14:33] ========================================
Peer 6 started just right now
===================================================
[11:14:33] You have entered the torrent
[11:14:33] I am informing the tracker that I am still alive.
[11:14:58] I am informing the tracker that I am still alive.
[11:15:15] You are now DOWNLOADING the file ASS1.pdf
[11:15:15] You are going to download the file ASS1.pdf from [1]
[11:15:15] The size of the file ASS1.pdf is 209095 bytes
[11:15:15] I sent request for a chunk of file ASS1.pdf to peer 1
[11:15:15] All chunks of file ASS1.pdf have been downloaded, but they must be REASSEMBLED
[11:15:15] All chunks of file ASS1.pdf have been SORTED, they are almost ready to be REASSEMBLED
[11:15:15] The file ASS1.pdf has been downloaded and saved
[11:15:23] I am informing the tracker that I am still alive.
[11:15:48] I am informing the tracker that I am still alive.
