[11:57:10] ========================================
Peer 8 started just right now
===================================================
[11:57:10] You have entered the torrent
[11:57:10] I am informing the tracker that I am still alive.
[11:57:35] I am informing the tracker that I am still alive.
[11:57:58] You are now DOWNLOADING the file ASS1.pdf
[11:57:58] You are going to download the file ASS1.pdf from [2, 1]
[11:57:58] The size of the file ASS1.pdf is 209095 bytes
[11:57:58] I sent request for a chunk of file ASS1.pdf to peer 2
[11:57:58] I sent request for a chunk of file ASS1.pdf to peer 1
[11:57:58] All chunks of file ASS1.pdf have been downloaded, but they must be REASSEMBLED
[11:57:58] All chunks of file ASS1.pdf have been SORTED, they are almost ready to be REASSEMBLED
[11:57:58] The file ASS1.pdf has been downloaded and saved
[11:58:00] I am informing the tracker that I am still alive.
[11:58:25] I am informing the tracker that I am still alive.
[11:58:38] You are now DOWNLOADING the file CHAP5.pdf
[11:58:38] You are going to download the file CHAP5.pdf from [2, 1]
[11:58:38] The size of the file CHAP5.pdf is 6389067 bytes
[11:58:38] I sent request for a chunk of file CHAP5.pdf to peer 1
[11:58:38] I sent request for a chunk of file CHAP5.pdf to peer 2
[11:58:40] All chunks of file CHAP5.pdf have been downloaded, but they must be REASSEMBLED
[11:58:40] All chunks of file CHAP5.pdf have been SORTED, they are almost ready to be REASSEMBLED
[11:58:40] The file CHAP5.pdf has been downloaded and saved
[11:58:50] I am informing the tracker that I am still alive.
[11:59:15] I am informing the tracker that I am still alive.
[11:59:29] You are now DOWNLOADING the file v.mkv
[11:59:29] You are going to download the file v.mkv from [2, 1]
[11:59:29] The size of the file v.mkv is 1548103894 bytes
[11:59:29] I sent request for a chunk of file v.mkv to peer 2
[11:59:29] I sent request for a chunk of file v.mkv to peer 1
[11:59:40] I am informing the tracker that I am still alive.
[12:05:36] ========================================
Peer 8 started just right now
===================================================
[12:05:36] You have entered the torrent
[12:05:36] I am informing the tracker that I am still alive.
[12:06:01] I am informing the tracker that I am still alive.
[12:06:10] You are now DOWNLOADING the file v.mkv
[12:06:10] You are going to download the file v.mkv from [1, 2]
[12:06:10] The size of the file v.mkv is 1548103894 bytes
[12:06:10] I sent request for a chunk of file v.mkv to peer 1
[12:06:10] I sent request for a chunk of file v.mkv to peer 2
[12:06:26] I am informing the tracker that I am still alive.
[12:08:10] ========================================
Peer 8 started just right now
===================================================
[12:08:10] You have entered the torrent
[12:08:10] I am informing the tracker that I am still alive.
[12:08:35] You are now DOWNLOADING the file v.mkv
[12:08:35] You are going to download the file v.mkv from [1, 2]
[12:08:35] The size of the file v.mkv is 1548103894 bytes
[12:08:35] I sent request for a chunk of file v.mkv to peer 1
[12:08:35] I sent request for a chunk of file v.mkv to peer 2
[12:08:35] I am informing the tracker that I am still alive.
[12:10:27] ========================================
Peer 8 started just right now
===================================================
[12:10:27] You have entered the torrent
[12:10:27] I am informing the tracker that I am still alive.
[12:10:34] You are now DOWNLOADING the file v.mkv
[12:10:34] You are going to download the file v.mkv from [1, 2]
[12:10:34] The size of the file v.mkv is 1548103894 bytes
[12:10:34] I sent request for a chunk of file v.mkv to peer 1
[12:10:34] I sent request for a chunk of file v.mkv to peer 2
[12:11:07] ========================================
Peer 8 started just right now
===================================================
[12:11:07] You have entered the torrent
[12:11:07] I am informing the tracker that I am still alive.
[12:11:16] You are now DOWNLOADING the file v.mkv
[12:11:16] You are going to download the file v.mkv from [1, 2]
[12:11:16] The size of the file v.mkv is 1548103894 bytes
[12:11:16] I sent request for a chunk of file v.mkv to peer 1
[12:11:16] I sent request for a chunk of file v.mkv to peer 2
[12:11:32] I am informing the tracker that I am still alive.
[12:11:57] I am informing the tracker that I am still alive.
[12:12:17] You are now DOWNLOADING the file v.mkv
[12:12:17] You are going to download the file v.mkv from [1, 2, 1]
[12:12:28] ========================================
Peer 8 started just right now
===================================================
[12:12:28] You have entered the torrent
[12:12:28] I am informing the tracker that I am still alive.
[12:12:33] You are now DOWNLOADING the file v.mkv
[12:12:33] You are going to download the file v.mkv from [1]
[12:12:33] The size of the file v.mkv is 1548103894 bytes
[12:12:33] I sent request for a chunk of file v.mkv to peer 1
[12:15:55] ========================================
Peer 8 started just right now
===================================================
[12:15:55] You have entered the torrent
[12:15:55] I am informing the tracker that I am still alive.
[12:16:04] You are now DOWNLOADING the file v.mkv
[12:16:04] You are going to download the file v.mkv from [2, 1]
[12:16:04] The size of the file v.mkv is 1548103894 bytes
[12:16:04] I sent request for a chunk of file v.mkv to peer 2
[12:16:04] I sent request for a chunk of file v.mkv to peer 1
[12:16:20] I am informing the tracker that I am still alive.
[12:23:30] ========================================
Peer 8 started just right now
===================================================
[12:23:30] You have entered the torrent
[12:23:30] I am informing the tracker that I am still alive.
[12:23:46] You are now DOWNLOADING the file v.mkv
[12:23:46] You are going to download the file v.mkv from [1]
[12:23:46] The size of the file v.mkv is 1548103894 bytes
[12:23:46] I sent request for a chunk of file v.mkv to peer 1
[12:24:11] ========================================
Peer 8 started just right now
===================================================
[12:24:11] You have entered the torrent
[12:24:11] I am informing the tracker that I am still alive.
[12:24:12] You are now DOWNLOADING the file v.mkv
[12:24:12] You are going to download the file v.mkv from [1, 1, 2]
[12:24:12] The size of the file v.mkv is 1548103894 bytes
[12:24:12] I sent request for a chunk of file v.mkv to peer 1
[12:24:12] I sent request for a chunk of file v.mkv to peer 1
[12:24:12] I sent request for a chunk of file v.mkv to peer 2
[15:08:51] ========================================
Peer 8 started just right now
===================================================
[15:08:51] You have entered the torrent
[15:09:07] You are now DOWNLOADING the file sach.pdf
[15:09:07] You are going to download the file sach.pdf from [3]
[15:09:07] The size of the file sach.pdf is 25528314 bytes
[15:09:12] All chunks of file sach.pdf have been downloaded, but they must be REASSEMBLED
[15:09:12] All chunks of file sach.pdf have been SORTED, they are almost ready to be REASSEMBLED
[15:09:12] The file sach.pdf has been downloaded and saved
