[17:08:22] ========================================
Peer 2 started just right now
========================================
[17:08:22] You have entered the torrent
[17:08:22] I am informing the tracker that I am still alive.
[17:08:42] I am informing the tracker that I am still alive.
[17:12:38] ========================================
Peer 2 started just right now
========================================
[17:12:38] You have entered the torrent
[17:12:38] I am informing the tracker that I am still alive.
[17:12:58] I am informing the tracker that I am still alive.
[17:13:18] I am informing the tracker that I am still alive.
[17:40:32] ========================================
Peer 2 started just right now
========================================
[17:40:32] You have entered the torrent
[17:40:32] I am informing the tracker that I am still alive.
[17:40:43] You are now DOWNLOADING the file CHAP5.pdf
[17:40:43] You are going to download the file CHAP5.pdf from [1]
[17:40:43] The size of the file CHAP5.pdf is 6389067 bytes
[17:40:43] I sent request for a chunk of file CHAP5.pdf to peer 1
[17:40:44] All chunks of file CHAP5.pdf have been downloaded, but they must be REASSEMBLED
[17:40:44] All chunks of file CHAP5.pdf have been SORTED, they are almost ready to be REASSEMBLED
[17:40:44] The file CHAP5.pdf has been downloaded and saved
[17:40:52] I am informing the tracker that I am still alive.
[17:41:12] I am informing the tracker that I am still alive.
[17:41:32] I am informing the tracker that I am still alive.
[17:41:52] I am informing the tracker that I am still alive.
[17:42:12] I am informing the tracker that I am still alive.
[17:42:32] I am informing the tracker that I am still alive.
[17:42:52] I am informing the tracker that I am still alive.
[17:43:12] I am informing the tracker that I am still alive.
[17:43:32] I am informing the tracker that I am still alive.
[17:43:52] I am informing the tracker that I am still alive.
[17:44:12] I am informing the tracker that I am still alive.
[17:44:32] I am informing the tracker that I am still alive.
[17:44:52] I am informing the tracker that I am still alive.
[17:45:12] I am informing the tracker that I am still alive.
[17:45:32] I am informing the tracker that I am still alive.
[17:45:52] I am informing the tracker that I am still alive.
[17:46:12] I am informing the tracker that I am still alive.
[17:46:32] I am informing the tracker that I am still alive.
[17:46:52] I am informing the tracker that I am still alive.
[17:47:12] I am informing the tracker that I am still alive.
[17:49:00] ========================================
Peer 2 started just right now
========================================
[17:49:00] You have entered the torrent
[17:49:00] I am informing the tracker that I am still alive.
[17:49:20] I am informing the tracker that I am still alive.
[17:49:40] I am informing the tracker that I am still alive.
[17:50:00] I am informing the tracker that I am still alive.
[17:50:20] I am informing the tracker that I am still alive.
[17:50:27] You are now in SEND mode
[17:50:34] The chunk 0/780 of file CHAP5.pdf is being sent to peer 3
[17:50:34] The chunk 1/780 of file CHAP5.pdf is being sent to peer 3
[17:50:34] The chunk 2/780 of file CHAP5.pdf is being sent to peer 3
[17:50:34] The chunk 3/780 of file CHAP5.pdf is being sent to peer 3
[17:50:34] The chunk 4/780 of file CHAP5.pdf is being sent to peer 3
[17:50:34] The chunk 5/780 of file CHAP5.pdf is being sent to peer 3
[17:50:34] The chunk 6/780 of file CHAP5.pdf is being sent to peer 3
[17:50:34] The chunk 7/780 of file CHAP5.pdf is being sent to peer 3
[17:50:34] The chunk 8/780 of file CHAP5.pdf is being sent to peer 3
[17:50:34] The chunk 9/780 of file CHAP5.pdf is being sent to peer 3
[17:50:34] The chunk 10/780 of file CHAP5.pdf is being sent to peer 3
[17:50:34] The chunk 11/780 of file CHAP5.pdf is being sent to peer 3
[17:50:34] The chunk 12/780 of file CHAP5.pdf is being sent to peer 3
[17:50:34] The chunk 13/780 of file CHAP5.pdf is being sent to peer 3
[17:50:34] The chunk 14/780 of file CHAP5.pdf is being sent to peer 3
[17:50:34] The chunk 15/780 of file CHAP5.pdf is being sent to peer 3
[17:50:34] The chunk 16/780 of file CHAP5.pdf is being sent to peer 3
[17:50:34] The chunk 17/780 of file CHAP5.pdf is being sent to peer 3
[17:50:34] The chunk 18/780 of file CHAP5.pdf is being sent to peer 3
[17:50:34] The chunk 19/780 of file CHAP5.pdf is being sent to peer 3
[17:50:34] The chunk 20/780 of file CHAP5.pdf is being sent to peer 3
[17:50:34] The chunk 21/780 of file CHAP5.pdf is being sent to peer 3
[17:50:34] The chunk 22/780 of file CHAP5.pdf is being sent to peer 3
[17:50:34] The chunk 23/780 of file CHAP5.pdf is being sent to peer 3
[17:50:34] The chunk 24/780 of file CHAP5.pdf is being sent to peer 3
[17:50:34] The chunk 25/780 of file CHAP5.pdf is being sent to peer 3
[17:50:34] The chunk 26/780 of file CHAP5.pdf is being sent to peer 3
[17:50:34] The chunk 27/780 of file CHAP5.pdf is being sent to peer 3
[17:50:34] The chunk 28/780 of file CHAP5.pdf is being sent to peer 3
[17:50:34] The chunk 29/780 of file CHAP5.pdf is being sent to peer 3
[17:50:34] The chunk 30/780 of file CHAP5.pdf is being sent to peer 3
[17:50:34] The chunk 31/780 of file CHAP5.pdf is being sent to peer 3
[17:50:34] The chunk 32/780 of file CHAP5.pdf is being sent to peer 3
[17:50:34] The chunk 33/780 of file CHAP5.pdf is being sent to peer 3
[17:50:34] The chunk 34/780 of file CHAP5.pdf is being sent to peer 3
[17:50:34] The chunk 35/780 of file CHAP5.pdf is being sent to peer 3
[17:50:34] The chunk 36/780 of file CHAP5.pdf is being sent to peer 3
[17:50:34] The chunk 37/780 of file CHAP5.pdf is being sent to peer 3
[17:50:34] The chunk 38/780 of file CHAP5.pdf is being sent to peer 3
[17:50:34] The chunk 39/780 of file CHAP5.pdf is being sent to peer 3
[17:50:34] The chunk 40/780 of file CHAP5.pdf is being sent to peer 3
[17:50:34] The chunk 41/780 of file CHAP5.pdf is being sent to peer 3
[17:50:34] The chunk 42/780 of file CHAP5.pdf is being sent to peer 3
[17:50:34] The chunk 43/780 of file CHAP5.pdf is being sent to peer 3
[17:50:34] The chunk 44/780 of file CHAP5.pdf is being sent to peer 3
[17:50:34] The chunk 45/780 of file CHAP5.pdf is being sent to peer 3
[17:50:34] The chunk 46/780 of file CHAP5.pdf is being sent to peer 3
[17:50:34] The chunk 47/780 of file CHAP5.pdf is being sent to peer 3
[17:50:34] The chunk 48/780 of file CHAP5.pdf is being sent to peer 3
[17:50:34] The chunk 49/780 of file CHAP5.pdf is being sent to peer 3
[17:50:34] The chunk 50/780 of file CHAP5.pdf is being sent to peer 3
[17:50:34] The chunk 51/780 of file CHAP5.pdf is being sent to peer 3
[17:50:34] The chunk 52/780 of file CHAP5.pdf is being sent to peer 3
[17:50:34] The chunk 53/780 of file CHAP5.pdf is being sent to peer 3
[17:50:34] The chunk 54/780 of file CHAP5.pdf is being sent to peer 3
[17:50:34] The chunk 55/780 of file CHAP5.pdf is being sent to peer 3
[17:50:34] The chunk 56/780 of file CHAP5.pdf is being sent to peer 3
[17:50:34] The chunk 57/780 of file CHAP5.pdf is being sent to peer 3
[17:50:34] The chunk 58/780 of file CHAP5.pdf is being sent to peer 3
[17:50:34] The chunk 59/780 of file CHAP5.pdf is being sent to peer 3
[17:50:34] The chunk 60/780 of file CHAP5.pdf is being sent to peer 3
[17:50:34] The chunk 61/780 of file CHAP5.pdf is being sent to peer 3
[17:50:34] The chunk 62/780 of file CHAP5.pdf is being sent to peer 3
[17:50:34] The chunk 63/780 of file CHAP5.pdf is being sent to peer 3
[17:50:34] The chunk 64/780 of file CHAP5.pdf is being sent to peer 3
[17:50:34] The chunk 65/780 of file CHAP5.pdf is being sent to peer 3
[17:50:34] The chunk 66/780 of file CHAP5.pdf is being sent to peer 3
[17:50:34] The chunk 67/780 of file CHAP5.pdf is being sent to peer 3
[17:50:34] The chunk 68/780 of file CHAP5.pdf is being sent to peer 3
[17:50:34] The chunk 69/780 of file CHAP5.pdf is being sent to peer 3
[17:50:34] The chunk 70/780 of file CHAP5.pdf is being sent to peer 3
[17:50:34] The chunk 71/780 of file CHAP5.pdf is being sent to peer 3
[17:50:34] The chunk 72/780 of file CHAP5.pdf is being sent to peer 3
[17:50:34] The chunk 73/780 of file CHAP5.pdf is being sent to peer 3
[17:50:34] The chunk 74/780 of file CHAP5.pdf is being sent to peer 3
[17:50:34] The chunk 75/780 of file CHAP5.pdf is being sent to peer 3
[17:50:34] The chunk 76/780 of file CHAP5.pdf is being sent to peer 3
[17:50:34] The chunk 77/780 of file CHAP5.pdf is being sent to peer 3
[17:50:34] The chunk 78/780 of file CHAP5.pdf is being sent to peer 3
[17:50:34] The chunk 79/780 of file CHAP5.pdf is being sent to peer 3
[17:50:34] The chunk 80/780 of file CHAP5.pdf is being sent to peer 3
[17:50:34] The chunk 81/780 of file CHAP5.pdf is being sent to peer 3
[17:50:34] The chunk 82/780 of file CHAP5.pdf is being sent to peer 3
[17:50:34] The chunk 83/780 of file CHAP5.pdf is being sent to peer 3
[17:50:34] The chunk 84/780 of file CHAP5.pdf is being sent to peer 3
[17:50:34] The chunk 85/780 of file CHAP5.pdf is being sent to peer 3
[17:50:34] The chunk 86/780 of file CHAP5.pdf is being sent to peer 3
[17:50:34] The chunk 87/780 of file CHAP5.pdf is being sent to peer 3
[17:50:34] The chunk 88/780 of file CHAP5.pdf is being sent to peer 3
[17:50:34] The chunk 89/780 of file CHAP5.pdf is being sent to peer 3
[17:50:34] The chunk 90/780 of file CHAP5.pdf is being sent to peer 3
[17:50:34] The chunk 91/780 of file CHAP5.pdf is being sent to peer 3
[17:50:34] The chunk 92/780 of file CHAP5.pdf is being sent to peer 3
[17:50:34] The chunk 93/780 of file CHAP5.pdf is being sent to peer 3
[17:50:34] The chunk 94/780 of file CHAP5.pdf is being sent to peer 3
[17:50:34] The chunk 95/780 of file CHAP5.pdf is being sent to peer 3
[17:50:34] The chunk 96/780 of file CHAP5.pdf is being sent to peer 3
[17:50:34] The chunk 97/780 of file CHAP5.pdf is being sent to peer 3
[17:50:34] The chunk 98/780 of file CHAP5.pdf is being sent to peer 3
[17:50:34] The chunk 99/780 of file CHAP5.pdf is being sent to peer 3
[17:50:34] The chunk 100/780 of file CHAP5.pdf is being sent to peer 3
[17:50:34] The chunk 101/780 of file CHAP5.pdf is being sent to peer 3
[17:50:34] The chunk 102/780 of file CHAP5.pdf is being sent to peer 3
[17:50:34] The chunk 103/780 of file CHAP5.pdf is being sent to peer 3
[17:50:34] The chunk 104/780 of file CHAP5.pdf is being sent to peer 3
[17:50:34] The chunk 105/780 of file CHAP5.pdf is being sent to peer 3
[17:50:34] The chunk 106/780 of file CHAP5.pdf is being sent to peer 3
[17:50:34] The chunk 107/780 of file CHAP5.pdf is being sent to peer 3
[17:50:34] The chunk 108/780 of file CHAP5.pdf is being sent to peer 3
[17:50:34] The chunk 109/780 of file CHAP5.pdf is being sent to peer 3
[17:50:34] The chunk 110/780 of file CHAP5.pdf is being sent to peer 3
[17:50:34] The chunk 111/780 of file CHAP5.pdf is being sent to peer 3
[17:50:34] The chunk 112/780 of file CHAP5.pdf is being sent to peer 3
[17:50:34] The chunk 113/780 of file CHAP5.pdf is being sent to peer 3
[17:50:34] The chunk 114/780 of file CHAP5.pdf is being sent to peer 3
[17:50:34] The chunk 115/780 of file CHAP5.pdf is being sent to peer 3
[17:50:34] The chunk 116/780 of file CHAP5.pdf is being sent to peer 3
[17:50:34] The chunk 117/780 of file CHAP5.pdf is being sent to peer 3
[17:50:34] The chunk 118/780 of file CHAP5.pdf is being sent to peer 3
[17:50:34] The chunk 119/780 of file CHAP5.pdf is being sent to peer 3
[17:50:34] The chunk 120/780 of file CHAP5.pdf is being sent to peer 3
[17:50:34] The chunk 121/780 of file CHAP5.pdf is being sent to peer 3
[17:50:34] The chunk 122/780 of file CHAP5.pdf is being sent to peer 3
[17:50:34] The chunk 123/780 of file CHAP5.pdf is being sent to peer 3
[17:50:34] The chunk 124/780 of file CHAP5.pdf is being sent to peer 3
[17:50:34] The chunk 125/780 of file CHAP5.pdf is being sent to peer 3
[17:50:34] The chunk 126/780 of file CHAP5.pdf is being sent to peer 3
[17:50:34] The chunk 127/780 of file CHAP5.pdf is being sent to peer 3
[17:50:34] The chunk 128/780 of file CHAP5.pdf is being sent to peer 3
[17:50:34] The chunk 129/780 of file CHAP5.pdf is being sent to peer 3
[17:50:34] The chunk 130/780 of file CHAP5.pdf is being sent to peer 3
[17:50:34] The chunk 131/780 of file CHAP5.pdf is being sent to peer 3
[17:50:34] The chunk 132/780 of file CHAP5.pdf is being sent to peer 3
[17:50:34] The chunk 133/780 of file CHAP5.pdf is being sent to peer 3
[17:50:34] The chunk 134/780 of file CHAP5.pdf is being sent to peer 3
[17:50:34] The chunk 135/780 of file CHAP5.pdf is being sent to peer 3
[17:50:34] The chunk 136/780 of file CHAP5.pdf is being sent to peer 3
[17:50:34] The chunk 137/780 of file CHAP5.pdf is being sent to peer 3
[17:50:34] The chunk 138/780 of file CHAP5.pdf is being sent to peer 3
[17:50:34] The chunk 139/780 of file CHAP5.pdf is being sent to peer 3
[17:50:34] The chunk 140/780 of file CHAP5.pdf is being sent to peer 3
[17:50:34] The chunk 141/780 of file CHAP5.pdf is being sent to peer 3
[17:50:34] The chunk 142/780 of file CHAP5.pdf is being sent to peer 3
[17:50:34] The chunk 143/780 of file CHAP5.pdf is being sent to peer 3
[17:50:34] The chunk 144/780 of file CHAP5.pdf is being sent to peer 3
[17:50:34] The chunk 145/780 of file CHAP5.pdf is being sent to peer 3
[17:50:34] The chunk 146/780 of file CHAP5.pdf is being sent to peer 3
[17:50:34] The chunk 147/780 of file CHAP5.pdf is being sent to peer 3
[17:50:34] The chunk 148/780 of file CHAP5.pdf is being sent to peer 3
[17:50:34] The chunk 149/780 of file CHAP5.pdf is being sent to peer 3
[17:50:34] The chunk 150/780 of file CHAP5.pdf is being sent to peer 3
[17:50:34] The chunk 151/780 of file CHAP5.pdf is being sent to peer 3
[17:50:34] The chunk 152/780 of file CHAP5.pdf is being sent to peer 3
[17:50:34] The chunk 153/780 of file CHAP5.pdf is being sent to peer 3
[17:50:34] The chunk 154/780 of file CHAP5.pdf is being sent to peer 3
[17:50:34] The chunk 155/780 of file CHAP5.pdf is being sent to peer 3
[17:50:34] The chunk 156/780 of file CHAP5.pdf is being sent to peer 3
[17:50:34] The chunk 157/780 of file CHAP5.pdf is being sent to peer 3
[17:50:34] The chunk 158/780 of file CHAP5.pdf is being sent to peer 3
[17:50:34] The chunk 159/780 of file CHAP5.pdf is being sent to peer 3
[17:50:34] The chunk 160/780 of file CHAP5.pdf is being sent to peer 3
[17:50:34] The chunk 161/780 of file CHAP5.pdf is being sent to peer 3
[17:50:34] The chunk 162/780 of file CHAP5.pdf is being sent to peer 3
[17:50:34] The chunk 163/780 of file CHAP5.pdf is being sent to peer 3
[17:50:34] The chunk 164/780 of file CHAP5.pdf is being sent to peer 3
[17:50:34] The chunk 165/780 of file CHAP5.pdf is being sent to peer 3
[17:50:34] The chunk 166/780 of file CHAP5.pdf is being sent to peer 3
[17:50:34] The chunk 167/780 of file CHAP5.pdf is being sent to peer 3
[17:50:34] The chunk 168/780 of file CHAP5.pdf is being sent to peer 3
[17:50:34] The chunk 169/780 of file CHAP5.pdf is being sent to peer 3
[17:50:34] The chunk 170/780 of file CHAP5.pdf is being sent to peer 3
[17:50:34] The chunk 171/780 of file CHAP5.pdf is being sent to peer 3
[17:50:34] The chunk 172/780 of file CHAP5.pdf is being sent to peer 3
[17:50:34] The chunk 173/780 of file CHAP5.pdf is being sent to peer 3
[17:50:34] The chunk 174/780 of file CHAP5.pdf is being sent to peer 3
[17:50:34] The chunk 175/780 of file CHAP5.pdf is being sent to peer 3
[17:50:34] The chunk 176/780 of file CHAP5.pdf is being sent to peer 3
[17:50:34] The chunk 177/780 of file CHAP5.pdf is being sent to peer 3
[17:50:34] The chunk 178/780 of file CHAP5.pdf is being sent to peer 3
[17:50:34] The chunk 179/780 of file CHAP5.pdf is being sent to peer 3
[17:50:34] The chunk 180/780 of file CHAP5.pdf is being sent to peer 3
[17:50:34] The chunk 181/780 of file CHAP5.pdf is being sent to peer 3
[17:50:34] The chunk 182/780 of file CHAP5.pdf is being sent to peer 3
[17:50:34] The chunk 183/780 of file CHAP5.pdf is being sent to peer 3
[17:50:34] The chunk 184/780 of file CHAP5.pdf is being sent to peer 3
[17:50:34] The chunk 185/780 of file CHAP5.pdf is being sent to peer 3
[17:50:34] The chunk 186/780 of file CHAP5.pdf is being sent to peer 3
[17:50:34] The chunk 187/780 of file CHAP5.pdf is being sent to peer 3
[17:50:34] The chunk 188/780 of file CHAP5.pdf is being sent to peer 3
[17:50:34] The chunk 189/780 of file CHAP5.pdf is being sent to peer 3
[17:50:34] The chunk 190/780 of file CHAP5.pdf is being sent to peer 3
[17:50:34] The chunk 191/780 of file CHAP5.pdf is being sent to peer 3
[17:50:34] The chunk 192/780 of file CHAP5.pdf is being sent to peer 3
[17:50:34] The chunk 193/780 of file CHAP5.pdf is being sent to peer 3
[17:50:34] The chunk 194/780 of file CHAP5.pdf is being sent to peer 3
[17:50:34] The chunk 195/780 of file CHAP5.pdf is being sent to peer 3
[17:50:34] The chunk 196/780 of file CHAP5.pdf is being sent to peer 3
[17:50:34] The chunk 197/780 of file CHAP5.pdf is being sent to peer 3
[17:50:34] The chunk 198/780 of file CHAP5.pdf is being sent to peer 3
[17:50:34] The chunk 199/780 of file CHAP5.pdf is being sent to peer 3
[17:50:34] The chunk 200/780 of file CHAP5.pdf is being sent to peer 3
[17:50:34] The chunk 201/780 of file CHAP5.pdf is being sent to peer 3
[17:50:34] The chunk 202/780 of file CHAP5.pdf is being sent to peer 3
[17:50:34] The chunk 203/780 of file CHAP5.pdf is being sent to peer 3
[17:50:34] The chunk 204/780 of file CHAP5.pdf is being sent to peer 3
[17:50:34] The chunk 205/780 of file CHAP5.pdf is being sent to peer 3
[17:50:34] The chunk 206/780 of file CHAP5.pdf is being sent to peer 3
[17:50:34] The chunk 207/780 of file CHAP5.pdf is being sent to peer 3
[17:50:34] The chunk 208/780 of file CHAP5.pdf is being sent to peer 3
[17:50:34] The chunk 209/780 of file CHAP5.pdf is being sent to peer 3
[17:50:34] The chunk 210/780 of file CHAP5.pdf is being sent to peer 3
[17:50:34] The chunk 211/780 of file CHAP5.pdf is being sent to peer 3
[17:50:34] The chunk 212/780 of file CHAP5.pdf is being sent to peer 3
[17:50:34] The chunk 213/780 of file CHAP5.pdf is being sent to peer 3
[17:50:34] The chunk 214/780 of file CHAP5.pdf is being sent to peer 3
[17:50:34] The chunk 215/780 of file CHAP5.pdf is being sent to peer 3
[17:50:34] The chunk 216/780 of file CHAP5.pdf is being sent to peer 3
[17:50:34] The chunk 217/780 of file CHAP5.pdf is being sent to peer 3
[17:50:34] The chunk 218/780 of file CHAP5.pdf is being sent to peer 3
[17:50:34] The chunk 219/780 of file CHAP5.pdf is being sent to peer 3
[17:50:34] The chunk 220/780 of file CHAP5.pdf is being sent to peer 3
[17:50:34] The chunk 221/780 of file CHAP5.pdf is being sent to peer 3
[17:50:34] The chunk 222/780 of file CHAP5.pdf is being sent to peer 3
[17:50:34] The chunk 223/780 of file CHAP5.pdf is being sent to peer 3
[17:50:34] The chunk 224/780 of file CHAP5.pdf is being sent to peer 3
[17:50:34] The chunk 225/780 of file CHAP5.pdf is being sent to peer 3
[17:50:34] The chunk 226/780 of file CHAP5.pdf is being sent to peer 3
[17:50:34] The chunk 227/780 of file CHAP5.pdf is being sent to peer 3
[17:50:34] The chunk 228/780 of file CHAP5.pdf is being sent to peer 3
[17:50:34] The chunk 229/780 of file CHAP5.pdf is being sent to peer 3
[17:50:34] The chunk 230/780 of file CHAP5.pdf is being sent to peer 3
[17:50:34] The chunk 231/780 of file CHAP5.pdf is being sent to peer 3
[17:50:34] The chunk 232/780 of file CHAP5.pdf is being sent to peer 3
[17:50:34] The chunk 233/780 of file CHAP5.pdf is being sent to peer 3
[17:50:34] The chunk 234/780 of file CHAP5.pdf is being sent to peer 3
[17:50:34] The chunk 235/780 of file CHAP5.pdf is being sent to peer 3
[17:50:34] The chunk 236/780 of file CHAP5.pdf is being sent to peer 3
[17:50:34] The chunk 237/780 of file CHAP5.pdf is being sent to peer 3
[17:50:34] The chunk 238/780 of file CHAP5.pdf is being sent to peer 3
[17:50:34] The chunk 239/780 of file CHAP5.pdf is being sent to peer 3
[17:50:34] The chunk 240/780 of file CHAP5.pdf is being sent to peer 3
[17:50:34] The chunk 241/780 of file CHAP5.pdf is being sent to peer 3
[17:50:34] The chunk 242/780 of file CHAP5.pdf is being sent to peer 3
[17:50:34] The chunk 243/780 of file CHAP5.pdf is being sent to peer 3
[17:50:34] The chunk 244/780 of file CHAP5.pdf is being sent to peer 3
[17:50:34] The chunk 245/780 of file CHAP5.pdf is being sent to peer 3
[17:50:34] The chunk 246/780 of file CHAP5.pdf is being sent to peer 3
[17:50:34] The chunk 247/780 of file CHAP5.pdf is being sent to peer 3
[17:50:34] The chunk 248/780 of file CHAP5.pdf is being sent to peer 3
[17:50:34] The chunk 249/780 of file CHAP5.pdf is being sent to peer 3
[17:50:34] The chunk 250/780 of file CHAP5.pdf is being sent to peer 3
[17:50:34] The chunk 251/780 of file CHAP5.pdf is being sent to peer 3
[17:50:34] The chunk 252/780 of file CHAP5.pdf is being sent to peer 3
[17:50:34] The chunk 253/780 of file CHAP5.pdf is being sent to peer 3
[17:50:34] The chunk 254/780 of file CHAP5.pdf is being sent to peer 3
[17:50:34] The chunk 255/780 of file CHAP5.pdf is being sent to peer 3
[17:50:34] The chunk 256/780 of file CHAP5.pdf is being sent to peer 3
[17:50:34] The chunk 257/780 of file CHAP5.pdf is being sent to peer 3
[17:50:34] The chunk 258/780 of file CHAP5.pdf is being sent to peer 3
[17:50:34] The chunk 259/780 of file CHAP5.pdf is being sent to peer 3
[17:50:34] The chunk 260/780 of file CHAP5.pdf is being sent to peer 3
[17:50:34] The chunk 261/780 of file CHAP5.pdf is being sent to peer 3
[17:50:34] The chunk 262/780 of file CHAP5.pdf is being sent to peer 3
[17:50:34] The chunk 263/780 of file CHAP5.pdf is being sent to peer 3
[17:50:34] The chunk 264/780 of file CHAP5.pdf is being sent to peer 3
[17:50:34] The chunk 265/780 of file CHAP5.pdf is being sent to peer 3
[17:50:34] The chunk 266/780 of file CHAP5.pdf is being sent to peer 3
[17:50:34] The chunk 267/780 of file CHAP5.pdf is being sent to peer 3
[17:50:34] The chunk 268/780 of file CHAP5.pdf is being sent to peer 3
[17:50:34] The chunk 269/780 of file CHAP5.pdf is being sent to peer 3
[17:50:34] The chunk 270/780 of file CHAP5.pdf is being sent to peer 3
[17:50:34] The chunk 271/780 of file CHAP5.pdf is being sent to peer 3
[17:50:34] The chunk 272/780 of file CHAP5.pdf is being sent to peer 3
[17:50:34] The chunk 273/780 of file CHAP5.pdf is being sent to peer 3
[17:50:34] The chunk 274/780 of file CHAP5.pdf is being sent to peer 3
[17:50:34] The chunk 275/780 of file CHAP5.pdf is being sent to peer 3
[17:50:34] The chunk 276/780 of file CHAP5.pdf is being sent to peer 3
[17:50:34] The chunk 277/780 of file CHAP5.pdf is being sent to peer 3
[17:50:34] The chunk 278/780 of file CHAP5.pdf is being sent to peer 3
[17:50:34] The chunk 279/780 of file CHAP5.pdf is being sent to peer 3
[17:50:34] The chunk 280/780 of file CHAP5.pdf is being sent to peer 3
[17:50:34] The chunk 281/780 of file CHAP5.pdf is being sent to peer 3
[17:50:34] The chunk 282/780 of file CHAP5.pdf is being sent to peer 3
[17:50:34] The chunk 283/780 of file CHAP5.pdf is being sent to peer 3
[17:50:34] The chunk 284/780 of file CHAP5.pdf is being sent to peer 3
[17:50:34] The chunk 285/780 of file CHAP5.pdf is being sent to peer 3
[17:50:34] The chunk 286/780 of file CHAP5.pdf is being sent to peer 3
[17:50:34] The chunk 287/780 of file CHAP5.pdf is being sent to peer 3
[17:50:34] The chunk 288/780 of file CHAP5.pdf is being sent to peer 3
[17:50:34] The chunk 289/780 of file CHAP5.pdf is being sent to peer 3
[17:50:34] The chunk 290/780 of file CHAP5.pdf is being sent to peer 3
[17:50:34] The chunk 291/780 of file CHAP5.pdf is being sent to peer 3
[17:50:34] The chunk 292/780 of file CHAP5.pdf is being sent to peer 3
[17:50:34] The chunk 293/780 of file CHAP5.pdf is being sent to peer 3
[17:50:34] The chunk 294/780 of file CHAP5.pdf is being sent to peer 3
[17:50:34] The chunk 295/780 of file CHAP5.pdf is being sent to peer 3
[17:50:34] The chunk 296/780 of file CHAP5.pdf is being sent to peer 3
[17:50:34] The chunk 297/780 of file CHAP5.pdf is being sent to peer 3
[17:50:34] The chunk 298/780 of file CHAP5.pdf is being sent to peer 3
[17:50:34] The chunk 299/780 of file CHAP5.pdf is being sent to peer 3
[17:50:34] The chunk 300/780 of file CHAP5.pdf is being sent to peer 3
[17:50:34] The chunk 301/780 of file CHAP5.pdf is being sent to peer 3
[17:50:34] The chunk 302/780 of file CHAP5.pdf is being sent to peer 3
[17:50:34] The chunk 303/780 of file CHAP5.pdf is being sent to peer 3
[17:50:34] The chunk 304/780 of file CHAP5.pdf is being sent to peer 3
[17:50:34] The chunk 305/780 of file CHAP5.pdf is being sent to peer 3
[17:50:34] The chunk 306/780 of file CHAP5.pdf is being sent to peer 3
[17:50:34] The chunk 307/780 of file CHAP5.pdf is being sent to peer 3
[17:50:34] The chunk 308/780 of file CHAP5.pdf is being sent to peer 3
[17:50:34] The chunk 309/780 of file CHAP5.pdf is being sent to peer 3
[17:50:34] The chunk 310/780 of file CHAP5.pdf is being sent to peer 3
[17:50:34] The chunk 311/780 of file CHAP5.pdf is being sent to peer 3
[17:50:34] The chunk 312/780 of file CHAP5.pdf is being sent to peer 3
[17:50:34] The chunk 313/780 of file CHAP5.pdf is being sent to peer 3
[17:50:34] The chunk 314/780 of file CHAP5.pdf is being sent to peer 3
[17:50:34] The chunk 315/780 of file CHAP5.pdf is being sent to peer 3
[17:50:34] The chunk 316/780 of file CHAP5.pdf is being sent to peer 3
[17:50:34] The chunk 317/780 of file CHAP5.pdf is being sent to peer 3
[17:50:34] The chunk 318/780 of file CHAP5.pdf is being sent to peer 3
[17:50:34] The chunk 319/780 of file CHAP5.pdf is being sent to peer 3
[17:50:34] The chunk 320/780 of file CHAP5.pdf is being sent to peer 3
[17:50:34] The chunk 321/780 of file CHAP5.pdf is being sent to peer 3
[17:50:34] The chunk 322/780 of file CHAP5.pdf is being sent to peer 3
[17:50:34] The chunk 323/780 of file CHAP5.pdf is being sent to peer 3
[17:50:34] The chunk 324/780 of file CHAP5.pdf is being sent to peer 3
[17:50:34] The chunk 325/780 of file CHAP5.pdf is being sent to peer 3
[17:50:34] The chunk 326/780 of file CHAP5.pdf is being sent to peer 3
[17:50:34] The chunk 327/780 of file CHAP5.pdf is being sent to peer 3
[17:50:34] The chunk 328/780 of file CHAP5.pdf is being sent to peer 3
[17:50:34] The chunk 329/780 of file CHAP5.pdf is being sent to peer 3
[17:50:34] The chunk 330/780 of file CHAP5.pdf is being sent to peer 3
[17:50:34] The chunk 331/780 of file CHAP5.pdf is being sent to peer 3
[17:50:34] The chunk 332/780 of file CHAP5.pdf is being sent to peer 3
[17:50:34] The chunk 333/780 of file CHAP5.pdf is being sent to peer 3
[17:50:34] The chunk 334/780 of file CHAP5.pdf is being sent to peer 3
[17:50:34] The chunk 335/780 of file CHAP5.pdf is being sent to peer 3
[17:50:34] The chunk 336/780 of file CHAP5.pdf is being sent to peer 3
[17:50:34] The chunk 337/780 of file CHAP5.pdf is being sent to peer 3
[17:50:34] The chunk 338/780 of file CHAP5.pdf is being sent to peer 3
[17:50:34] The chunk 339/780 of file CHAP5.pdf is being sent to peer 3
[17:50:34] The chunk 340/780 of file CHAP5.pdf is being sent to peer 3
[17:50:34] The chunk 341/780 of file CHAP5.pdf is being sent to peer 3
[17:50:34] The chunk 342/780 of file CHAP5.pdf is being sent to peer 3
[17:50:34] The chunk 343/780 of file CHAP5.pdf is being sent to peer 3
[17:50:34] The chunk 344/780 of file CHAP5.pdf is being sent to peer 3
[17:50:34] The chunk 345/780 of file CHAP5.pdf is being sent to peer 3
[17:50:34] The chunk 346/780 of file CHAP5.pdf is being sent to peer 3
[17:50:34] The chunk 347/780 of file CHAP5.pdf is being sent to peer 3
[17:50:34] The chunk 348/780 of file CHAP5.pdf is being sent to peer 3
[17:50:34] The chunk 349/780 of file CHAP5.pdf is being sent to peer 3
[17:50:34] The chunk 350/780 of file CHAP5.pdf is being sent to peer 3
[17:50:34] The chunk 351/780 of file CHAP5.pdf is being sent to peer 3
[17:50:34] The chunk 352/780 of file CHAP5.pdf is being sent to peer 3
[17:50:34] The chunk 353/780 of file CHAP5.pdf is being sent to peer 3
[17:50:34] The chunk 354/780 of file CHAP5.pdf is being sent to peer 3
[17:50:34] The chunk 355/780 of file CHAP5.pdf is being sent to peer 3
[17:50:34] The chunk 356/780 of file CHAP5.pdf is being sent to peer 3
[17:50:34] The chunk 357/780 of file CHAP5.pdf is being sent to peer 3
[17:50:34] The chunk 358/780 of file CHAP5.pdf is being sent to peer 3
[17:50:34] The chunk 359/780 of file CHAP5.pdf is being sent to peer 3
[17:50:34] The chunk 360/780 of file CHAP5.pdf is being sent to peer 3
[17:50:34] The chunk 361/780 of file CHAP5.pdf is being sent to peer 3
[17:50:34] The chunk 362/780 of file CHAP5.pdf is being sent to peer 3
[17:50:34] The chunk 363/780 of file CHAP5.pdf is being sent to peer 3
[17:50:34] The chunk 364/780 of file CHAP5.pdf is being sent to peer 3
[17:50:34] The chunk 365/780 of file CHAP5.pdf is being sent to peer 3
[17:50:34] The chunk 366/780 of file CHAP5.pdf is being sent to peer 3
[17:50:34] The chunk 367/780 of file CHAP5.pdf is being sent to peer 3
[17:50:34] The chunk 368/780 of file CHAP5.pdf is being sent to peer 3
[17:50:34] The chunk 369/780 of file CHAP5.pdf is being sent to peer 3
[17:50:34] The chunk 370/780 of file CHAP5.pdf is being sent to peer 3
[17:50:34] The chunk 371/780 of file CHAP5.pdf is being sent to peer 3
[17:50:34] The chunk 372/780 of file CHAP5.pdf is being sent to peer 3
[17:50:34] The chunk 373/780 of file CHAP5.pdf is being sent to peer 3
[17:50:34] The chunk 374/780 of file CHAP5.pdf is being sent to peer 3
[17:50:34] The chunk 375/780 of file CHAP5.pdf is being sent to peer 3
[17:50:34] The chunk 376/780 of file CHAP5.pdf is being sent to peer 3
[17:50:34] The chunk 377/780 of file CHAP5.pdf is being sent to peer 3
[17:50:34] The chunk 378/780 of file CHAP5.pdf is being sent to peer 3
[17:50:34] The chunk 379/780 of file CHAP5.pdf is being sent to peer 3
[17:50:34] The chunk 380/780 of file CHAP5.pdf is being sent to peer 3
[17:50:34] The chunk 381/780 of file CHAP5.pdf is being sent to peer 3
[17:50:34] The chunk 382/780 of file CHAP5.pdf is being sent to peer 3
[17:50:34] The chunk 383/780 of file CHAP5.pdf is being sent to peer 3
[17:50:34] The chunk 384/780 of file CHAP5.pdf is being sent to peer 3
[17:50:34] The chunk 385/780 of file CHAP5.pdf is being sent to peer 3
[17:50:34] The chunk 386/780 of file CHAP5.pdf is being sent to peer 3
[17:50:34] The chunk 387/780 of file CHAP5.pdf is being sent to peer 3
[17:50:34] The chunk 388/780 of file CHAP5.pdf is being sent to peer 3
[17:50:34] The chunk 389/780 of file CHAP5.pdf is being sent to peer 3
[17:50:34] The chunk 390/780 of file CHAP5.pdf is being sent to peer 3
[17:50:34] The chunk 391/780 of file CHAP5.pdf is being sent to peer 3
[17:50:34] The chunk 392/780 of file CHAP5.pdf is being sent to peer 3
[17:50:34] The chunk 393/780 of file CHAP5.pdf is being sent to peer 3
[17:50:34] The chunk 394/780 of file CHAP5.pdf is being sent to peer 3
[17:50:34] The chunk 395/780 of file CHAP5.pdf is being sent to peer 3
[17:50:34] The chunk 396/780 of file CHAP5.pdf is being sent to peer 3
[17:50:34] The chunk 397/780 of file CHAP5.pdf is being sent to peer 3
[17:50:34] The chunk 398/780 of file CHAP5.pdf is being sent to peer 3
[17:50:34] The chunk 399/780 of file CHAP5.pdf is being sent to peer 3
[17:50:34] The chunk 400/780 of file CHAP5.pdf is being sent to peer 3
[17:50:34] The chunk 401/780 of file CHAP5.pdf is being sent to peer 3
[17:50:34] The chunk 402/780 of file CHAP5.pdf is being sent to peer 3
[17:50:34] The chunk 403/780 of file CHAP5.pdf is being sent to peer 3
[17:50:34] The chunk 404/780 of file CHAP5.pdf is being sent to peer 3
[17:50:34] The chunk 405/780 of file CHAP5.pdf is being sent to peer 3
[17:50:34] The chunk 406/780 of file CHAP5.pdf is being sent to peer 3
[17:50:34] The chunk 407/780 of file CHAP5.pdf is being sent to peer 3
[17:50:34] The chunk 408/780 of file CHAP5.pdf is being sent to peer 3
[17:50:34] The chunk 409/780 of file CHAP5.pdf is being sent to peer 3
[17:50:34] The chunk 410/780 of file CHAP5.pdf is being sent to peer 3
[17:50:34] The chunk 411/780 of file CHAP5.pdf is being sent to peer 3
[17:50:34] The chunk 412/780 of file CHAP5.pdf is being sent to peer 3
[17:50:34] The chunk 413/780 of file CHAP5.pdf is being sent to peer 3
[17:50:34] The chunk 414/780 of file CHAP5.pdf is being sent to peer 3
[17:50:34] The chunk 415/780 of file CHAP5.pdf is being sent to peer 3
[17:50:34] The chunk 416/780 of file CHAP5.pdf is being sent to peer 3
[17:50:34] The chunk 417/780 of file CHAP5.pdf is being sent to peer 3
[17:50:34] The chunk 418/780 of file CHAP5.pdf is being sent to peer 3
[17:50:34] The chunk 419/780 of file CHAP5.pdf is being sent to peer 3
[17:50:34] The chunk 420/780 of file CHAP5.pdf is being sent to peer 3
[17:50:34] The chunk 421/780 of file CHAP5.pdf is being sent to peer 3
[17:50:34] The chunk 422/780 of file CHAP5.pdf is being sent to peer 3
[17:50:34] The chunk 423/780 of file CHAP5.pdf is being sent to peer 3
[17:50:34] The chunk 424/780 of file CHAP5.pdf is being sent to peer 3
[17:50:34] The chunk 425/780 of file CHAP5.pdf is being sent to peer 3
[17:50:34] The chunk 426/780 of file CHAP5.pdf is being sent to peer 3
[17:50:34] The chunk 427/780 of file CHAP5.pdf is being sent to peer 3
[17:50:34] The chunk 428/780 of file CHAP5.pdf is being sent to peer 3
[17:50:34] The chunk 429/780 of file CHAP5.pdf is being sent to peer 3
[17:50:34] The chunk 430/780 of file CHAP5.pdf is being sent to peer 3
[17:50:34] The chunk 431/780 of file CHAP5.pdf is being sent to peer 3
[17:50:34] The chunk 432/780 of file CHAP5.pdf is being sent to peer 3
[17:50:34] The chunk 433/780 of file CHAP5.pdf is being sent to peer 3
[17:50:34] The chunk 434/780 of file CHAP5.pdf is being sent to peer 3
[17:50:34] The chunk 435/780 of file CHAP5.pdf is being sent to peer 3
[17:50:34] The chunk 436/780 of file CHAP5.pdf is being sent to peer 3
[17:50:34] The chunk 437/780 of file CHAP5.pdf is being sent to peer 3
[17:50:34] The chunk 438/780 of file CHAP5.pdf is being sent to peer 3
[17:50:34] The chunk 439/780 of file CHAP5.pdf is being sent to peer 3
[17:50:34] The chunk 440/780 of file CHAP5.pdf is being sent to peer 3
[17:50:34] The chunk 441/780 of file CHAP5.pdf is being sent to peer 3
[17:50:34] The chunk 442/780 of file CHAP5.pdf is being sent to peer 3
[17:50:34] The chunk 443/780 of file CHAP5.pdf is being sent to peer 3
[17:50:34] The chunk 444/780 of file CHAP5.pdf is being sent to peer 3
[17:50:34] The chunk 445/780 of file CHAP5.pdf is being sent to peer 3
[17:50:34] The chunk 446/780 of file CHAP5.pdf is being sent to peer 3
[17:50:34] The chunk 447/780 of file CHAP5.pdf is being sent to peer 3
[17:50:34] The chunk 448/780 of file CHAP5.pdf is being sent to peer 3
[17:50:34] The chunk 449/780 of file CHAP5.pdf is being sent to peer 3
[17:50:34] The chunk 450/780 of file CHAP5.pdf is being sent to peer 3
[17:50:34] The chunk 451/780 of file CHAP5.pdf is being sent to peer 3
[17:50:34] The chunk 452/780 of file CHAP5.pdf is being sent to peer 3
[17:50:34] The chunk 453/780 of file CHAP5.pdf is being sent to peer 3
[17:50:34] The chunk 454/780 of file CHAP5.pdf is being sent to peer 3
[17:50:34] The chunk 455/780 of file CHAP5.pdf is being sent to peer 3
[17:50:34] The chunk 456/780 of file CHAP5.pdf is being sent to peer 3
[17:50:34] The chunk 457/780 of file CHAP5.pdf is being sent to peer 3
[17:50:34] The chunk 458/780 of file CHAP5.pdf is being sent to peer 3
[17:50:34] The chunk 459/780 of file CHAP5.pdf is being sent to peer 3
[17:50:34] The chunk 460/780 of file CHAP5.pdf is being sent to peer 3
[17:50:34] The chunk 461/780 of file CHAP5.pdf is being sent to peer 3
[17:50:34] The chunk 462/780 of file CHAP5.pdf is being sent to peer 3
[17:50:34] The chunk 463/780 of file CHAP5.pdf is being sent to peer 3
[17:50:34] The chunk 464/780 of file CHAP5.pdf is being sent to peer 3
[17:50:34] The chunk 465/780 of file CHAP5.pdf is being sent to peer 3
[17:50:34] The chunk 466/780 of file CHAP5.pdf is being sent to peer 3
[17:50:34] The chunk 467/780 of file CHAP5.pdf is being sent to peer 3
[17:50:34] The chunk 468/780 of file CHAP5.pdf is being sent to peer 3
[17:50:34] The chunk 469/780 of file CHAP5.pdf is being sent to peer 3
[17:50:34] The chunk 470/780 of file CHAP5.pdf is being sent to peer 3
[17:50:34] The chunk 471/780 of file CHAP5.pdf is being sent to peer 3
[17:50:34] The chunk 472/780 of file CHAP5.pdf is being sent to peer 3
[17:50:34] The chunk 473/780 of file CHAP5.pdf is being sent to peer 3
[17:50:34] The chunk 474/780 of file CHAP5.pdf is being sent to peer 3
[17:50:34] The chunk 475/780 of file CHAP5.pdf is being sent to peer 3
[17:50:34] The chunk 476/780 of file CHAP5.pdf is being sent to peer 3
[17:50:34] The chunk 477/780 of file CHAP5.pdf is being sent to peer 3
[17:50:34] The chunk 478/780 of file CHAP5.pdf is being sent to peer 3
[17:50:34] The chunk 479/780 of file CHAP5.pdf is being sent to peer 3
[17:50:34] The chunk 480/780 of file CHAP5.pdf is being sent to peer 3
[17:50:34] The chunk 481/780 of file CHAP5.pdf is being sent to peer 3
[17:50:34] The chunk 482/780 of file CHAP5.pdf is being sent to peer 3
[17:50:34] The chunk 483/780 of file CHAP5.pdf is being sent to peer 3
[17:50:34] The chunk 484/780 of file CHAP5.pdf is being sent to peer 3
[17:50:34] The chunk 485/780 of file CHAP5.pdf is being sent to peer 3
[17:50:34] The chunk 486/780 of file CHAP5.pdf is being sent to peer 3
[17:50:34] The chunk 487/780 of file CHAP5.pdf is being sent to peer 3
[17:50:34] The chunk 488/780 of file CHAP5.pdf is being sent to peer 3
[17:50:34] The chunk 489/780 of file CHAP5.pdf is being sent to peer 3
[17:50:34] The chunk 490/780 of file CHAP5.pdf is being sent to peer 3
[17:50:34] The chunk 491/780 of file CHAP5.pdf is being sent to peer 3
[17:50:34] The chunk 492/780 of file CHAP5.pdf is being sent to peer 3
[17:50:34] The chunk 493/780 of file CHAP5.pdf is being sent to peer 3
[17:50:34] The chunk 494/780 of file CHAP5.pdf is being sent to peer 3
[17:50:34] The chunk 495/780 of file CHAP5.pdf is being sent to peer 3
[17:50:34] The chunk 496/780 of file CHAP5.pdf is being sent to peer 3
[17:50:34] The chunk 497/780 of file CHAP5.pdf is being sent to peer 3
[17:50:34] The chunk 498/780 of file CHAP5.pdf is being sent to peer 3
[17:50:34] The chunk 499/780 of file CHAP5.pdf is being sent to peer 3
[17:50:34] The chunk 500/780 of file CHAP5.pdf is being sent to peer 3
[17:50:34] The chunk 501/780 of file CHAP5.pdf is being sent to peer 3
[17:50:34] The chunk 502/780 of file CHAP5.pdf is being sent to peer 3
[17:50:34] The chunk 503/780 of file CHAP5.pdf is being sent to peer 3
[17:50:34] The chunk 504/780 of file CHAP5.pdf is being sent to peer 3
[17:50:34] The chunk 505/780 of file CHAP5.pdf is being sent to peer 3
[17:50:34] The chunk 506/780 of file CHAP5.pdf is being sent to peer 3
[17:50:34] The chunk 507/780 of file CHAP5.pdf is being sent to peer 3
[17:50:34] The chunk 508/780 of file CHAP5.pdf is being sent to peer 3
[17:50:34] The chunk 509/780 of file CHAP5.pdf is being sent to peer 3
[17:50:34] The chunk 510/780 of file CHAP5.pdf is being sent to peer 3
[17:50:34] The chunk 511/780 of file CHAP5.pdf is being sent to peer 3
[17:50:34] The chunk 512/780 of file CHAP5.pdf is being sent to peer 3
[17:50:34] The chunk 513/780 of file CHAP5.pdf is being sent to peer 3
[17:50:34] The chunk 514/780 of file CHAP5.pdf is being sent to peer 3
[17:50:34] The chunk 515/780 of file CHAP5.pdf is being sent to peer 3
[17:50:34] The chunk 516/780 of file CHAP5.pdf is being sent to peer 3
[17:50:34] The chunk 517/780 of file CHAP5.pdf is being sent to peer 3
[17:50:34] The chunk 518/780 of file CHAP5.pdf is being sent to peer 3
[17:50:34] The chunk 519/780 of file CHAP5.pdf is being sent to peer 3
[17:50:34] The chunk 520/780 of file CHAP5.pdf is being sent to peer 3
[17:50:34] The chunk 521/780 of file CHAP5.pdf is being sent to peer 3
[17:50:34] The chunk 522/780 of file CHAP5.pdf is being sent to peer 3
[17:50:34] The chunk 523/780 of file CHAP5.pdf is being sent to peer 3
[17:50:34] The chunk 524/780 of file CHAP5.pdf is being sent to peer 3
[17:50:34] The chunk 525/780 of file CHAP5.pdf is being sent to peer 3
[17:50:34] The chunk 526/780 of file CHAP5.pdf is being sent to peer 3
[17:50:34] The chunk 527/780 of file CHAP5.pdf is being sent to peer 3
[17:50:34] The chunk 528/780 of file CHAP5.pdf is being sent to peer 3
[17:50:34] The chunk 529/780 of file CHAP5.pdf is being sent to peer 3
[17:50:34] The chunk 530/780 of file CHAP5.pdf is being sent to peer 3
[17:50:34] The chunk 531/780 of file CHAP5.pdf is being sent to peer 3
[17:50:34] The chunk 532/780 of file CHAP5.pdf is being sent to peer 3
[17:50:34] The chunk 533/780 of file CHAP5.pdf is being sent to peer 3
[17:50:34] The chunk 534/780 of file CHAP5.pdf is being sent to peer 3
[17:50:34] The chunk 535/780 of file CHAP5.pdf is being sent to peer 3
[17:50:34] The chunk 536/780 of file CHAP5.pdf is being sent to peer 3
[17:50:34] The chunk 537/780 of file CHAP5.pdf is being sent to peer 3
[17:50:34] The chunk 538/780 of file CHAP5.pdf is being sent to peer 3
[17:50:34] The chunk 539/780 of file CHAP5.pdf is being sent to peer 3
[17:50:34] The chunk 540/780 of file CHAP5.pdf is being sent to peer 3
[17:50:34] The chunk 541/780 of file CHAP5.pdf is being sent to peer 3
[17:50:34] The chunk 542/780 of file CHAP5.pdf is being sent to peer 3
[17:50:34] The chunk 543/780 of file CHAP5.pdf is being sent to peer 3
[17:50:34] The chunk 544/780 of file CHAP5.pdf is being sent to peer 3
[17:50:34] The chunk 545/780 of file CHAP5.pdf is being sent to peer 3
[17:50:34] The chunk 546/780 of file CHAP5.pdf is being sent to peer 3
[17:50:34] The chunk 547/780 of file CHAP5.pdf is being sent to peer 3
[17:50:34] The chunk 548/780 of file CHAP5.pdf is being sent to peer 3
[17:50:34] The chunk 549/780 of file CHAP5.pdf is being sent to peer 3
[17:50:34] The chunk 550/780 of file CHAP5.pdf is being sent to peer 3
[17:50:34] The chunk 551/780 of file CHAP5.pdf is being sent to peer 3
[17:50:34] The chunk 552/780 of file CHAP5.pdf is being sent to peer 3
[17:50:34] The chunk 553/780 of file CHAP5.pdf is being sent to peer 3
[17:50:34] The chunk 554/780 of file CHAP5.pdf is being sent to peer 3
[17:50:34] The chunk 555/780 of file CHAP5.pdf is being sent to peer 3
[17:50:34] The chunk 556/780 of file CHAP5.pdf is being sent to peer 3
[17:50:34] The chunk 557/780 of file CHAP5.pdf is being sent to peer 3
[17:50:34] The chunk 558/780 of file CHAP5.pdf is being sent to peer 3
[17:50:34] The chunk 559/780 of file CHAP5.pdf is being sent to peer 3
[17:50:34] The chunk 560/780 of file CHAP5.pdf is being sent to peer 3
[17:50:34] The chunk 561/780 of file CHAP5.pdf is being sent to peer 3
[17:50:34] The chunk 562/780 of file CHAP5.pdf is being sent to peer 3
[17:50:34] The chunk 563/780 of file CHAP5.pdf is being sent to peer 3
[17:50:34] The chunk 564/780 of file CHAP5.pdf is being sent to peer 3
[17:50:34] The chunk 565/780 of file CHAP5.pdf is being sent to peer 3
[17:50:34] The chunk 566/780 of file CHAP5.pdf is being sent to peer 3
[17:50:34] The chunk 567/780 of file CHAP5.pdf is being sent to peer 3
[17:50:34] The chunk 568/780 of file CHAP5.pdf is being sent to peer 3
[17:50:34] The chunk 569/780 of file CHAP5.pdf is being sent to peer 3
[17:50:34] The chunk 570/780 of file CHAP5.pdf is being sent to peer 3
[17:50:34] The chunk 571/780 of file CHAP5.pdf is being sent to peer 3
[17:50:34] The chunk 572/780 of file CHAP5.pdf is being sent to peer 3
[17:50:34] The chunk 573/780 of file CHAP5.pdf is being sent to peer 3
[17:50:34] The chunk 574/780 of file CHAP5.pdf is being sent to peer 3
[17:50:34] The chunk 575/780 of file CHAP5.pdf is being sent to peer 3
[17:50:34] The chunk 576/780 of file CHAP5.pdf is being sent to peer 3
[17:50:34] The chunk 577/780 of file CHAP5.pdf is being sent to peer 3
[17:50:34] The chunk 578/780 of file CHAP5.pdf is being sent to peer 3
[17:50:34] The chunk 579/780 of file CHAP5.pdf is being sent to peer 3
[17:50:34] The chunk 580/780 of file CHAP5.pdf is being sent to peer 3
[17:50:34] The chunk 581/780 of file CHAP5.pdf is being sent to peer 3
[17:50:34] The chunk 582/780 of file CHAP5.pdf is being sent to peer 3
[17:50:34] The chunk 583/780 of file CHAP5.pdf is being sent to peer 3
[17:50:34] The chunk 584/780 of file CHAP5.pdf is being sent to peer 3
[17:50:34] The chunk 585/780 of file CHAP5.pdf is being sent to peer 3
[17:50:34] The chunk 586/780 of file CHAP5.pdf is being sent to peer 3
[17:50:35] The chunk 587/780 of file CHAP5.pdf is being sent to peer 3
[17:50:35] The chunk 588/780 of file CHAP5.pdf is being sent to peer 3
[17:50:35] The chunk 589/780 of file CHAP5.pdf is being sent to peer 3
[17:50:35] The chunk 590/780 of file CHAP5.pdf is being sent to peer 3
[17:50:35] The chunk 591/780 of file CHAP5.pdf is being sent to peer 3
[17:50:35] The chunk 592/780 of file CHAP5.pdf is being sent to peer 3
[17:50:35] The chunk 593/780 of file CHAP5.pdf is being sent to peer 3
[17:50:35] The chunk 594/780 of file CHAP5.pdf is being sent to peer 3
[17:50:35] The chunk 595/780 of file CHAP5.pdf is being sent to peer 3
[17:50:35] The chunk 596/780 of file CHAP5.pdf is being sent to peer 3
[17:50:35] The chunk 597/780 of file CHAP5.pdf is being sent to peer 3
[17:50:35] The chunk 598/780 of file CHAP5.pdf is being sent to peer 3
[17:50:35] The chunk 599/780 of file CHAP5.pdf is being sent to peer 3
[17:50:35] The chunk 600/780 of file CHAP5.pdf is being sent to peer 3
[17:50:35] The chunk 601/780 of file CHAP5.pdf is being sent to peer 3
[17:50:35] The chunk 602/780 of file CHAP5.pdf is being sent to peer 3
[17:50:35] The chunk 603/780 of file CHAP5.pdf is being sent to peer 3
[17:50:35] The chunk 604/780 of file CHAP5.pdf is being sent to peer 3
[17:50:35] The chunk 605/780 of file CHAP5.pdf is being sent to peer 3
[17:50:35] The chunk 606/780 of file CHAP5.pdf is being sent to peer 3
[17:50:35] The chunk 607/780 of file CHAP5.pdf is being sent to peer 3
[17:50:35] The chunk 608/780 of file CHAP5.pdf is being sent to peer 3
[17:50:35] The chunk 609/780 of file CHAP5.pdf is being sent to peer 3
[17:50:35] The chunk 610/780 of file CHAP5.pdf is being sent to peer 3
[17:50:35] The chunk 611/780 of file CHAP5.pdf is being sent to peer 3
[17:50:35] The chunk 612/780 of file CHAP5.pdf is being sent to peer 3
[17:50:35] The chunk 613/780 of file CHAP5.pdf is being sent to peer 3
[17:50:35] The chunk 614/780 of file CHAP5.pdf is being sent to peer 3
[17:50:35] The chunk 615/780 of file CHAP5.pdf is being sent to peer 3
[17:50:35] The chunk 616/780 of file CHAP5.pdf is being sent to peer 3
[17:50:35] The chunk 617/780 of file CHAP5.pdf is being sent to peer 3
[17:50:35] The chunk 618/780 of file CHAP5.pdf is being sent to peer 3
[17:50:35] The chunk 619/780 of file CHAP5.pdf is being sent to peer 3
[17:50:35] The chunk 620/780 of file CHAP5.pdf is being sent to peer 3
[17:50:35] The chunk 621/780 of file CHAP5.pdf is being sent to peer 3
[17:50:35] The chunk 622/780 of file CHAP5.pdf is being sent to peer 3
[17:50:35] The chunk 623/780 of file CHAP5.pdf is being sent to peer 3
[17:50:35] The chunk 624/780 of file CHAP5.pdf is being sent to peer 3
[17:50:35] The chunk 625/780 of file CHAP5.pdf is being sent to peer 3
[17:50:35] The chunk 626/780 of file CHAP5.pdf is being sent to peer 3
[17:50:35] The chunk 627/780 of file CHAP5.pdf is being sent to peer 3
[17:50:35] The chunk 628/780 of file CHAP5.pdf is being sent to peer 3
[17:50:35] The chunk 629/780 of file CHAP5.pdf is being sent to peer 3
[17:50:35] The chunk 630/780 of file CHAP5.pdf is being sent to peer 3
[17:50:35] The chunk 631/780 of file CHAP5.pdf is being sent to peer 3
[17:50:35] The chunk 632/780 of file CHAP5.pdf is being sent to peer 3
[17:50:35] The chunk 633/780 of file CHAP5.pdf is being sent to peer 3
[17:50:35] The chunk 634/780 of file CHAP5.pdf is being sent to peer 3
[17:50:35] The chunk 635/780 of file CHAP5.pdf is being sent to peer 3
[17:50:35] The chunk 636/780 of file CHAP5.pdf is being sent to peer 3
[17:50:35] The chunk 637/780 of file CHAP5.pdf is being sent to peer 3
[17:50:35] The chunk 638/780 of file CHAP5.pdf is being sent to peer 3
[17:50:35] The chunk 639/780 of file CHAP5.pdf is being sent to peer 3
[17:50:35] The chunk 640/780 of file CHAP5.pdf is being sent to peer 3
[17:50:35] The chunk 641/780 of file CHAP5.pdf is being sent to peer 3
[17:50:35] The chunk 642/780 of file CHAP5.pdf is being sent to peer 3
[17:50:35] The chunk 643/780 of file CHAP5.pdf is being sent to peer 3
[17:50:35] The chunk 644/780 of file CHAP5.pdf is being sent to peer 3
[17:50:35] The chunk 645/780 of file CHAP5.pdf is being sent to peer 3
[17:50:35] The chunk 646/780 of file CHAP5.pdf is being sent to peer 3
[17:50:35] The chunk 647/780 of file CHAP5.pdf is being sent to peer 3
[17:50:35] The chunk 648/780 of file CHAP5.pdf is being sent to peer 3
[17:50:35] The chunk 649/780 of file CHAP5.pdf is being sent to peer 3
[17:50:35] The chunk 650/780 of file CHAP5.pdf is being sent to peer 3
[17:50:35] The chunk 651/780 of file CHAP5.pdf is being sent to peer 3
[17:50:35] The chunk 652/780 of file CHAP5.pdf is being sent to peer 3
[17:50:35] The chunk 653/780 of file CHAP5.pdf is being sent to peer 3
[17:50:35] The chunk 654/780 of file CHAP5.pdf is being sent to peer 3
[17:50:35] The chunk 655/780 of file CHAP5.pdf is being sent to peer 3
[17:50:35] The chunk 656/780 of file CHAP5.pdf is being sent to peer 3
[17:50:35] The chunk 657/780 of file CHAP5.pdf is being sent to peer 3
[17:50:35] The chunk 658/780 of file CHAP5.pdf is being sent to peer 3
[17:50:35] The chunk 659/780 of file CHAP5.pdf is being sent to peer 3
[17:50:35] The chunk 660/780 of file CHAP5.pdf is being sent to peer 3
[17:50:35] The chunk 661/780 of file CHAP5.pdf is being sent to peer 3
[17:50:35] The chunk 662/780 of file CHAP5.pdf is being sent to peer 3
[17:50:35] The chunk 663/780 of file CHAP5.pdf is being sent to peer 3
[17:50:35] The chunk 664/780 of file CHAP5.pdf is being sent to peer 3
[17:50:35] The chunk 665/780 of file CHAP5.pdf is being sent to peer 3
[17:50:35] The chunk 666/780 of file CHAP5.pdf is being sent to peer 3
[17:50:35] The chunk 667/780 of file CHAP5.pdf is being sent to peer 3
[17:50:35] The chunk 668/780 of file CHAP5.pdf is being sent to peer 3
[17:50:35] The chunk 669/780 of file CHAP5.pdf is being sent to peer 3
[17:50:35] The chunk 670/780 of file CHAP5.pdf is being sent to peer 3
[17:50:35] The chunk 671/780 of file CHAP5.pdf is being sent to peer 3
[17:50:35] The chunk 672/780 of file CHAP5.pdf is being sent to peer 3
[17:50:35] The chunk 673/780 of file CHAP5.pdf is being sent to peer 3
[17:50:35] The chunk 674/780 of file CHAP5.pdf is being sent to peer 3
[17:50:35] The chunk 675/780 of file CHAP5.pdf is being sent to peer 3
[17:50:35] The chunk 676/780 of file CHAP5.pdf is being sent to peer 3
[17:50:35] The chunk 677/780 of file CHAP5.pdf is being sent to peer 3
[17:50:35] The chunk 678/780 of file CHAP5.pdf is being sent to peer 3
[17:50:35] The chunk 679/780 of file CHAP5.pdf is being sent to peer 3
[17:50:35] The chunk 680/780 of file CHAP5.pdf is being sent to peer 3
[17:50:35] The chunk 681/780 of file CHAP5.pdf is being sent to peer 3
[17:50:35] The chunk 682/780 of file CHAP5.pdf is being sent to peer 3
[17:50:35] The chunk 683/780 of file CHAP5.pdf is being sent to peer 3
[17:50:35] The chunk 684/780 of file CHAP5.pdf is being sent to peer 3
[17:50:35] The chunk 685/780 of file CHAP5.pdf is being sent to peer 3
[17:50:35] The chunk 686/780 of file CHAP5.pdf is being sent to peer 3
[17:50:35] The chunk 687/780 of file CHAP5.pdf is being sent to peer 3
[17:50:35] The chunk 688/780 of file CHAP5.pdf is being sent to peer 3
[17:50:35] The chunk 689/780 of file CHAP5.pdf is being sent to peer 3
[17:50:35] The chunk 690/780 of file CHAP5.pdf is being sent to peer 3
[17:50:35] The chunk 691/780 of file CHAP5.pdf is being sent to peer 3
[17:50:35] The chunk 692/780 of file CHAP5.pdf is being sent to peer 3
[17:50:35] The chunk 693/780 of file CHAP5.pdf is being sent to peer 3
[17:50:35] The chunk 694/780 of file CHAP5.pdf is being sent to peer 3
[17:50:35] The chunk 695/780 of file CHAP5.pdf is being sent to peer 3
[17:50:35] The chunk 696/780 of file CHAP5.pdf is being sent to peer 3
[17:50:35] The chunk 697/780 of file CHAP5.pdf is being sent to peer 3
[17:50:35] The chunk 698/780 of file CHAP5.pdf is being sent to peer 3
[17:50:35] The chunk 699/780 of file CHAP5.pdf is being sent to peer 3
[17:50:35] The chunk 700/780 of file CHAP5.pdf is being sent to peer 3
[17:50:35] The chunk 701/780 of file CHAP5.pdf is being sent to peer 3
[17:50:35] The chunk 702/780 of file CHAP5.pdf is being sent to peer 3
[17:50:35] The chunk 703/780 of file CHAP5.pdf is being sent to peer 3
[17:50:35] The chunk 704/780 of file CHAP5.pdf is being sent to peer 3
[17:50:35] The chunk 705/780 of file CHAP5.pdf is being sent to peer 3
[17:50:35] The chunk 706/780 of file CHAP5.pdf is being sent to peer 3
[17:50:35] The chunk 707/780 of file CHAP5.pdf is being sent to peer 3
[17:50:35] The chunk 708/780 of file CHAP5.pdf is being sent to peer 3
[17:50:35] The chunk 709/780 of file CHAP5.pdf is being sent to peer 3
[17:50:35] The chunk 710/780 of file CHAP5.pdf is being sent to peer 3
[17:50:35] The chunk 711/780 of file CHAP5.pdf is being sent to peer 3
[17:50:35] The chunk 712/780 of file CHAP5.pdf is being sent to peer 3
[17:50:35] The chunk 713/780 of file CHAP5.pdf is being sent to peer 3
[17:50:35] The chunk 714/780 of file CHAP5.pdf is being sent to peer 3
[17:50:35] The chunk 715/780 of file CHAP5.pdf is being sent to peer 3
[17:50:35] The chunk 716/780 of file CHAP5.pdf is being sent to peer 3
[17:50:35] The chunk 717/780 of file CHAP5.pdf is being sent to peer 3
[17:50:35] The chunk 718/780 of file CHAP5.pdf is being sent to peer 3
[17:50:35] The chunk 719/780 of file CHAP5.pdf is being sent to peer 3
[17:50:35] The chunk 720/780 of file CHAP5.pdf is being sent to peer 3
[17:50:35] The chunk 721/780 of file CHAP5.pdf is being sent to peer 3
[17:50:35] The chunk 722/780 of file CHAP5.pdf is being sent to peer 3
[17:50:35] The chunk 723/780 of file CHAP5.pdf is being sent to peer 3
[17:50:35] The chunk 724/780 of file CHAP5.pdf is being sent to peer 3
[17:50:35] The chunk 725/780 of file CHAP5.pdf is being sent to peer 3
[17:50:35] The chunk 726/780 of file CHAP5.pdf is being sent to peer 3
[17:50:35] The chunk 727/780 of file CHAP5.pdf is being sent to peer 3
[17:50:35] The chunk 728/780 of file CHAP5.pdf is being sent to peer 3
[17:50:35] The chunk 729/780 of file CHAP5.pdf is being sent to peer 3
[17:50:35] The chunk 730/780 of file CHAP5.pdf is being sent to peer 3
[17:50:35] The chunk 731/780 of file CHAP5.pdf is being sent to peer 3
[17:50:35] The chunk 732/780 of file CHAP5.pdf is being sent to peer 3
[17:50:35] The chunk 733/780 of file CHAP5.pdf is being sent to peer 3
[17:50:35] The chunk 734/780 of file CHAP5.pdf is being sent to peer 3
[17:50:35] The chunk 735/780 of file CHAP5.pdf is being sent to peer 3
[17:50:35] The chunk 736/780 of file CHAP5.pdf is being sent to peer 3
[17:50:35] The chunk 737/780 of file CHAP5.pdf is being sent to peer 3
[17:50:35] The chunk 738/780 of file CHAP5.pdf is being sent to peer 3
[17:50:35] The chunk 739/780 of file CHAP5.pdf is being sent to peer 3
[17:50:35] The chunk 740/780 of file CHAP5.pdf is being sent to peer 3
[17:50:35] The chunk 741/780 of file CHAP5.pdf is being sent to peer 3
[17:50:35] The chunk 742/780 of file CHAP5.pdf is being sent to peer 3
[17:50:35] The chunk 743/780 of file CHAP5.pdf is being sent to peer 3
[17:50:35] The chunk 744/780 of file CHAP5.pdf is being sent to peer 3
[17:50:35] The chunk 745/780 of file CHAP5.pdf is being sent to peer 3
[17:50:35] The chunk 746/780 of file CHAP5.pdf is being sent to peer 3
[17:50:35] The chunk 747/780 of file CHAP5.pdf is being sent to peer 3
[17:50:35] The chunk 748/780 of file CHAP5.pdf is being sent to peer 3
[17:50:35] The chunk 749/780 of file CHAP5.pdf is being sent to peer 3
[17:50:35] The chunk 750/780 of file CHAP5.pdf is being sent to peer 3
[17:50:35] The chunk 751/780 of file CHAP5.pdf is being sent to peer 3
[17:50:35] The chunk 752/780 of file CHAP5.pdf is being sent to peer 3
[17:50:35] The chunk 753/780 of file CHAP5.pdf is being sent to peer 3
[17:50:35] The chunk 754/780 of file CHAP5.pdf is being sent to peer 3
[17:50:35] The chunk 755/780 of file CHAP5.pdf is being sent to peer 3
[17:50:35] The chunk 756/780 of file CHAP5.pdf is being sent to peer 3
[17:50:35] The chunk 757/780 of file CHAP5.pdf is being sent to peer 3
[17:50:35] The chunk 758/780 of file CHAP5.pdf is being sent to peer 3
[17:50:35] The chunk 759/780 of file CHAP5.pdf is being sent to peer 3
[17:50:35] The chunk 760/780 of file CHAP5.pdf is being sent to peer 3
[17:50:35] The chunk 761/780 of file CHAP5.pdf is being sent to peer 3
[17:50:35] The chunk 762/780 of file CHAP5.pdf is being sent to peer 3
[17:50:35] The chunk 763/780 of file CHAP5.pdf is being sent to peer 3
[17:50:35] The chunk 764/780 of file CHAP5.pdf is being sent to peer 3
[17:50:35] The chunk 765/780 of file CHAP5.pdf is being sent to peer 3
[17:50:35] The chunk 766/780 of file CHAP5.pdf is being sent to peer 3
[17:50:35] The chunk 767/780 of file CHAP5.pdf is being sent to peer 3
[17:50:35] The chunk 768/780 of file CHAP5.pdf is being sent to peer 3
[17:50:35] The chunk 769/780 of file CHAP5.pdf is being sent to peer 3
[17:50:35] The chunk 770/780 of file CHAP5.pdf is being sent to peer 3
[17:50:35] The chunk 771/780 of file CHAP5.pdf is being sent to peer 3
[17:50:35] The chunk 772/780 of file CHAP5.pdf is being sent to peer 3
[17:50:35] The chunk 773/780 of file CHAP5.pdf is being sent to peer 3
[17:50:35] The chunk 774/780 of file CHAP5.pdf is being sent to peer 3
[17:50:35] The chunk 775/780 of file CHAP5.pdf is being sent to peer 3
[17:50:35] The chunk 776/780 of file CHAP5.pdf is being sent to peer 3
[17:50:35] The chunk 777/780 of file CHAP5.pdf is being sent to peer 3
[17:50:35] The chunk 778/780 of file CHAP5.pdf is being sent to peer 3
[17:50:35] The chunk 779/780 of file CHAP5.pdf is being sent to peer 3
[17:50:40] I am informing the tracker that I am still alive.
[17:51:00] I am informing the tracker that I am still alive.
[17:51:22] ========================================
Peer 2 started just right now
========================================
[17:51:22] You have entered the torrent
[17:51:22] I am informing the tracker that I am still alive.
[17:51:42] I am informing the tracker that I am still alive.
[17:52:02] I am informing the tracker that I am still alive.
[17:52:22] I am informing the tracker that I am still alive.
[23:57:08] ========================================
Peer 2 started just right now
===================================================
[23:57:08] You have entered the torrent
[23:57:08] I am informing the tracker that I am still alive.
[23:57:35] ========================================
Peer 2 started just right now
===================================================
[23:57:35] You have entered the torrent
[23:57:35] I am informing the tracker that I am still alive.
[23:57:55] I am informing the tracker that I am still alive.
[23:58:15] I am informing the tracker that I am still alive.
[23:58:22] You are now DOWNLOADING the file VID1.mkv
[23:58:35] I am informing the tracker that I am still alive.
[23:59:26] ========================================
Peer 2 started just right now
===================================================
[23:59:26] You have entered the torrent
[23:59:26] I am informing the tracker that I am still alive.
[23:59:33] ========================================
Peer 2 started just right now
===================================================
[23:59:33] You have entered the torrent
[23:59:33] I am informing the tracker that I am still alive.
[23:59:51] You are now DOWNLOADING the file VID1.mkv
[23:59:51] No other peer has the file VID1.mkv
[23:59:53] I am informing the tracker that I am still alive.
[00:00:13] I am informing the tracker that I am still alive.
[00:00:15] You are now DOWNLOADING the file VID1.mkv
[00:00:33] I am informing the tracker that I am still alive.
[00:00:53] I am informing the tracker that I am still alive.
[00:01:13] I am informing the tracker that I am still alive.
[00:01:33] I am informing the tracker that I am still alive.
[00:01:53] I am informing the tracker that I am still alive.
[00:02:13] I am informing the tracker that I am still alive.
[00:02:33] I am informing the tracker that I am still alive.
[00:02:53] I am informing the tracker that I am still alive.
[00:03:13] I am informing the tracker that I am still alive.
[00:03:33] I am informing the tracker that I am still alive.
[00:03:53] I am informing the tracker that I am still alive.
[00:04:13] I am informing the tracker that I am still alive.
[00:04:20] You are now DOWNLOADING the file VID1.mkv
[00:04:33] I am informing the tracker that I am still alive.
[00:04:53] I am informing the tracker that I am still alive.
[00:05:13] I am informing the tracker that I am still alive.
[00:05:33] I am informing the tracker that I am still alive.
[00:05:53] I am informing the tracker that I am still alive.
[00:09:21] ========================================
Peer 2 started just right now
===================================================
[00:09:21] You have entered the torrent
[00:09:21] I am informing the tracker that I am still alive.
[00:09:41] I am informing the tracker that I am still alive.
[00:10:01] I am informing the tracker that I am still alive.
[00:10:21] I am informing the tracker that I am still alive.
[00:10:41] I am informing the tracker that I am still alive.
[00:11:01] I am informing the tracker that I am still alive.
[00:11:21] I am informing the tracker that I am still alive.
[00:11:41] I am informing the tracker that I am still alive.
[00:11:58] ========================================
Peer 2 started just right now
===================================================
[00:11:58] You have entered the torrent
[00:11:58] I am informing the tracker that I am still alive.
[00:12:05] You are now DOWNLOADING the file VID1.mkv
[00:12:05] You are going to download the file VID1.mkv from [1]
[00:12:05] The size of the file VID1.mkv is 1548103894 bytes
[00:12:05] I sent request for a chunk of file VID1.mkv to peer 1
[00:12:18] I am informing the tracker that I am still alive.
[00:12:38] I am informing the tracker that I am still alive.
[00:12:58] I am informing the tracker that I am still alive.
[00:13:18] I am informing the tracker that I am still alive.
[00:13:38] I am informing the tracker that I am still alive.
[00:13:58] I am informing the tracker that I am still alive.
[00:14:18] I am informing the tracker that I am still alive.
[00:14:34] ========================================
Peer 2 started just right now
===================================================
[00:14:34] You have entered the torrent
[00:14:34] I am informing the tracker that I am still alive.
[00:14:41] You are now DOWNLOADING the file VID1.mkv
[00:14:41] You are going to download the file VID1.mkv from [1]
[00:14:41] The size of the file VID1.mkv is 1548103894 bytes
[00:14:41] I sent request for a chunk of file VID1.mkv to peer 1
[00:14:54] I am informing the tracker that I am still alive.
[00:15:14] I am informing the tracker that I am still alive.
[00:15:34] I am informing the tracker that I am still alive.
[00:15:54] I am informing the tracker that I am still alive.
[00:16:14] I am informing the tracker that I am still alive.
[00:16:34] I am informing the tracker that I am still alive.
[00:16:54] I am informing the tracker that I am still alive.
[00:17:14] I am informing the tracker that I am still alive.
[00:17:34] I am informing the tracker that I am still alive.
[00:17:54] I am informing the tracker that I am still alive.
[00:18:14] I am informing the tracker that I am still alive.
[00:18:34] I am informing the tracker that I am still alive.
[00:19:38] ========================================
Peer 2 started just right now
===================================================
[00:19:38] You have entered the torrent
[00:19:38] I am informing the tracker that I am still alive.
[00:19:41] You are now DOWNLOADING the file VID1.mkv
[00:19:41] You are going to download the file VID1.mkv from [1]
[00:19:41] The size of the file VID1.mkv is 1548103894 bytes
[00:19:41] I sent request for a chunk of file VID1.mkv to peer 1
[00:19:58] I am informing the tracker that I am still alive.
[00:22:47] ========================================
Peer 2 started just right now
===================================================
[00:22:47] You have entered the torrent
[00:22:47] I am informing the tracker that I am still alive.
[00:22:52] You are now DOWNLOADING the file VID1.mkv
[00:22:52] You are going to download the file VID1.mkv from [1]
[00:22:52] The size of the file VID1.mkv is 1548103894 bytes
[00:22:52] I sent request for a chunk of file VID1.mkv to peer 1
[00:23:07] I am informing the tracker that I am still alive.
[00:23:27] I am informing the tracker that I am still alive.
[00:23:47] I am informing the tracker that I am still alive.
[00:23:49] You are now DOWNLOADING the file VID1.mkv
[00:23:49] You are going to download the file VID1.mkv from [1]
[00:23:49] The size of the file VID1.mkv is 1548103894 bytes
[00:23:49] I sent request for a chunk of file VID1.mkv to peer 1
[00:24:07] I am informing the tracker that I am still alive.
[00:24:27] I am informing the tracker that I am still alive.
[00:24:47] I am informing the tracker that I am still alive.
[00:25:07] I am informing the tracker that I am still alive.
[00:25:23] ========================================
Peer 2 started just right now
===================================================
[00:25:23] You have entered the torrent
[00:25:23] I am informing the tracker that I am still alive.
[00:25:26] You are now DOWNLOADING the file VID1.mkv
[00:25:26] You are going to download the file VID1.mkv from [1]
[00:25:26] The size of the file VID1.mkv is 1548103894 bytes
[00:25:26] I sent request for a chunk of file VID1.mkv to peer 1
[00:25:38] ========================================
Peer 2 started just right now
===================================================
[00:25:38] You have entered the torrent
[00:25:38] I am informing the tracker that I am still alive.
[00:26:08] ========================================
Peer 2 started just right now
===================================================
[00:26:08] You have entered the torrent
[00:26:08] I am informing the tracker that I am still alive.
[00:26:09] You are now DOWNLOADING the file VID1.mkv
[00:26:09] You are going to download the file VID1.mkv from [1]
[00:26:09] The size of the file VID1.mkv is 1548103894 bytes
[00:26:09] I sent request for a chunk of file VID1.mkv to peer 1
[00:26:28] I am informing the tracker that I am still alive.
[00:26:40] ========================================
Peer 2 started just right now
===================================================
[00:26:40] You have entered the torrent
[00:26:40] I am informing the tracker that I am still alive.
[00:26:49] ========================================
Peer 2 started just right now
===================================================
[00:26:49] You have entered the torrent
[00:26:49] I am informing the tracker that I am still alive.
[00:26:51] You are now DOWNLOADING the file VID1.mkv
[00:26:51] You are going to download the file VID1.mkv from [1]
[00:26:51] The size of the file VID1.mkv is 1548103894 bytes
[00:26:51] I sent request for a chunk of file VID1.mkv to peer 1
[00:28:27] ========================================
Peer 2 started just right now
===================================================
[00:28:27] You have entered the torrent
[00:28:27] I am informing the tracker that I am still alive.
[00:28:35] You are now DOWNLOADING the file VID1.mkv
[00:28:35] You are going to download the file VID1.mkv from [1]
[00:28:47] I am informing the tracker that I am still alive.
[00:28:53] You are now DOWNLOADING the file VID1.mkv
[00:28:53] You are going to download the file VID1.mkv from [1]
[00:29:07] I am informing the tracker that I am still alive.
[00:29:38] ========================================
Peer 2 started just right now
===================================================
[00:29:38] You have entered the torrent
[00:29:38] I am informing the tracker that I am still alive.
[00:29:40] You are now DOWNLOADING the file VID1.mkv
[00:29:40] You are going to download the file VID1.mkv from [1]
[00:29:40] The size of the file VID1.mkv is 1548103894 bytes
[00:29:40] I sent request for a chunk of file VID1.mkv to peer 1
[00:29:58] I am informing the tracker that I am still alive.
[00:30:18] I am informing the tracker that I am still alive.
[00:30:38] I am informing the tracker that I am still alive.
[00:30:58] I am informing the tracker that I am still alive.
[00:31:18] I am informing the tracker that I am still alive.
[00:31:43] ========================================
Peer 2 started just right now
===================================================
[00:31:43] You have entered the torrent
[00:31:43] I am informing the tracker that I am still alive.
[00:31:50] You are now DOWNLOADING the file VID1.mkv
[00:31:50] You are going to download the file VID1.mkv from [1]
[00:31:50] The size of the file VID1.mkv is 1548103894 bytes
[00:31:50] I sent request for a chunk of file VID1.mkv to peer 1
[00:32:03] I am informing the tracker that I am still alive.
[00:32:33] ========================================
Peer 2 started just right now
===================================================
[00:32:33] You have entered the torrent
[00:32:33] I am informing the tracker that I am still alive.
[00:32:39] You are now DOWNLOADING the file VID1.mkv
[00:32:39] You are going to download the file VID1.mkv from [1]
[00:32:39] The size of the file VID1.mkv is 1548103894 bytes
[00:32:39] I sent request for a chunk of file VID1.mkv to peer 1
[00:32:53] I am informing the tracker that I am still alive.
[00:33:13] I am informing the tracker that I am still alive.
[00:33:33] I am informing the tracker that I am still alive.
[00:33:53] I am informing the tracker that I am still alive.
[00:34:05] ========================================
Peer 2 started just right now
===================================================
[00:34:05] You have entered the torrent
[00:34:05] I am informing the tracker that I am still alive.
[00:34:11] You are now DOWNLOADING the file VID1.mkv
[00:34:11] You are going to download the file VID1.mkv from [1]
[00:34:11] The size of the file VID1.mkv is 1548103894 bytes
[00:34:11] I sent request for a chunk of file VID1.mkv to peer 1
[00:34:24] I am informing the tracker that I am still alive.
[00:34:44] I am informing the tracker that I am still alive.
[00:35:04] I am informing the tracker that I am still alive.
[00:35:25] I am informing the tracker that I am still alive.
[00:35:45] I am informing the tracker that I am still alive.
[00:36:05] I am informing the tracker that I am still alive.
[00:36:25] I am informing the tracker that I am still alive.
[00:36:44] ========================================
Peer 2 started just right now
===================================================
[00:36:44] You have entered the torrent
[00:36:44] I am informing the tracker that I am still alive.
[00:36:49] You are now DOWNLOADING the file VID1.mkv
[00:36:49] You are going to download the file VID1.mkv from [1]
[00:36:49] The size of the file VID1.mkv is 1548103894 bytes
[00:36:49] I sent request for a chunk of file VID1.mkv to peer 1
[00:37:04] I am informing the tracker that I am still alive.
[00:37:24] I am informing the tracker that I am still alive.
[00:37:44] I am informing the tracker that I am still alive.
[00:38:04] I am informing the tracker that I am still alive.
[00:38:24] I am informing the tracker that I am still alive.
[00:38:44] I am informing the tracker that I am still alive.
[00:39:04] I am informing the tracker that I am still alive.
[00:39:24] I am informing the tracker that I am still alive.
[00:39:33] ========================================
Peer 2 started just right now
===================================================
[00:39:33] You have entered the torrent
[00:39:33] I am informing the tracker that I am still alive.
[00:39:38] You are now DOWNLOADING the file VID1.mkv
[00:39:38] You are going to download the file VID1.mkv from [1]
[00:39:38] The size of the file VID1.mkv is 1548103894 bytes
[00:39:38] I sent request for a chunk of file VID1.mkv to peer 1
[00:40:36] ========================================
Peer 2 started just right now
===================================================
[00:40:36] You have entered the torrent
[00:40:36] I am informing the tracker that I am still alive.
[00:40:56] ========================================
Peer 2 started just right now
===================================================
[00:40:56] You have entered the torrent
[00:40:56] I am informing the tracker that I am still alive.
[00:40:58] You are now DOWNLOADING the file VID1.mkv
[00:40:58] You are going to download the file VID1.mkv from [1]
[00:40:58] The size of the file VID1.mkv is 1548103894 bytes
[00:40:58] I sent request for a chunk of file VID1.mkv to peer 1
[00:41:16] I am informing the tracker that I am still alive.
[00:42:34] ========================================
Peer 2 started just right now
===================================================
[00:42:34] You have entered the torrent
[00:42:34] I am informing the tracker that I am still alive.
[00:42:43] You are now DOWNLOADING the file VID1.mkv
[00:42:43] You are going to download the file VID1.mkv from [1]
[00:42:43] The size of the file VID1.mkv is 1548103894 bytes
[00:42:43] I sent request for a chunk of file VID1.mkv to peer 1
[00:42:54] I am informing the tracker that I am still alive.
[00:43:14] I am informing the tracker that I am still alive.
[00:43:52] ========================================
Peer 2 started just right now
===================================================
[00:43:52] You have entered the torrent
[00:43:52] I am informing the tracker that I am still alive.
[00:43:54] You are now DOWNLOADING the file VID1.mkv
[00:43:54] You are going to download the file VID1.mkv from [1]
[00:43:54] The size of the file VID1.mkv is 1548103894 bytes
[00:43:54] I sent request for a chunk of file VID1.mkv to peer 1
[00:45:38] ========================================
Peer 2 started just right now
===================================================
[00:45:38] You have entered the torrent
[00:45:38] I am informing the tracker that I am still alive.
[00:45:39] You are now DOWNLOADING the file VID1.mkv
[00:45:39] You are going to download the file VID1.mkv from [1]
[00:45:39] The size of the file VID1.mkv is 1548103894 bytes
[00:45:39] I sent request for a chunk of file VID1.mkv to peer 1
[00:45:58] I am informing the tracker that I am still alive.
[00:46:18] I am informing the tracker that I am still alive.
[00:46:38] I am informing the tracker that I am still alive.
[00:46:58] I am informing the tracker that I am still alive.
[00:47:07] ========================================
Peer 2 started just right now
===================================================
[00:47:07] You have entered the torrent
[00:47:07] I am informing the tracker that I am still alive.
[00:47:15] You are now DOWNLOADING the file VID1.mkv
[00:47:15] You are going to download the file VID1.mkv from [1]
[00:47:15] The size of the file VID1.mkv is 1548103894 bytes
[00:47:15] I sent request for a chunk of file VID1.mkv to peer 1
[00:47:27] I am informing the tracker that I am still alive.
[00:47:47] I am informing the tracker that I am still alive.
[00:48:07] I am informing the tracker that I am still alive.
[00:48:27] I am informing the tracker that I am still alive.
[00:48:47] I am informing the tracker that I am still alive.
[00:49:07] I am informing the tracker that I am still alive.
[00:49:27] I am informing the tracker that I am still alive.
[00:49:47] I am informing the tracker that I am still alive.
[00:50:07] I am informing the tracker that I am still alive.
[00:50:27] I am informing the tracker that I am still alive.
[00:50:47] I am informing the tracker that I am still alive.
[00:51:07] I am informing the tracker that I am still alive.
[00:51:27] I am informing the tracker that I am still alive.
[00:51:47] I am informing the tracker that I am still alive.
[00:52:07] I am informing the tracker that I am still alive.
[00:52:27] I am informing the tracker that I am still alive.
[00:52:47] I am informing the tracker that I am still alive.
[00:53:07] I am informing the tracker that I am still alive.
[00:53:27] I am informing the tracker that I am still alive.
[00:53:47] I am informing the tracker that I am still alive.
[00:54:07] I am informing the tracker that I am still alive.
[00:54:27] I am informing the tracker that I am still alive.
[00:54:47] I am informing the tracker that I am still alive.
[00:55:07] I am informing the tracker that I am still alive.
[00:55:27] I am informing the tracker that I am still alive.
[00:55:47] I am informing the tracker that I am still alive.
[00:56:07] I am informing the tracker that I am still alive.
[00:56:27] I am informing the tracker that I am still alive.
[00:56:47] I am informing the tracker that I am still alive.
[00:57:07] I am informing the tracker that I am still alive.
[00:57:27] I am informing the tracker that I am still alive.
[00:57:47] I am informing the tracker that I am still alive.
[00:58:07] I am informing the tracker that I am still alive.
[00:58:27] I am informing the tracker that I am still alive.
[00:58:47] I am informing the tracker that I am still alive.
[00:59:07] I am informing the tracker that I am still alive.
[00:59:27] I am informing the tracker that I am still alive.
[00:59:47] I am informing the tracker that I am still alive.
[01:00:07] I am informing the tracker that I am still alive.
[01:00:27] I am informing the tracker that I am still alive.
[01:00:47] I am informing the tracker that I am still alive.
[01:01:07] I am informing the tracker that I am still alive.
[01:01:27] I am informing the tracker that I am still alive.
[01:01:47] I am informing the tracker that I am still alive.
[01:02:07] I am informing the tracker that I am still alive.
[01:02:27] I am informing the tracker that I am still alive.
[01:02:47] I am informing the tracker that I am still alive.
[01:03:07] I am informing the tracker that I am still alive.
[01:03:27] I am informing the tracker that I am still alive.
[01:03:47] I am informing the tracker that I am still alive.
[01:04:07] I am informing the tracker that I am still alive.
[01:04:27] I am informing the tracker that I am still alive.
[01:04:47] I am informing the tracker that I am still alive.
[01:05:07] I am informing the tracker that I am still alive.
[01:05:27] I am informing the tracker that I am still alive.
[01:05:47] I am informing the tracker that I am still alive.
[01:06:07] I am informing the tracker that I am still alive.
[01:06:27] I am informing the tracker that I am still alive.
[01:06:47] I am informing the tracker that I am still alive.
[01:07:07] I am informing the tracker that I am still alive.
