[11:16:15] ========================================
Peer 7 started just right now
===================================================
[11:16:15] You have entered the torrent
[11:16:15] I am informing the tracker that I am still alive.
[11:16:25] You are now DOWNLOADING the file ASS1.pdf
[11:16:25] You are going to download the file ASS1.pdf from [1, 6]
[11:16:25] The size of the file ASS1.pdf is 209095 bytes
[11:16:25] I sent request for a chunk of file ASS1.pdf to peer 1
[11:16:25] I sent request for a chunk of file ASS1.pdf to peer 6
[11:16:25] All chunks of file ASS1.pdf have been downloaded, but they must be REASSEMBLED
[11:16:25] All chunks of file ASS1.pdf have been SORTED, they are almost ready to be REASSEMBLED
[11:16:25] The file ASS1.pdf has been downloaded and saved
[11:16:40] I am informing the tracker that I am still alive.
[11:16:44] You are now DOWNLOADING the file CHAP5.pdf
[11:16:44] You are going to download the file CHAP5.pdf from [1]
[11:16:44] The size of the file CHAP5.pdf is 6389067 bytes
[11:16:44] I sent request for a chunk of file CHAP5.pdf to peer 1
[11:16:46] All chunks of file CHAP5.pdf have been downloaded, but they must be REASSEMBLED
[11:16:46] All chunks of file CHAP5.pdf have been SORTED, they are almost ready to be REASSEMBLED
[11:16:46] The file CHAP5.pdf has been downloaded and saved
[11:17:05] I am informing the tracker that I am still alive.
[11:17:30] I am informing the tracker that I am still alive.
[11:17:55] I am informing the tracker that I am still alive.
[11:18:20] I am informing the tracker that I am still alive.
[11:18:45] I am informing the tracker that I am still alive.
[11:19:10] I am informing the tracker that I am still alive.
[11:19:35] I am informing the tracker that I am still alive.
[11:20:00] I am informing the tracker that I am still alive.
[11:20:25] I am informing the tracker that I am still alive.
[11:20:50] I am informing the tracker that I am still alive.
[11:21:15] I am informing the tracker that I am still alive.
